date; time; TempVasca1; TempVasca2; TempVasca3; TempVasca4; TempFrigo; TAVasca1; TAVasca2; TAVasca3; TAVasca4; PressioneV1; PressioneV2; PressioneV3; PressioneV4; Compressore1; Compressore2; EV0; EV1; EV2; EV3; EV4
2016/04/29; 13:01:28; 18.1; 18.3; 18.3; 18.9; 16.7; 1; 1; 1; 1; 0.00; 0.00; 0.00; 0.00; 0; 0; 0; 0; 0; 0; 0
2016/04/29; 13:01:38; 18.1; 18.3; 18.3; 18.9; 16.7; 1; 1; 2; 2; 0.00; 0.00; 0.00; 0.00; 0; 0; 0; 0; 0; 0; 0
2016/04/29; 13:01:48; 18.1; 18.3; 18.3; 18.9; 16.8; 2; 2; 2; 2; 0.01; 0.02; 0.00; 0.00; 0; 0; 0; 0; 0; 0; 0
2016/04/29; 13:01:58; 18.1; 18.3; 18.3; 18.9; 16.8; 1; 2; 2; 1; 0.01; 0.01; 0.01; 0.00; 0; 0; 0; 0; 0; 0; 0
2016/04/29; 13:02:08; 18.1; 18.3; 18.3; 18.9; 16.7; 64; 65; 2; 2; 0.01; 0.01; 0.01; 0.00; 0; 0; 0; 0; 0; 0; 0
2016/04/29; 13:02:19; 18.1; 18.3; 18.3; 18.9; 16.7; 1; 1; 60; 57; 0.01; 0.01; 0.01; 0.00; 0; 0; 0; 0; 0; 0; 0
2016/04/29; 13:02:29; 18.1; 18.3; 18.3; 18.9; 16.7; 1; 2; 62; 56; 0.01; 0.01; 0.01; 0.00; 0; 0; 0; 0; 0; 0; 0
2016/04/29; 13:02:39; 18.1; 18.3; 18.3; 18.9; 16.7; 1; 2; 1; 2; 0.01; 0.01; 0.01; 0.00; 0; 0; 0; 0; 0; 0; 0
2016/04/29; 13:02:49; 18.1; 18.3; 18.3; 18.9; 16.8; 1; 2; 1; 2; 0.01; 0.01; 0.00; 0.00; 0; 0; 0; 0; 0; 0; 0
2016/04/29; 13:02:59; 18.2; 18.4; 18.3; 18.9; 16.8; 1; 2; 2; 2; 0.01; 0.01; 0.00; 0.02; 0; 0; 0; 0; 0; 0; 0
2016/04/29; 13:03:09; 18.2; 18.4; 18.3; 18.9; 16.7; 63; 1; 2; 2; 0.01; 0.01; 0.00; 0.02; 0; 0; 0; 0; 0; 0; 0
2016/04/29; 13:03:20; 18.1; 18.3; 18.3; 18.9; 16.7; 62; 2; 62; 58; 0.01; 0.01; 0.00; 0.02; 0; 0; 0; 0; 0; 0; 0
2016/04/29; 13:03:30; 18.2; 18.4; 18.4; 19.0; 16.7; 1; 1; 2; 19; 0.01; 0.01; 0.00; 0.01; 0; 0; 0; 0; 0; 0; 0
2016/04/29; 13:03:40; 18.2; 18.4; 18.4; 19.0; 16.7; 2; 1; 2; 6; 0.01; 0.01; 0.00; 0.00; 0; 0; 0; 0; 0; 0; 0
2016/04/29; 13:03:50; 18.2; 18.4; 18.4; 19.0; 16.7; 63; 62; 63; 58; 0.01; 0.01; 0.00; 0.00; 0; 0; 0; 0; 0; 0; 0
2016/04/29; 13:04:00; 18.1; 18.3; 18.4; 19.0; 16.7; 62; 62; 62; 58; 0.01; 0.01; 0.00; 0.00; 0; 0; 0; 0; 0; 0; 0
2016/04/29; 13:04:10; 18.1; 18.3; 18.4; 18.9; 16.7; 61; 62; 63; 58; 0.01; 0.01; 0.00; 0.00; 0; 0; 0; 0; 0; 0; 0
2016/04/29; 13:04:21; 18.1; 18.2; 18.4; 18.9; 16.6; 61; 62; 61; 58; 0.01; 0.01; 0.00; 0.00; 0; 0; 0; 0; 0; 0; 0
2016/04/29; 13:04:31; 18.0; 18.2; 18.4; 18.9; 16.6; 61; 62; 62; 58; 0.01; 0.01; 0.00; 0.00; 0; 0; 0; 0; 0; 0; 0
2016/04/29; 13:04:41; 18.0; 18.0; 18.4; 18.8; 16.6; 61; 63; 62; 57; 0.01; 0.01; 0.00; 0.00; 0; 0; 0; 0; 0; 0; 0
2016/04/29; 13:04:51; 17.9; 17.9; 18.4; 18.7; 16.6; 61; 62; 62; 57; 0.01; 0.01; 0.00; 0.00; 0; 0; 0; 0; 0; 0; 0
2016/04/29; 13:05:01; 17.8; 17.7; 18.3; 18.6; 16.6; 61; 62; 62; 58; 0.01; 0.01; 0.00; 0.00; 0; 0; 0; 0; 0; 0; 0
2016/04/29; 13:05:12; 17.6; 17.5; 18.3; 18.5; 16.5; 61; 61; 62; 58; 0.01; 0.01; 0.00; 0.00; 0; 0; 0; 0; 0; 0; 0
2016/04/29; 13:05:22; 17.5; 17.4; 18.2; 18.3; 16.5; 60; 62; 61; 58; 0.01; 0.01; 0.00; 0.00; 0; 0; 0; 0; 0; 0; 0
2016/04/29; 13:05:32; 17.4; 17.1; 18.1; 18.2; 16.5; 61; 62; 61; 57; 0.01; 0.01; 0.00; 0.00; 0; 0; 0; 0; 0; 0; 0
2016/04/29; 13:05:42; 17.2; 16.8; 18.0; 18.0; 16.4; 61; 62; 62; 58; 0.01; 0.01; 0.00; 0.00; 0; 0; 0; 0; 0; 0; 0
2016/04/29; 13:05:52; 17.0; 16.6; 17.9; 17.9; 16.4; 60; 62; 62; 59; 0.01; 0.01; 0.00; 0.00; 0; 0; 0; 0; 0; 0; 0
2016/04/29; 13:06:02; 16.8; 16.3; 17.8; 17.7; 16.4; 61; 62; 61; 58; 0.01; 0.01; 0.00; 0.00; 0; 0; 0; 0; 0; 0; 0
2016/04/29; 13:06:13; 16.6; 16.0; 17.7; 17.5; 16.3; 60; 62; 61; 58; 0.01; 0.01; 0.00; 0.00; 0; 0; 0; 0; 0; 0; 0
2016/04/29; 13:06:23; 16.4; 15.8; 17.6; 17.3; 16.3; 60; 61; 61; 57; 0.01; 0.01; 0.00; 0.00; 0; 0; 0; 0; 0; 0; 0
2016/04/29; 13:06:33; 16.2; 15.5; 17.5; 17.0; 16.3; 60; 61; 62; 57; 0.01; 0.01; 0.00; 0.00; 0; 0; 0; 0; 0; 0; 0
2016/04/29; 13:06:43; 16.0; 15.2; 17.3; 16.8; 16.2; 59; 61; 62; 57; 0.01; 0.01; 0.00; 0.00; 0; 0; 0; 0; 0; 0; 0
2016/04/29; 13:06:53; 15.8; 15.0; 17.1; 16.6; 16.2; 59; 61; 61; 57; 0.01; 0.01; 0.00; 0.00; 0; 0; 0; 0; 0; 0; 0
2016/04/29; 13:07:03; 15.6; 14.8; 17.0; 16.4; 16.2; 60; 61; 61; 57; 0.01; 0.01; 0.00; 0.00; 0; 0; 0; 0; 0; 0; 0
2016/04/29; 13:07:14; 15.3; 14.4; 16.8; 16.2; 16.2; 59; 61; 61; 58; 0.01; 0.01; 0.00; 0.00; 0; 0; 0; 0; 0; 0; 0
2016/04/29; 13:07:24; 15.1; 14.2; 16.6; 15.9; 16.1; 60; 61; 60; 57; 0.01; 0.01; 0.00; 0.00; 0; 0; 0; 0; 0; 0; 0
2016/04/29; 13:07:34; 14.9; 13.9; 16.5; 15.7; 16.1; 61; 61; 61; 56; 0.01; 0.01; 0.00; 0.00; 0; 0; 0; 0; 0; 0; 0
2016/04/29; 13:07:44; 14.6; 13.6; 16.3; 15.5; 16.1; 60; 60; 61; 56; 0.01; 0.01; 0.00; 0.00; 0; 0; 0; 0; 0; 0; 0
2016/04/29; 13:07:54; 14.4; 13.3; 16.1; 15.2; 16.1; 60; 61; 60; 57; 0.01; 0.01; 0.00; 0.00; 0; 0; 0; 0; 0; 0; 0
2016/04/29; 13:08:05; 14.1; 13.0; 15.9; 15.0; 16.1; 60; 61; 61; 57; 0.01; 0.01; 0.00; 0.00; 0; 0; 0; 0; 0; 0; 0
2016/04/29; 13:08:15; 13.9; 12.8; 15.7; 14.8; 16.0; 60; 61; 61; 56; 0.01; 0.01; 0.00; 0.00; 0; 0; 0; 0; 0; 0; 0
2016/04/29; 13:08:25; 13.7; 12.5; 15.5; 14.5; 16.0; 60; 61; 61; 57; 0.01; 0.01; 0.00; 0.00; 0; 0; 0; 0; 0; 0; 0
2016/04/29; 13:08:35; 13.4; 12.2; 15.3; 14.3; 16.0; 61; 60; 61; 57; 0.01; 0.01; 0.00; 0.00; 0; 0; 0; 0; 0; 0; 0
2016/04/29; 13:08:45; 13.2; 11.9; 15.1; 14.1; 15.9; 60; 61; 61; 57; 0.01; 0.01; 0.00; 0.00; 0; 0; 0; 0; 0; 0; 0
2016/04/29; 13:08:56; 12.9; 11.7; 14.9; 13.8; 16.0; 60; 60; 61; 57; 0.01; 0.01; 0.00; 0.00; 0; 0; 0; 0; 0; 0; 0
2016/04/29; 13:09:06; 12.7; 11.4; 14.7; 13.6; 15.9; 60; 61; 61; 57; 0.01; 0.01; 0.00; 0.00; 0; 0; 0; 0; 0; 0; 0
2016/04/29; 13:09:16; 12.4; 11.1; 14.5; 13.4; 15.9; 60; 61; 60; 57; 0.01; 0.01; 0.00; 0.00; 0; 0; 0; 0; 0; 0; 0
2016/04/29; 13:09:26; 12.2; 10.8; 14.3; 13.1; 15.9; 60; 61; 61; 57; 0.01; 0.01; 0.00; 0.00; 0; 0; 0; 0; 0; 0; 0
2016/04/29; 13:09:36; 11.9; 10.5; 14.1; 12.9; 15.9; 60; 60; 61; 57; 0.01; 0.01; 0.00; 0.00; 0; 0; 0; 0; 0; 0; 0
2016/04/29; 13:09:46; 11.7; 10.3; 13.9; 12.6; 15.8; 60; 60; 61; 57; 0.01; 0.01; 0.00; 0.00; 0; 0; 0; 0; 0; 0; 0
2016/04/29; 13:09:57; 11.4; 10.0; 13.7; 12.4; 15.8; 60; 60; 61; 56; 0.01; 0.01; 0.00; 0.00; 0; 0; 0; 0; 0; 0; 0
2016/04/29; 13:10:07; 11.2; 9.8; 13.5; 12.2; 15.8; 60; 61; 60; 56; 0.01; 0.01; 0.00; 0.00; 0; 0; 0; 0; 0; 0; 0
2016/04/29; 13:10:17; 11.0; 9.5; 13.3; 12.0; 15.8; 60; 61; 61; 57; 0.01; 0.01; 0.00; 0.00; 0; 0; 0; 0; 0; 0; 0
2016/04/29; 13:10:27; 10.7; 9.3; 13.1; 11.7; 15.7; 61; 60; 61; 56; 0.01; 0.01; 0.00; 0.00; 0; 0; 0; 0; 0; 0; 0
2016/04/29; 13:10:37; 10.5; 9.0; 12.9; 11.5; 15.7; 60; 60; 61; 57; 0.01; 0.01; 0.00; 0.00; 0; 0; 0; 0; 0; 0; 0
2016/04/29; 13:10:47; 10.2; 8.8; 12.7; 11.3; 15.7; 59; 60; 61; 57; 0.01; 0.01; 0.00; 0.00; 0; 0; 0; 0; 0; 0; 0
2016/04/29; 13:10:58; 10.0; 8.5; 12.5; 11.1; 15.7; 59; 60; 61; 56; 0.01; 0.01; 0.00; 0.00; 0; 0; 0; 0; 0; 0; 0
2016/04/29; 13:11:08; 9.8; 8.3; 12.3; 10.9; 15.6; 59; 61; 60; 57; 0.01; 0.01; 0.00; 0.00; 0; 0; 0; 0; 0; 0; 0
2016/04/29; 13:11:18; 9.5; 8.1; 12.1; 10.7; 15.7; 58; 61; 60; 57; 0.01; 0.01; 0.00; 0.00; 0; 0; 0; 0; 0; 0; 0
2016/04/29; 13:11:28; 9.3; 7.9; 12.0; 10.4; 15.6; 59; 60; 60; 56; 0.01; 0.01; 0.00; 0.00; 0; 0; 0; 0; 0; 0; 0
2016/04/29; 13:11:38; 9.1; 7.6; 11.8; 10.2; 15.6; 59; 60; 60; 57; 0.01; 0.01; 0.00; 0.00; 0; 0; 0; 0; 0; 0; 0
2016/04/29; 13:11:49; 8.9; 7.4; 11.6; 10.0; 15.6; 59; 61; 60; 56; 0.01; 0.01; 0.00; 0.00; 0; 0; 0; 0; 0; 0; 0
2016/04/29; 13:11:59; 8.6; 7.2; 11.4; 9.8; 15.6; 60; 60; 60; 57; 0.01; 0.01; 0.00; 0.00; 0; 0; 0; 0; 0; 0; 0
2016/04/29; 13:12:09; 8.4; 7.0; 11.2; 9.6; 15.6; 59; 60; 61; 57; 0.01; 0.01; 0.00; 0.00; 0; 0; 0; 0; 0; 0; 0
2016/04/29; 13:12:19; 8.2; 6.8; 11.0; 9.5; 15.5; 59; 60; 61; 57; 0.01; 0.01; 0.00; 0.00; 0; 0; 0; 0; 0; 0; 0
2016/04/29; 13:12:29; 8.0; 6.6; 10.9; 9.3; 15.5; 59; 60; 60; 57; 0.01; 0.01; 0.00; 0.00; 0; 0; 0; 0; 0; 0; 0
2016/04/29; 13:12:40; 7.8; 6.3; 10.7; 9.1; 15.5; 60; 60; 60; 56; 0.01; 0.01; 0.00; 0.00; 0; 0; 0; 0; 0; 0; 0
2016/04/29; 13:12:50; 7.6; 6.2; 10.5; 8.9; 15.5; 59; 60; 61; 57; 0.01; 0.01; 0.00; 0.00; 0; 0; 0; 0; 0; 0; 0
2016/04/29; 13:13:00; 7.4; 6.0; 10.4; 8.7; 15.5; 59; 61; 61; 57; 0.01; 0.01; 0.00; 0.00; 0; 0; 0; 0; 0; 0; 0
2016/04/29; 13:13:10; 7.2; 5.8; 10.2; 8.5; 15.5; 60; 61; 60; 57; 0.01; 0.01; 0.00; 0.00; 0; 0; 0; 0; 0; 0; 0
2016/04/29; 13:13:20; 7.0; 5.6; 10.0; 8.4; 15.4; 60; 61; 60; 56; 0.01; 0.01; 0.00; 0.00; 0; 0; 0; 0; 0; 0; 0
2016/04/29; 13:13:31; 6.8; 5.4; 9.9; 8.2; 15.4; 60; 60; 60; 58; 0.01; 0.01; 0.00; 0.00; 0; 0; 0; 0; 0; 0; 0
2016/04/29; 13:13:41; 6.7; 5.2; 9.7; 8.0; 15.4; 60; 60; 60; 56; 0.01; 0.01; 0.00; 0.00; 0; 0; 0; 0; 0; 0; 0
2016/04/29; 13:13:51; 6.5; 5.0; 9.6; 7.9; 15.4; 59; 60; 60; 57; 0.01; 0.01; 0.00; 0.00; 0; 0; 0; 0; 0; 0; 0
2016/04/29; 13:14:01; 6.3; 4.9; 9.4; 7.7; 15.4; 59; 61; 60; 57; 0.01; 0.01; 0.00; 0.00; 0; 0; 0; 0; 0; 0; 0
2016/04/29; 13:14:11; 6.1; 4.7; 9.3; 7.6; 15.4; 59; 60; 60; 58; 0.01; 0.01; 0.00; 0.00; 0; 0; 0; 0; 0; 0; 0
2016/04/29; 13:14:21; 5.9; 4.6; 9.1; 7.4; 15.4; 59; 59; 60; 56; 0.01; 0.01; 0.00; 0.00; 0; 0; 0; 0; 0; 0; 0
2016/04/29; 13:14:32; 5.8; 4.4; 9.0; 7.2; 15.4; 58; 59; 60; 56; 0.01; 0.01; 0.00; 0.00; 0; 0; 0; 0; 0; 0; 0
2016/04/29; 13:14:42; 5.6; 4.2; 8.8; 7.1; 15.4; 58; 59; 59; 55; 0.01; 0.01; 0.00; 0.00; 0; 0; 0; 0; 0; 0; 0
2016/04/29; 13:14:52; 5.4; 4.1; 8.7; 6.9; 15.4; 58; 59; 60; 55; 0.01; 0.01; 0.00; 0.00; 0; 0; 0; 0; 0; 0; 0
2016/04/29; 13:15:02; 5.3; 3.9; 8.6; 6.8; 15.4; 59; 59; 59; 55; 0.01; 0.01; 0.00; 0.00; 0; 0; 0; 0; 0; 0; 0
2016/04/29; 13:15:12; 5.1; 3.7; 8.4; 6.7; 15.4; 59; 58; 60; 55; 0.01; 0.01; 0.00; 0.00; 0; 0; 0; 0; 0; 0; 0
2016/04/29; 13:15:23; 4.9; 3.6; 8.3; 6.5; 15.4; 60; 59; 60; 55; 0.01; 0.01; 0.00; 0.00; 0; 0; 0; 0; 0; 0; 0
2016/04/29; 13:15:33; 4.7; 3.4; 8.2; 6.4; 15.4; 59; 59; 59; 55; 0.01; 0.01; 0.00; 0.00; 0; 0; 0; 0; 0; 0; 0
2016/04/29; 13:15:43; 4.6; 3.3; 8.0; 6.2; 15.4; 59; 60; 60; 56; 0.01; 0.01; 0.00; 0.00; 0; 0; 0; 0; 0; 0; 0
2016/04/29; 13:15:53; 4.4; 3.1; 7.9; 6.1; 15.4; 58; 59; 60; 56; 0.01; 0.01; 0.00; 0.00; 0; 0; 0; 0; 0; 0; 0
2016/04/29; 13:16:03; 4.3; 3.0; 7.8; 5.9; 15.4; 59; 59; 60; 56; 0.01; 0.01; 0.00; 0.00; 0; 0; 0; 0; 0; 0; 0
2016/04/29; 13:16:14; 4.2; 2.8; 7.7; 5.8; 15.4; 59; 59; 61; 56; 0.01; 0.01; 0.00; 0.00; 0; 0; 0; 0; 0; 0; 0
2016/04/29; 13:16:24; 4.0; 2.7; 7.5; 5.7; 15.4; 59; 59; 61; 56; 0.01; 0.01; 0.00; 0.00; 0; 0; 0; 0; 0; 0; 0
2016/04/29; 13:16:34; 3.9; 2.6; 7.4; 5.5; 15.4; 59; 59; 60; 56; 0.01; 0.01; 0.00; 0.00; 0; 0; 0; 0; 0; 0; 0
2016/04/29; 13:16:44; 3.7; 2.4; 7.3; 5.4; 15.4; 59; 59; 60; 55; 0.01; 0.01; 0.00; 0.00; 0; 0; 0; 0; 0; 0; 0
2016/04/29; 13:16:54; 3.6; 2.3; 7.2; 5.3; 15.4; 58; 59; 60; 56; 0.01; 0.01; 0.00; 0.00; 0; 0; 0; 0; 0; 0; 0
2016/04/29; 13:17:05; 3.4; 2.2; 7.1; 5.2; 15.4; 58; 60; 61; 57; 0.01; 0.01; 0.00; 0.00; 0; 0; 0; 0; 0; 0; 0
2016/04/29; 13:17:15; 3.3; 2.0; 6.9; 5.0; 15.4; 59; 60; 60; 56; 0.01; 0.01; 0.00; 0.00; 0; 0; 0; 0; 0; 0; 0
2016/04/29; 13:17:25; 3.1; 1.9; 6.8; 4.9; 15.4; 59; 59; 60; 56; 0.01; 0.01; 0.00; 0.00; 0; 0; 0; 0; 0; 0; 0
2016/04/29; 13:17:35; 3.0; 1.7; 6.7; 4.8; 15.5; 59; 59; 60; 57; 0.01; 0.01; 0.00; 0.00; 0; 0; 0; 0; 0; 0; 0
2016/04/29; 13:17:45; 2.8; 1.6; 6.6; 4.6; 15.4; 60; 60; 59; 56; 0.01; 0.01; 0.00; 0.00; 0; 0; 0; 0; 0; 0; 0
2016/04/29; 13:17:55; 2.7; 1.5; 6.5; 4.5; 15.4; 60; 59; 59; 56; 0.01; 0.01; 0.00; 0.00; 0; 0; 0; 0; 0; 0; 0
2016/04/29; 13:18:06; 2.5; 1.3; 6.4; 4.4; 15.4; 59; 59; 60; 56; 0.01; 0.01; 0.00; 0.00; 0; 0; 0; 0; 0; 0; 0
2016/04/29; 13:18:16; 2.4; 1.2; 6.3; 4.3; 15.5; 59; 59; 60; 56; 0.01; 0.01; 0.00; 0.00; 0; 0; 0; 0; 0; 0; 0
2016/04/29; 13:18:26; 2.3; 1.1; 6.2; 4.2; 15.5; 59; 59; 60; 56; 0.01; 0.01; 0.00; 0.00; 0; 0; 0; 0; 0; 0; 0
2016/04/29; 13:18:36; 2.2; 1.0; 6.0; 4.1; 15.5; 59; 59; 60; 56; 0.01; 0.01; 0.00; 0.00; 0; 0; 0; 0; 0; 0; 0
2016/04/29; 13:18:46; 2.0; 0.8; 5.9; 3.9; 15.5; 59; 61; 60; 56; 0.01; 0.01; 0.00; 0.00; 0; 0; 0; 0; 0; 0; 0
2016/04/29; 13:18:56; 1.9; 0.7; 5.8; 3.8; 15.6; 60; 60; 60; 56; 0.01; 0.01; 0.00; 0.00; 0; 0; 0; 0; 0; 0; 0
2016/04/29; 13:19:07; 1.8; 0.6; 5.7; 3.7; 15.6; 59; 59; 59; 56; 0.01; 0.01; 0.00; 0.00; 0; 0; 0; 0; 0; 0; 0
2016/04/29; 13:19:17; 1.7; 0.5; 5.6; 3.6; 15.6; 58; 59; 60; 56; 0.01; 0.01; 0.00; 0.00; 0; 0; 0; 0; 0; 0; 0
2016/04/29; 13:19:27; 1.5; 0.4; 5.5; 3.5; 15.6; 58; 59; 60; 56; 0.01; 0.01; 0.00; 0.00; 0; 0; 0; 0; 0; 0; 0
2016/04/29; 13:19:37; 1.4; 0.3; 5.4; 3.4; 15.6; 58; 59; 60; 55; 0.01; 0.01; 0.00; 0.00; 0; 0; 0; 0; 0; 0; 0
2016/04/29; 13:19:47; 1.3; 0.2; 5.4; 3.3; 15.7; 59; 59; 60; 56; 0.01; 0.01; 0.00; 0.00; 0; 0; 0; 0; 0; 0; 0
2016/04/29; 13:19:58; 1.2; 0.1; 5.3; 3.2; 15.7; 58; 59; 60; 56; 0.01; 0.01; 0.00; 0.00; 0; 0; 0; 0; 0; 0; 0
2016/04/29; 13:20:08; 1.1; 0.0; 5.2; 3.1; 15.8; 58; 59; 60; 56; 0.01; 0.01; 0.00; 0.00; 0; 0; 0; 0; 0; 0; 0
2016/04/29; 13:20:18; 1.0; 0.0; 5.1; 3.0; 15.8; 58; 59; 60; 56; 0.01; 0.01; 0.00; 0.00; 0; 0; 0; 0; 0; 0; 0
2016/04/29; 13:20:28; 0.9; -0.1; 5.0; 2.9; 15.8; 58; 59; 60; 56; 0.01; 0.01; 0.00; 0.00; 0; 0; 0; 0; 0; 0; 0
2016/04/29; 13:20:38; 0.8; -0.2; 4.9; 2.8; 15.8; 59; 59; 60; 56; 0.01; 0.01; 0.00; 0.00; 0; 0; 0; 0; 0; 0; 0
2016/04/29; 13:20:49; 0.7; -0.3; 4.8; 2.7; 15.8; 59; 59; 60; 56; 0.01; 0.01; 0.00; 0.00; 0; 0; 0; 0; 0; 0; 0
2016/04/29; 13:20:59; 0.5; -0.4; 4.7; 2.7; 15.9; 59; 59; 61; 57; 0.01; 0.01; 0.00; 0.00; 0; 0; 0; 0; 0; 0; 0
2016/04/29; 13:21:09; 0.5; -0.5; 4.7; 2.6; 15.9; 59; 60; 60; 56; 0.01; 0.01; 0.00; 0.00; 0; 0; 0; 0; 0; 0; 0
2016/04/29; 13:21:19; 0.3; -0.5; 4.6; 2.5; 15.9; 58; 59; 61; 57; 0.01; 0.01; 0.00; 0.00; 0; 0; 0; 0; 0; 0; 0
2016/04/29; 13:21:29; 0.3; -0.6; 4.5; 2.4; 16.0; 58; 59; 60; 57; 0.01; 0.01; 0.00; 0.00; 0; 0; 0; 0; 0; 0; 0
2016/04/29; 13:21:40; 0.2; -0.7; 4.4; 2.3; 16.0; 59; 60; 60; 56; 0.01; 0.01; 0.00; 0.00; 0; 0; 0; 0; 0; 0; 0
2016/04/29; 13:21:50; 0.1; -0.8; 4.4; 2.3; 16.0; 59; 60; 60; 56; 0.01; 0.01; 0.00; 0.00; 0; 0; 0; 0; 0; 0; 0
2016/04/29; 13:22:00; 0.0; -0.9; 4.3; 2.2; 16.1; 59; 59; 59; 55; 0.01; 0.01; 0.00; 0.00; 0; 0; 0; 0; 0; 0; 0
2016/04/29; 13:22:10; 0.0; -1.0; 4.2; 2.1; 16.1; 58; 59; 60; 55; 0.01; 0.01; 0.00; 0.00; 0; 0; 0; 0; 0; 0; 0
2016/04/29; 13:22:20; -0.1; -1.0; 4.2; 2.0; 16.1; 59; 59; 60; 55; 0.01; 0.01; 0.00; 0.00; 0; 0; 0; 0; 0; 0; 0
2016/04/29; 13:22:31; -0.2; -1.1; 4.1; 1.9; 16.2; 58; 59; 59; 55; 0.01; 0.01; 0.00; 0.00; 0; 0; 0; 0; 0; 0; 0
2016/04/29; 13:22:41; -0.3; -1.2; 4.0; 1.9; 16.2; 59; 59; 60; 55; 0.01; 0.01; 0.00; 0.00; 0; 0; 0; 0; 0; 0; 0
2016/04/29; 13:22:51; -0.4; -1.3; 3.9; 1.8; 16.2; 58; 58; 59; 55; 0.01; 0.01; 0.00; 0.00; 0; 0; 0; 0; 0; 0; 0
2016/04/29; 13:23:01; -0.4; -1.3; 3.9; 1.7; 16.3; 58; 59; 59; 56; 0.01; 0.01; 0.00; 0.00; 0; 0; 0; 0; 0; 0; 0
2016/04/29; 13:23:11; -0.5; -1.4; 3.8; 1.7; 16.3; 58; 59; 59; 55; 0.01; 0.01; 0.00; 0.00; 0; 0; 0; 0; 0; 0; 0
2016/04/29; 13:23:22; -0.6; -1.4; 3.8; 1.6; 16.3; 59; 59; 60; 55; 0.01; 0.01; 0.00; 0.00; 0; 0; 0; 0; 0; 0; 0
2016/04/29; 13:23:32; -0.7; -1.5; 3.7; 1.5; 16.3; 59; 59; 60; 55; 0.01; 0.01; 0.00; 0.00; 0; 0; 0; 0; 0; 0; 0
2016/04/29; 13:23:42; -0.8; -1.6; 3.6; 1.5; 16.4; 59; 59; 60; 56; 0.01; 0.01; 0.00; 0.00; 0; 0; 0; 0; 0; 0; 0
2016/04/29; 13:23:52; -0.8; -1.7; 3.6; 1.4; 16.4; 59; 59; 60; 56; 0.01; 0.01; 0.00; 0.00; 0; 0; 0; 0; 0; 0; 0
2016/04/29; 13:24:02; -0.9; -1.6; 3.5; 1.3; 16.5; 58; 59; 60; 56; 0.01; 0.01; 0.00; 0.00; 0; 0; 0; 0; 0; 0; 0
2016/04/29; 13:24:12; -1.0; -1.8; 3.5; 1.3; 16.5; 58; 59; 60; 56; 0.01; 0.01; 0.00; 0.00; 0; 0; 0; 0; 0; 0; 0
2016/04/29; 13:24:23; -1.0; -1.8; 3.4; 1.2; 16.5; 58; 59; 60; 56; 0.01; 0.01; 0.00; 0.00; 0; 0; 0; 0; 0; 0; 0
2016/04/29; 13:24:33; -1.1; -1.9; 3.4; 1.2; 16.5; 59; 60; 61; 56; 0.01; 0.01; 0.00; 0.00; 0; 0; 0; 0; 0; 0; 0
2016/04/29; 13:24:43; -1.2; -2.0; 3.3; 1.1; 16.6; 59; 59; 60; 56; 0.01; 0.01; 0.00; 0.00; 0; 0; 0; 0; 0; 0; 0
2016/04/29; 13:24:53; -1.3; -2.0; 3.3; 1.0; 16.6; 58; 59; 60; 56; 0.01; 0.01; 0.00; 0.00; 0; 0; 0; 0; 0; 0; 0
2016/04/29; 13:25:03; -1.3; -2.1; 3.2; 1.0; 16.6; 58; 60; 60; 55; 0.01; 0.01; 0.00; 0.00; 0; 0; 0; 0; 0; 0; 0
2016/04/29; 13:25:14; -1.4; -2.1; 3.1; 0.9; 16.7; 58; 59; 60; 55; 0.01; 0.01; 0.00; 0.00; 0; 0; 0; 0; 0; 0; 0
2016/04/29; 13:25:24; -1.5; -2.2; 3.1; 0.9; 16.7; 58; 59; 59; 55; 0.01; 0.01; 0.00; 0.00; 0; 0; 0; 0; 0; 0; 0
2016/04/29; 13:25:34; -1.5; -2.2; 3.1; 0.8; 16.7; 58; 58; 59; 55; 0.01; 0.01; 0.00; 0.00; 0; 0; 0; 0; 0; 0; 0
2016/04/29; 13:25:44; -1.6; -2.3; 3.0; 0.7; 16.8; 58; 58; 60; 55; 0.01; 0.01; 0.00; 0.00; 0; 0; 0; 0; 0; 0; 0
2016/04/29; 13:25:54; -1.7; -2.4; 3.0; 0.7; 16.8; 59; 59; 60; 55; 0.01; 0.01; 0.00; 0.00; 0; 0; 0; 0; 0; 0; 0
2016/04/29; 13:26:05; -1.7; -2.4; 2.9; 0.7; 16.9; 59; 59; 60; 56; 0.01; 0.01; 0.00; 0.00; 0; 0; 0; 0; 0; 0; 0
2016/04/29; 13:26:15; -1.8; -2.5; 2.9; 0.6; 16.9; 58; 59; 60; 55; 0.01; 0.01; 0.00; 0.00; 0; 0; 0; 0; 0; 0; 0
2016/04/29; 13:26:25; -1.8; -2.5; 2.8; 0.5; 16.9; 58; 59; 60; 55; 0.01; 0.01; 0.00; 0.00; 0; 0; 0; 0; 0; 0; 0
2016/04/29; 13:26:35; -1.9; -2.5; 2.8; 0.5; 16.9; 58; 58; 59; 56; 0.01; 0.01; 0.00; 0.00; 0; 0; 0; 0; 0; 0; 0
2016/04/29; 13:26:45; -2.0; -2.6; 2.7; 0.4; 17.0; 59; 60; 60; 55; 0.01; 0.01; 0.00; 0.00; 0; 0; 0; 0; 0; 0; 0
2016/04/29; 13:26:56; -2.0; -2.6; 2.7; 0.4; 17.0; 59; 60; 60; 56; 0.01; 0.01; 0.00; 0.00; 0; 0; 0; 0; 0; 0; 0
2016/04/29; 13:27:06; -2.1; -2.7; 2.7; 0.4; 17.1; 59; 59; 60; 56; 0.01; 0.01; 0.00; 0.00; 0; 0; 0; 0; 0; 0; 0
2016/04/29; 13:27:16; -2.1; -2.7; 2.6; 0.3; 17.2; 59; 59; 60; 55; 0.01; 0.01; 0.00; 0.00; 0; 0; 0; 0; 0; 0; 0
2016/04/29; 13:27:26; -2.1; -2.8; 2.6; 0.3; 17.1; 58; 58; 59; 55; 0.01; 0.01; 0.00; 0.00; 0; 0; 0; 0; 0; 0; 0
2016/04/29; 13:27:36; -2.2; -2.8; 2.5; 0.2; 17.2; 58; 59; 59; 54; 0.01; 0.01; 0.00; 0.00; 0; 0; 0; 0; 0; 0; 0
2016/04/29; 13:27:46; -2.3; -2.9; 2.5; 0.2; 17.2; 59; 59; 59; 55; 0.01; 0.01; 0.00; 0.00; 0; 0; 0; 0; 0; 0; 0
2016/04/29; 13:27:57; -2.3; -2.9; 2.5; 0.1; 17.3; 59; 59; 59; 55; 0.01; 0.01; 0.00; 0.00; 0; 0; 0; 0; 0; 0; 0
2016/04/29; 13:28:07; -2.4; -2.9; 2.4; 0.1; 17.3; 58; 59; 59; 55; 0.01; 0.01; 0.00; 0.00; 0; 0; 0; 0; 0; 0; 0
2016/04/29; 13:28:17; -2.4; -3.0; 2.4; 0.0; 17.4; 59; 59; 60; 55; 0.01; 0.01; 0.00; 0.00; 0; 0; 0; 0; 0; 0; 0
2016/04/29; 13:28:27; -2.5; -3.0; 2.4; 0.0; 17.4; 59; 59; 58; 56; 0.01; 0.01; 0.00; 0.00; 0; 0; 0; 0; 0; 0; 0
2016/04/29; 13:28:37; -2.5; -3.1; 2.3; 0.0; 17.4; 58; 58; 59; 56; 0.01; 0.01; 0.00; 0.00; 0; 0; 0; 0; 0; 0; 0
2016/04/29; 13:28:48; -2.6; -3.1; 2.3; 0.0; 17.5; 58; 58; 59; 55; 0.01; 0.01; 0.00; 0.00; 0; 0; 0; 0; 0; 0; 0
2016/04/29; 13:28:58; -2.6; -3.1; 2.3; 0.0; 17.5; 59; 58; 58; 54; 0.01; 0.01; 0.00; 0.00; 0; 0; 0; 0; 0; 0; 0
2016/04/29; 13:29:08; -2.7; -3.2; 2.2; -0.1; 17.5; 58; 59; 59; 55; 0.01; 0.01; 0.00; 0.00; 0; 0; 0; 0; 0; 0; 0
2016/04/29; 13:29:18; -2.7; -3.2; 2.2; -0.1; 17.6; 58; 59; 59; 55; 0.01; 0.01; 0.00; 0.00; 0; 0; 0; 0; 0; 0; 0
2016/04/29; 13:29:28; -2.8; -3.2; 2.2; -0.1; 17.6; 59; 59; 60; 55; 0.01; 0.01; 0.00; 0.00; 0; 0; 0; 0; 0; 0; 0
2016/04/29; 13:29:38; -2.8; -3.3; 2.1; -0.2; 17.7; 59; 59; 59; 55; 0.01; 0.01; 0.00; 0.00; 0; 0; 0; 0; 0; 0; 0
2016/04/29; 13:29:49; -2.9; -3.3; 2.1; -0.2; 17.7; 58; 58; 59; 55; 0.01; 0.01; 0.00; 0.00; 0; 0; 0; 0; 0; 0; 0
2016/04/29; 13:29:59; -2.9; -3.3; 2.1; -0.3; 17.8; 59; 59; 59; 55; 0.01; 0.01; 0.00; 0.00; 0; 0; 0; 0; 0; 0; 0
2016/04/29; 13:30:09; -2.9; -3.4; 2.0; -0.3; 17.8; 59; 59; 59; 55; 0.01; 0.01; 0.00; 0.00; 0; 0; 0; 0; 0; 0; 0
2016/04/29; 13:30:19; -3.0; -3.4; 2.0; -0.3; 17.8; 59; 59; 59; 56; 0.01; 0.01; 0.00; 0.00; 0; 0; 0; 0; 0; 0; 0
2016/04/29; 13:30:29; -3.0; -3.4; 2.0; -0.4; 17.8; 58; 59; 59; 55; 0.01; 0.01; 0.00; 0.00; 0; 0; 0; 0; 0; 0; 0
2016/04/29; 13:30:39; -3.1; -3.5; 2.0; -0.4; 17.9; 58; 59; 59; 55; 0.01; 0.01; 0.00; 0.00; 0; 0; 0; 0; 0; 0; 0
2016/04/29; 13:30:50; -3.1; -3.5; 2.0; -0.4; 17.9; 58; 59; 59; 55; 0.01; 0.01; 0.00; 0.00; 0; 0; 0; 0; 0; 0; 0
2016/04/29; 13:31:00; -3.2; -3.5; 1.9; -0.5; 18.0; 58; 59; 59; 56; 0.01; 0.01; 0.00; 0.00; 0; 0; 0; 0; 0; 0; 0
2016/04/29; 13:31:10; -3.2; -3.6; 1.9; -0.5; 18.0; 58; 59; 59; 56; 0.01; 0.01; 0.00; 0.00; 0; 0; 0; 0; 0; 0; 0
2016/04/29; 13:31:20; -3.2; -3.6; 1.9; -0.5; 18.1; 59; 59; 60; 56; 0.01; 0.01; 0.00; 0.00; 0; 0; 0; 0; 0; 0; 0
2016/04/29; 13:31:30; -3.3; -3.6; 1.8; -0.6; 18.1; 58; 59; 59; 55; 0.01; 0.01; 0.00; 0.00; 0; 0; 0; 0; 0; 0; 0
2016/04/29; 13:31:40; -3.3; -3.7; 1.8; -0.6; 18.1; 58; 59; 59; 55; 0.01; 0.01; 0.00; 0.00; 0; 0; 0; 0; 0; 0; 0
2016/04/29; 13:31:51; -3.4; -3.7; 1.8; -0.6; 18.1; 58; 59; 59; 55; 0.01; 0.01; 0.00; 0.00; 0; 0; 0; 0; 0; 0; 0
2016/04/29; 13:32:01; -3.4; -3.7; 1.8; -0.6; 18.2; 58; 59; 59; 55; 0.01; 0.01; 0.00; 0.00; 0; 0; 0; 0; 0; 0; 0
2016/04/29; 13:32:11; -3.3; -3.7; 1.8; -0.7; 18.2; 58; 58; 60; 55; 0.01; 0.01; 0.00; 0.00; 0; 0; 0; 0; 0; 0; 0
2016/04/29; 13:32:21; -3.5; -3.8; 1.7; -0.7; 18.3; 59; 59; 60; 55; 0.01; 0.01; 0.00; 0.00; 0; 0; 0; 0; 0; 0; 0
2016/04/29; 13:32:31; -3.5; -3.8; 1.7; -0.7; 18.3; 58; 59; 59; 55; 0.01; 0.01; 0.00; 0.00; 0; 0; 0; 0; 0; 0; 0
2016/04/29; 13:32:42; -3.5; -3.8; 1.7; -0.8; 18.3; 59; 59; 60; 55; 0.01; 0.01; 0.00; 0.00; 0; 0; 0; 0; 0; 0; 0
2016/04/29; 13:32:52; -3.6; -3.8; 1.7; -0.8; 18.4; 58; 58; 59; 55; 0.01; 0.01; 0.00; 0.00; 0; 0; 0; 0; 0; 0; 0
2016/04/29; 13:33:02; -3.6; -3.9; 1.7; -0.8; 18.4; 58; 59; 59; 55; 0.01; 0.01; 0.00; 0.00; 0; 0; 0; 0; 0; 0; 0
2016/04/29; 13:33:12; -3.6; -3.9; 1.6; -0.8; 18.4; 58; 59; 60; 55; 0.01; 0.01; 0.00; 0.00; 0; 0; 0; 0; 0; 0; 0
2016/04/29; 13:33:22; -3.7; -3.9; 1.6; -0.9; 18.5; 58; 58; 59; 55; 0.01; 0.01; 0.00; 0.00; 0; 0; 0; 0; 0; 0; 0
2016/04/29; 13:33:33; -3.7; -3.9; 1.6; -0.9; 18.5; 58; 58; 59; 55; 0.01; 0.01; 0.00; 0.00; 0; 0; 0; 0; 0; 0; 0
2016/04/29; 13:33:43; -3.7; -4.0; 1.6; -0.9; 18.5; 58; 58; 59; 55; 0.01; 0.01; 0.00; 0.00; 0; 0; 0; 0; 0; 0; 0
2016/04/29; 13:33:53; -3.7; -4.0; 1.5; -1.0; 18.6; 57; 58; 59; 55; 0.01; 0.01; 0.00; 0.00; 0; 0; 0; 0; 0; 0; 0
2016/04/29; 13:34:03; -3.8; -4.0; 1.5; -1.0; 18.6; 58; 58; 59; 55; 0.01; 0.01; 0.00; 0.00; 0; 0; 0; 0; 0; 0; 0
2016/04/29; 13:34:13; -3.8; -4.0; 1.5; -1.0; 18.6; 58; 59; 60; 55; 0.01; 0.01; 0.00; 0.00; 0; 0; 0; 0; 0; 0; 0
2016/04/29; 13:34:24; -3.8; -4.1; 1.5; -1.0; 18.7; 59; 59; 60; 56; 0.01; 0.01; 0.00; 0.00; 0; 0; 0; 0; 0; 0; 0
2016/04/29; 13:34:34; -3.9; -4.1; 1.5; -1.1; 18.7; 59; 59; 59; 55; 0.01; 0.01; 0.00; 0.00; 0; 0; 0; 0; 0; 0; 0
2016/04/29; 13:34:44; -3.9; -4.1; 1.5; -1.1; 18.7; 59; 58; 59; 56; 0.01; 0.01; 0.00; 0.00; 0; 0; 0; 0; 0; 0; 0
2016/04/29; 13:34:54; -3.9; -4.1; 1.4; -1.1; 18.7; 58; 59; 59; 55; 0.01; 0.01; 0.00; 0.00; 0; 0; 0; 0; 0; 0; 0
2016/04/29; 13:35:04; -4.0; -4.2; 1.4; -1.1; 18.7; 58; 58; 59; 55; 0.01; 0.01; 0.00; 0.00; 0; 0; 0; 0; 0; 0; 0
2016/04/29; 13:35:14; -4.0; -4.2; 1.4; -1.2; 18.8; 58; 59; 59; 55; 0.01; 0.01; 0.00; 0.00; 0; 0; 0; 0; 0; 0; 0
2016/04/29; 13:35:25; -4.0; -4.2; 1.4; -1.2; 18.8; 58; 59; 59; 55; 0.01; 0.01; 0.00; 0.00; 0; 0; 0; 0; 0; 0; 0
2016/04/29; 13:35:35; -4.0; -4.2; 1.4; -1.2; 18.8; 58; 58; 59; 56; 0.01; 0.01; 0.00; 0.00; 0; 0; 0; 0; 0; 0; 0
2016/04/29; 13:35:45; -4.1; -4.2; 1.4; -1.2; 18.9; 58; 58; 59; 55; 0.01; 0.01; 0.00; 0.00; 0; 0; 0; 0; 0; 0; 0
2016/04/29; 13:35:55; -4.1; -4.2; 1.4; -1.2; 19.0; 59; 57; 59; 56; 0.01; 0.01; 0.00; 0.00; 0; 0; 0; 0; 0; 0; 0
2016/04/29; 13:36:05; -4.1; -4.2; 1.3; -1.3; 19.1; 58; 57; 60; 55; 0.01; 0.01; 0.00; 0.00; 0; 0; 0; 0; 0; 0; 0
2016/04/29; 13:36:16; -4.1; -4.3; 1.3; -1.3; 19.1; 58; 57; 59; 54; 0.01; 0.01; 0.00; 0.00; 0; 0; 0; 0; 0; 0; 0
2016/04/29; 13:36:26; -4.2; -4.3; 1.3; -1.3; 19.1; 59; 57; 59; 55; 0.01; 0.01; 0.00; 0.00; 0; 0; 0; 0; 0; 0; 0
2016/04/29; 13:36:36; -4.2; -4.3; 1.3; -1.3; 19.1; 58; 57; 59; 55; 0.01; 0.01; 0.00; 0.00; 0; 0; 0; 0; 0; 0; 0
2016/04/29; 13:36:46; -4.2; -4.3; 1.3; -1.3; 19.2; 58; 57; 59; 55; 0.01; 0.01; 0.00; 0.00; 0; 0; 0; 0; 0; 0; 0
2016/04/29; 13:36:56; -4.2; -4.3; 1.3; -1.3; 19.1; 59; 56; 59; 55; 0.01; 0.01; 0.00; 0.00; 0; 0; 0; 0; 0; 0; 0
2016/04/29; 13:37:07; -4.2; -4.3; 1.3; -1.3; 19.1; 58; 57; 60; 55; 0.01; 0.01; 0.00; 0.00; 0; 0; 0; 0; 0; 0; 0
2016/04/29; 13:37:17; -4.2; -4.3; 1.3; -1.3; 19.1; 57; 57; 59; 55; 0.01; 0.01; 0.00; 0.00; 0; 0; 0; 0; 0; 0; 0
2016/04/29; 13:37:27; -4.2; -4.3; 1.3; -1.4; 19.1; 58; 57; 60; 57; 0.01; 0.01; 0.00; 0.00; 0; 0; 0; 0; 0; 0; 0
2016/04/29; 13:37:37; -4.2; -4.3; 1.3; -1.4; 19.1; 58; 56; 60; 55; 0.01; 0.01; 0.00; 0.00; 0; 0; 0; 0; 0; 0; 0
2016/04/29; 13:37:47; -4.2; -4.3; 1.3; -1.4; 19.0; 58; 56; 60; 55; 0.01; 0.01; 0.00; 0.00; 0; 0; 0; 0; 0; 0; 0
2016/04/29; 13:37:57; -4.3; -4.3; 1.3; -1.4; 19.0; 58; 57; 59; 55; 0.01; 0.01; 0.00; 0.00; 0; 0; 0; 0; 0; 0; 0
2016/04/29; 13:38:08; -4.3; -4.3; 1.3; -1.4; 19.0; 58; 56; 59; 55; 0.01; 0.01; 0.00; 0.00; 0; 0; 0; 0; 0; 0; 0
2016/04/29; 13:38:18; -4.3; -4.3; 1.2; -1.4; 19.0; 59; 56; 59; 55; 0.01; 0.01; 0.00; 0.00; 0; 0; 0; 0; 0; 0; 0
2016/04/29; 13:38:28; -4.3; -4.3; 1.3; -1.4; 19.0; 59; 57; 59; 55; 0.01; 0.01; 0.00; 0.00; 0; 0; 0; 0; 0; 0; 0
2016/04/29; 13:38:38; -4.3; -4.3; 1.2; -1.4; 18.9; 58; 57; 60; 56; 0.01; 0.01; 0.00; 0.00; 0; 0; 0; 0; 0; 0; 0
2016/04/29; 13:38:48; -4.3; -4.3; 1.3; -1.4; 18.9; 58; 57; 60; 55; 0.01; 0.01; 0.00; 0.00; 0; 0; 0; 0; 0; 0; 0
2016/04/29; 13:38:58; -4.3; -4.3; 1.2; -1.4; 18.9; 58; 55; 59; 54; 0.01; 0.01; 0.00; 0.00; 0; 0; 0; 0; 0; 0; 0
2016/04/29; 13:39:09; -4.3; -4.3; 1.3; -1.5; 18.9; 59; 56; 59; 55; 0.01; 0.01; 0.00; 0.00; 0; 0; 0; 0; 0; 0; 0
2016/04/29; 13:39:19; -4.4; -4.3; 1.2; -1.5; 18.9; 58; 56; 59; 55; 0.01; 0.01; 0.00; 0.00; 0; 0; 0; 0; 0; 0; 0
2016/04/29; 13:39:29; -4.4; -4.3; 1.2; -1.5; 18.8; 57; 56; 59; 55; 0.01; 0.01; 0.00; 0.00; 0; 0; 0; 0; 0; 0; 0
2016/04/29; 13:39:39; -4.4; -4.4; 1.2; -1.5; 18.8; 58; 57; 59; 55; 0.01; 0.01; 0.00; 0.00; 0; 0; 0; 0; 0; 0; 0
2016/04/29; 13:39:49; -4.4; -4.4; 1.2; -1.5; 18.8; 58; 57; 59; 55; 0.01; 0.01; 0.00; 0.00; 0; 0; 0; 0; 0; 0; 0
2016/04/29; 13:39:59; -4.5; -4.4; 1.2; -1.5; 18.8; 58; 57; 59; 55; 0.01; 0.01; 0.00; 0.00; 0; 0; 0; 0; 0; 0; 0
2016/04/29; 13:40:10; -4.5; -4.4; 1.2; -1.6; 18.8; 58; 57; 59; 55; 0.01; 0.01; 0.00; 0.00; 0; 0; 0; 0; 0; 0; 0
2016/04/29; 13:40:20; -4.5; -4.4; 1.2; -1.6; 18.8; 58; 57; 59; 56; 0.01; 0.01; 0.00; 0.00; 0; 0; 0; 0; 0; 0; 0
2016/04/29; 13:40:30; -4.5; -4.5; 1.2; -1.6; 18.8; 59; 57; 60; 55; 0.01; 0.01; 0.00; 0.00; 0; 0; 0; 0; 0; 0; 0
2016/04/29; 13:40:40; -4.5; -4.5; 1.1; -1.6; 18.8; 58; 57; 59; 55; 0.01; 0.01; 0.00; 0.00; 0; 0; 0; 0; 0; 0; 0
2016/04/29; 13:40:50; -4.6; -4.5; 1.1; -1.7; 18.8; 57; 57; 60; 55; 0.01; 0.01; 0.00; 0.00; 0; 0; 0; 0; 0; 0; 0
2016/04/29; 13:41:01; -4.6; -4.5; 1.1; -1.7; 18.8; 57; 58; 60; 55; 0.01; 0.01; 0.00; 0.00; 0; 0; 0; 0; 0; 0; 0
2016/04/29; 13:41:11; -4.6; -4.5; 1.1; -1.7; 18.8; 57; 58; 59; 55; 0.01; 0.01; 0.00; 0.00; 0; 0; 0; 0; 0; 0; 0
2016/04/29; 13:41:21; -4.6; -4.5; 1.1; -1.7; 18.7; 57; 58; 60; 54; 0.01; 0.01; 0.00; 0.00; 0; 0; 0; 0; 0; 0; 0
2016/04/29; 13:41:31; -4.6; -4.6; 1.1; -1.8; 18.7; 58; 58; 60; 54; 0.01; 0.01; 0.00; 0.00; 0; 0; 0; 0; 0; 0; 0
2016/04/29; 13:41:41; -4.7; -4.6; 1.1; -1.8; 18.7; 57; 57; 60; 55; 0.01; 0.01; 0.00; 0.00; 0; 0; 0; 0; 0; 0; 0
2016/04/29; 13:41:51; -4.7; -4.6; 1.0; -1.8; 18.7; 58; 58; 59; 55; 0.01; 0.01; 0.00; 0.00; 0; 0; 0; 0; 0; 0; 0
2016/04/29; 13:42:02; -4.7; -4.6; 1.0; -1.8; 18.7; 58; 57; 59; 54; 0.01; 0.01; 0.00; 0.00; 0; 0; 0; 0; 0; 0; 0
2016/04/29; 13:42:12; -4.8; -4.6; 1.0; -1.8; 18.7; 57; 57; 59; 55; 0.01; 0.01; 0.00; 0.00; 0; 0; 0; 0; 0; 0; 0
2016/04/29; 13:42:22; -4.8; -4.7; 1.0; -1.9; 18.7; 57; 59; 60; 56; 0.01; 0.01; 0.00; 0.00; 0; 0; 0; 0; 0; 0; 0
2016/04/29; 13:42:32; -4.8; -4.7; 1.0; -1.9; 18.8; 58; 58; 59; 55; 0.01; 0.01; 0.00; 0.00; 0; 0; 0; 0; 0; 0; 0
2016/04/29; 13:42:42; -4.8; -4.7; 1.0; -1.9; 18.8; 58; 57; 59; 55; 0.01; 0.01; 0.00; 0.00; 0; 0; 0; 0; 0; 0; 0
2016/04/29; 13:42:53; -4.8; -4.7; 1.0; -1.9; 18.8; 57; 57; 59; 56; 0.01; 0.01; 0.00; 0.00; 0; 0; 0; 0; 0; 0; 0
2016/04/29; 13:43:03; -4.8; -4.7; 1.0; -2.0; 18.8; 58; 58; 60; 55; 0.01; 0.01; 0.00; 0.00; 0; 0; 0; 0; 0; 0; 0
2016/04/29; 13:43:13; -4.9; -4.8; 0.9; -2.0; 18.8; 58; 58; 58; 55; 0.01; 0.01; 0.00; 0.00; 0; 0; 0; 0; 0; 0; 0
2016/04/29; 13:43:23; -4.9; -4.8; 0.9; -2.0; 18.8; 58; 57; 58; 55; 0.01; 0.01; 0.00; 0.00; 0; 0; 0; 0; 0; 0; 0
2016/04/29; 13:43:33; -4.9; -4.8; 0.9; -2.0; 18.8; 58; 57; 59; 54; 0.01; 0.01; 0.00; 0.00; 0; 0; 0; 0; 0; 0; 0
2016/04/29; 13:43:44; -4.9; -4.8; 0.9; -2.0; 18.8; 58; 58; 60; 54; 0.01; 0.01; 0.00; 0.00; 0; 0; 0; 0; 0; 0; 0
2016/04/29; 13:43:54; -4.9; -4.8; 0.9; -2.0; 18.9; 58; 58; 59; 55; 0.01; 0.01; 0.00; 0.00; 0; 0; 0; 0; 0; 0; 0
2016/04/29; 13:44:04; -5.0; -4.8; 0.9; -2.0; 18.9; 58; 58; 59; 55; 0.01; 0.01; 0.00; 0.00; 0; 0; 0; 0; 0; 0; 0
2016/04/29; 13:44:14; -5.0; -4.8; 0.9; -2.1; 18.9; 58; 58; 59; 54; 0.01; 0.01; 0.00; 0.00; 0; 0; 0; 0; 0; 0; 0
2016/04/29; 13:44:24; -5.0; -4.8; 0.9; -2.1; 18.9; 58; 58; 59; 55; 0.01; 0.01; 0.00; 0.00; 0; 0; 0; 0; 0; 0; 0
2016/04/29; 13:44:35; -5.0; -4.8; 0.8; -2.1; 19.0; 58; 58; 59; 55; 0.01; 0.01; 0.00; 0.00; 0; 0; 0; 0; 0; 0; 0
2016/04/29; 13:44:45; -5.0; -4.8; 0.8; -2.1; 19.0; 57; 58; 59; 55; 0.01; 0.01; 0.00; 0.00; 0; 0; 0; 0; 0; 0; 0
2016/04/29; 13:44:55; -5.0; -4.8; 0.8; -2.1; 19.0; 58; 58; 60; 55; 0.01; 0.01; 0.00; 0.00; 0; 0; 0; 0; 0; 0; 0
2016/04/29; 13:45:05; -5.0; -4.9; 0.8; -2.1; 19.1; 57; 58; 60; 55; 0.01; 0.01; 0.00; 0.00; 0; 0; 0; 0; 0; 0; 0
2016/04/29; 13:45:15; -5.1; -4.9; 0.8; -2.1; 19.1; 57; 58; 59; 55; 0.01; 0.01; 0.00; 0.00; 0; 0; 0; 0; 0; 0; 0
2016/04/29; 13:45:25; -5.1; -4.9; 0.8; -2.2; 19.1; 58; 58; 59; 55; 0.01; 0.01; 0.00; 0.00; 0; 0; 0; 0; 0; 0; 0
2016/04/29; 13:45:36; -5.1; -4.9; 0.8; -2.2; 19.1; 59; 57; 59; 54; 0.01; 0.01; 0.00; 0.00; 0; 0; 0; 0; 0; 0; 0
2016/04/29; 13:45:46; -5.1; -4.9; 0.8; -2.2; 19.2; 58; 57; 59; 55; 0.01; 0.01; 0.00; 0.00; 0; 0; 0; 0; 0; 0; 0
2016/04/29; 13:45:56; -5.0; -4.9; 0.8; -2.2; 19.2; 58; 58; 59; 54; 0.01; 0.01; 0.00; 0.00; 0; 0; 0; 0; 0; 0; 0
2016/04/29; 13:46:06; -5.1; -4.9; 0.8; -2.2; 19.2; 58; 58; 59; 54; 0.01; 0.01; 0.00; 0.00; 0; 0; 0; 0; 0; 0; 0
2016/04/29; 13:46:16; -5.1; -4.9; 0.8; -2.2; 19.2; 58; 58; 60; 55; 0.01; 0.01; 0.00; 0.00; 0; 0; 0; 0; 0; 0; 0
2016/04/29; 13:46:27; -5.1; -4.9; 0.8; -2.2; 19.3; 58; 58; 59; 55; 0.01; 0.01; 0.00; 0.00; 0; 0; 0; 0; 0; 0; 0
2016/04/29; 13:46:37; -5.1; -4.9; 0.7; -2.2; 19.3; 58; 58; 59; 55; 0.01; 0.01; 0.00; 0.00; 0; 0; 0; 0; 0; 0; 0
2016/04/29; 13:46:47; -5.1; -4.9; 0.7; -2.2; 19.4; 58; 57; 60; 55; 0.01; 0.01; 0.00; 0.00; 0; 0; 0; 0; 0; 0; 0
2016/04/29; 13:46:57; -5.2; -4.9; 0.7; -2.2; 19.4; 58; 58; 59; 55; 0.01; 0.01; 0.00; 0.00; 0; 0; 0; 0; 0; 0; 0
2016/04/29; 13:47:07; -5.2; -4.9; 0.7; -2.2; 19.4; 58; 59; 59; 55; 0.01; 0.01; 0.00; 0.00; 0; 0; 0; 0; 0; 0; 0
2016/04/29; 13:47:17; -5.2; -4.9; 0.7; -2.3; 19.4; 57; 59; 59; 56; 0.01; 0.01; 0.00; 0.00; 0; 0; 0; 0; 0; 0; 0
2016/04/29; 13:47:28; -5.2; -4.9; 0.7; -2.3; 19.4; 58; 58; 59; 55; 0.01; 0.01; 0.00; 0.00; 0; 0; 0; 0; 0; 0; 0
2016/04/29; 13:47:38; -5.2; -4.9; 0.7; -2.3; 19.5; 58; 58; 59; 55; 0.01; 0.01; 0.00; 0.00; 0; 0; 0; 0; 0; 0; 0
2016/04/29; 13:47:48; -5.2; -4.9; 0.7; -2.3; 19.6; 58; 58; 59; 56; 0.01; 0.01; 0.00; 0.00; 0; 0; 0; 0; 0; 0; 0
2016/04/29; 13:47:58; -5.2; -4.9; 0.7; -2.3; 19.6; 58; 59; 59; 55; 0.01; 0.01; 0.00; 0.00; 0; 0; 0; 0; 0; 0; 0
2016/04/29; 13:48:08; -5.2; -4.9; 0.7; -2.3; 19.6; 57; 58; 58; 55; 0.01; 0.01; 0.00; 0.00; 0; 0; 0; 0; 0; 0; 0
2016/04/29; 13:48:19; -5.2; -4.9; 0.7; -2.3; 19.6; 58; 58; 59; 55; 0.01; 0.01; 0.00; 0.00; 0; 0; 0; 0; 0; 0; 0
2016/04/29; 13:48:29; -5.2; -4.9; 0.7; -2.3; 19.6; 58; 58; 59; 56; 0.01; 0.01; 0.00; 0.00; 0; 0; 0; 0; 0; 0; 0
2016/04/29; 13:48:39; -5.2; -5.0; 0.7; -2.3; 19.6; 58; 58; 59; 56; 0.01; 0.01; 0.00; 0.00; 0; 0; 0; 0; 0; 0; 0
2016/04/29; 13:48:49; -5.3; -4.9; 0.7; -2.3; 19.7; 58; 58; 59; 55; 0.01; 0.01; 0.00; 0.00; 0; 0; 0; 0; 0; 0; 0
2016/04/29; 13:48:59; -5.3; -5.0; 0.7; -2.4; 19.7; 58; 59; 59; 54; 0.01; 0.01; 0.00; 0.00; 0; 0; 0; 0; 0; 0; 0
2016/04/29; 13:49:10; -5.3; -5.0; 0.7; -2.3; 19.7; 58; 58; 59; 54; 0.01; 0.01; 0.00; 0.00; 0; 0; 0; 0; 0; 0; 0
2016/04/29; 13:49:20; -5.3; -5.0; 0.7; -2.3; 19.8; 58; 58; 59; 54; 0.01; 0.01; 0.00; 0.00; 0; 0; 0; 0; 0; 0; 0
2016/04/29; 13:49:30; -5.3; -5.0; 0.7; -2.4; 19.8; 58; 58; 59; 55; 0.01; 0.01; 0.00; 0.00; 0; 0; 0; 0; 0; 0; 0
2016/04/29; 13:49:40; -5.3; -5.0; 0.7; -2.4; 19.9; 58; 58; 59; 55; 0.01; 0.01; 0.00; 0.00; 0; 0; 0; 0; 0; 0; 0
2016/04/29; 13:49:50; -5.3; -5.0; 0.7; -2.4; 19.9; 58; 58; 60; 55; 0.01; 0.01; 0.00; 0.00; 0; 0; 0; 0; 0; 0; 0
2016/04/29; 13:50:00; -5.3; -5.0; 0.7; -2.4; 19.9; 58; 58; 59; 54; 0.01; 0.01; 0.00; 0.00; 0; 0; 0; 0; 0; 0; 0
2016/04/29; 13:50:11; -5.3; -5.0; 0.7; -2.4; 20.0; 58; 59; 59; 55; 0.01; 0.01; 0.00; 0.00; 0; 0; 0; 0; 0; 0; 0
2016/04/29; 13:50:21; -5.3; -5.0; 0.7; -2.4; 20.0; 58; 58; 59; 55; 0.01; 0.01; 0.00; 0.00; 0; 0; 0; 0; 0; 0; 0
2016/04/29; 13:50:31; -5.3; -5.0; 0.7; -2.4; 20.0; 58; 58; 59; 56; 0.01; 0.01; 0.00; 0.00; 0; 0; 0; 0; 0; 0; 0
2016/04/29; 13:50:41; -5.3; -5.0; 0.7; -2.4; 20.0; 58; 58; 59; 54; 0.01; 0.01; 0.00; 0.00; 0; 0; 0; 0; 0; 0; 0
2016/04/29; 13:50:51; -5.3; -5.0; 0.6; -2.4; 20.1; 58; 57; 58; 55; 0.01; 0.01; 0.00; 0.00; 0; 0; 0; 0; 0; 0; 0
2016/04/29; 13:51:02; -5.3; -5.0; 0.6; -2.4; 20.1; 58; 57; 59; 55; 0.01; 0.01; 0.00; 0.00; 0; 0; 0; 0; 0; 0; 0
2016/04/29; 13:51:12; -5.3; -5.0; 0.7; -2.4; 20.2; 58; 58; 59; 55; 0.01; 0.01; 0.00; 0.00; 0; 0; 0; 0; 0; 0; 0
2016/04/29; 13:51:22; -5.3; -5.0; 0.6; -2.4; 20.2; 57; 58; 59; 55; 0.01; 0.01; 0.00; 0.00; 0; 0; 0; 0; 0; 0; 0
2016/04/29; 13:51:32; -5.4; -5.0; 0.7; -2.4; 20.2; 57; 58; 58; 55; 0.01; 0.01; 0.00; 0.00; 0; 0; 0; 0; 0; 0; 0
2016/04/29; 13:51:42; -5.3; -5.0; 0.6; -2.4; 20.2; 58; 58; 59; 54; 0.01; 0.01; 0.00; 0.00; 0; 0; 0; 0; 0; 0; 0
2016/04/29; 13:51:53; -5.4; -5.0; 0.6; -2.4; 20.2; 58; 58; 60; 54; 0.01; 0.01; 0.00; 0.00; 0; 0; 0; 0; 0; 0; 0
2016/04/29; 13:52:03; -5.4; -5.0; 0.6; -2.4; 20.3; 58; 58; 60; 55; 0.01; 0.01; 0.00; 0.00; 0; 0; 0; 0; 0; 0; 0
2016/04/29; 13:52:13; -5.4; -5.0; 0.6; -2.4; 20.3; 58; 58; 59; 55; 0.01; 0.01; 0.00; 0.00; 0; 0; 0; 0; 0; 0; 0
2016/04/29; 13:52:23; -5.4; -5.0; 0.6; -2.5; 20.3; 58; 58; 59; 55; 0.01; 0.01; 0.00; 0.00; 0; 0; 0; 0; 0; 0; 0
2016/04/29; 13:52:33; -5.4; -5.0; 0.6; -2.5; 20.4; 58; 58; 59; 55; 0.01; 0.01; 0.00; 0.00; 0; 0; 0; 0; 0; 0; 0
2016/04/29; 13:52:43; -5.4; -5.0; 0.6; -2.5; 20.4; 58; 58; 60; 55; 0.01; 0.01; 0.00; 0.00; 0; 0; 0; 0; 0; 0; 0
2016/04/29; 13:52:54; -5.4; -5.0; 0.6; -2.5; 20.4; 58; 58; 60; 56; 0.01; 0.01; 0.00; 0.00; 0; 0; 0; 0; 0; 0; 0
2016/04/29; 13:53:04; -5.4; -5.0; 0.6; -2.5; 20.4; 58; 58; 59; 55; 0.01; 0.01; 0.00; 0.00; 0; 0; 0; 0; 0; 0; 0
2016/04/29; 13:53:14; -5.4; -5.0; 0.6; -2.5; 20.5; 58; 58; 59; 55; 0.01; 0.01; 0.00; 0.00; 0; 0; 0; 0; 0; 0; 0
2016/04/29; 13:53:24; -5.4; -5.0; 0.6; -2.5; 20.5; 58; 58; 59; 55; 0.01; 0.01; 0.00; 0.00; 0; 0; 0; 0; 0; 0; 0
2016/04/29; 13:53:34; -5.4; -5.0; 0.6; -2.5; 20.6; 58; 58; 58; 55; 0.01; 0.01; 0.00; 0.00; 0; 0; 0; 0; 0; 0; 0
2016/04/29; 13:53:44; -5.4; -5.0; 0.6; -2.5; 20.6; 57; 58; 59; 54; 0.01; 0.01; 0.00; 0.00; 0; 0; 0; 0; 0; 0; 0
2016/04/29; 13:53:55; -5.4; -5.0; 0.6; -2.5; 20.6; 58; 58; 59; 55; 0.01; 0.01; 0.00; 0.00; 0; 0; 0; 0; 0; 0; 0
2016/04/29; 13:54:05; -5.4; -5.0; 0.6; -2.5; 20.7; 58; 58; 60; 55; 0.01; 0.01; 0.00; 0.00; 0; 0; 0; 0; 0; 0; 0
2016/04/29; 13:54:15; -5.5; -5.0; 0.6; -2.5; 20.7; 58; 59; 59; 55; 0.01; 0.01; 0.00; 0.00; 0; 0; 0; 0; 0; 0; 0
2016/04/29; 13:54:25; -5.5; -5.0; 0.6; -2.5; 20.8; 57; 58; 59; 55; 0.01; 0.01; 0.00; 0.00; 0; 0; 0; 0; 0; 0; 0
2016/04/29; 13:54:35; -5.5; -5.0; 0.6; -2.5; 20.8; 57; 58; 59; 55; 0.01; 0.01; 0.00; 0.00; 0; 0; 0; 0; 0; 0; 0
2016/04/29; 13:54:46; -5.4; -5.0; 0.6; -2.5; 20.8; 58; 58; 59; 55; 0.01; 0.01; 0.00; 0.00; 0; 0; 0; 0; 0; 0; 0
2016/04/29; 13:54:56; -5.5; -5.0; 0.6; -2.5; 20.8; 58; 58; 59; 54; 0.01; 0.01; 0.00; 0.00; 0; 0; 0; 0; 0; 0; 0
2016/04/29; 13:55:06; -5.5; -5.1; 0.6; -2.5; 20.8; 57; 58; 58; 55; 0.01; 0.01; 0.00; 0.00; 0; 0; 0; 0; 0; 0; 0
2016/04/29; 13:55:16; -5.5; -5.1; 0.6; -2.5; 20.9; 57; 58; 58; 55; 0.01; 0.01; 0.00; 0.00; 0; 0; 0; 0; 0; 0; 0
2016/04/29; 13:55:26; -5.5; -5.0; 0.6; -2.6; 20.9; 58; 58; 59; 54; 0.01; 0.01; 0.00; 0.00; 0; 0; 0; 0; 0; 0; 0
2016/04/29; 13:55:36; -5.4; -5.1; 0.6; -2.6; 20.9; 58; 58; 59; 55; 0.01; 0.01; 0.00; 0.00; 0; 0; 0; 0; 0; 0; 0
2016/04/29; 13:55:47; -5.5; -5.0; 0.6; -2.6; 21.0; 58; 58; 59; 55; 0.01; 0.01; 0.00; 0.00; 0; 0; 0; 0; 0; 0; 0
2016/04/29; 13:55:57; -5.5; -5.0; 0.6; -2.6; 21.0; 57; 58; 59; 55; 0.01; 0.01; 0.00; 0.00; 0; 0; 0; 0; 0; 0; 0
2016/04/29; 13:56:07; -5.5; -5.0; 0.6; -2.6; 21.0; 58; 58; 59; 54; 0.01; 0.01; 0.00; 0.00; 0; 0; 0; 0; 0; 0; 0
2016/04/29; 13:56:17; -5.5; -5.0; 0.6; -2.6; 21.0; 58; 58; 59; 55; 0.01; 0.01; 0.00; 0.00; 0; 0; 0; 0; 0; 0; 0
2016/04/29; 13:56:27; -5.5; -5.0; 0.6; -2.6; 21.1; 58; 59; 58; 55; 0.01; 0.01; 0.00; 0.00; 0; 0; 0; 0; 0; 0; 0
2016/04/29; 13:56:38; -5.5; -5.1; 0.5; -2.6; 21.1; 58; 59; 58; 55; 0.01; 0.01; 0.00; 0.00; 0; 0; 0; 0; 0; 0; 0
2016/04/29; 13:56:48; -5.5; -5.1; 0.5; -2.6; 21.2; 58; 58; 58; 55; 0.01; 0.01; 0.00; 0.00; 0; 0; 0; 0; 0; 0; 0
2016/04/29; 13:56:58; -5.5; -5.1; 0.5; -2.6; 21.2; 58; 58; 58; 54; 0.01; 0.01; 0.00; 0.00; 0; 0; 0; 0; 0; 0; 0
2016/04/29; 13:57:08; -5.5; -5.1; 0.5; -2.6; 21.2; 58; 58; 58; 55; 0.01; 0.01; 0.00; 0.00; 0; 0; 0; 0; 0; 0; 0
2016/04/29; 13:57:18; -5.5; -5.1; 0.5; -2.6; 21.3; 58; 58; 59; 54; 0.01; 0.01; 0.00; 0.00; 0; 0; 0; 0; 0; 0; 0
2016/04/29; 13:57:28; -5.5; -5.1; 0.5; -2.6; 21.3; 58; 58; 59; 55; 0.01; 0.01; 0.00; 0.00; 0; 0; 0; 0; 0; 0; 0
2016/04/29; 13:57:39; -5.5; -5.1; 0.5; -2.6; 21.3; 58; 58; 59; 55; 0.01; 0.01; 0.00; 0.00; 0; 0; 0; 0; 0; 0; 0
2016/04/29; 13:57:49; -5.5; -5.1; 0.5; -2.6; 21.4; 58; 58; 59; 55; 0.01; 0.01; 0.00; 0.00; 0; 0; 0; 0; 0; 0; 0
2016/04/29; 13:57:59; -5.5; -5.1; 0.5; -2.6; 21.4; 58; 58; 58; 55; 0.01; 0.01; 0.00; 0.00; 0; 0; 0; 0; 0; 0; 0
2016/04/29; 13:58:09; -5.5; -5.1; 0.5; -2.6; 21.5; 58; 58; 59; 54; 0.01; 0.01; 0.00; 0.00; 0; 0; 0; 0; 0; 0; 0
2016/04/29; 13:58:19; -5.5; -5.1; 0.5; -2.6; 21.5; 58; 58; 59; 55; 0.01; 0.01; 0.00; 0.00; 0; 0; 0; 0; 0; 0; 0
2016/04/29; 13:58:30; -5.5; -5.1; 0.5; -2.6; 21.5; 58; 58; 58; 56; 0.01; 0.01; 0.00; 0.00; 0; 0; 0; 0; 0; 0; 0
2016/04/29; 13:58:40; -5.5; -5.1; 0.5; -2.6; 21.6; 57; 58; 58; 54; 0.01; 0.01; 0.00; 0.00; 0; 0; 0; 0; 0; 0; 0
2016/04/29; 13:58:50; -5.5; -5.1; 0.5; -2.6; 21.6; 57; 58; 58; 54; 0.01; 0.01; 0.00; 0.00; 0; 0; 0; 0; 0; 0; 0
2016/04/29; 13:59:00; -5.5; -5.1; 0.5; -2.6; 21.6; 58; 58; 58; 57; 0.01; 0.01; 0.00; 0.00; 0; 0; 0; 0; 0; 0; 0
2016/04/29; 13:59:10; -5.5; -5.1; 0.5; -2.6; 21.6; 57; 55; 59; 55; 0.01; 0.01; 0.00; 0.00; 0; 0; 0; 0; 0; 0; 0
2016/04/29; 13:59:21; -5.5; -5.1; 0.5; -2.6; 21.7; 58; 58; 59; 55; 0.01; 0.01; 0.00; 0.00; 0; 0; 0; 0; 0; 0; 0
2016/04/29; 13:59:31; -5.5; -5.1; 0.5; -2.6; 21.7; 58; 58; 59; 55; 0.01; 0.01; 0.00; 0.00; 0; 0; 0; 0; 0; 0; 0
2016/04/29; 13:59:41; -5.5; -5.1; 0.5; -2.6; 21.7; 58; 58; 59; 55; 0.01; 0.01; 0.00; 0.00; 0; 0; 0; 0; 0; 0; 0
2016/04/29; 13:59:51; -5.5; -5.1; 0.5; -2.6; 21.8; 57; 58; 59; 54; 0.01; 0.01; 0.00; 0.00; 0; 0; 0; 0; 0; 0; 0
2016/04/29; 14:00:01; -5.5; -5.0; 0.5; -2.6; 21.8; 57; 58; 59; 54; 0.01; 0.01; 0.00; 0.00; 0; 0; 0; 0; 0; 0; 0
2016/04/29; 14:00:11; -5.5; -5.1; 0.5; -2.6; 21.9; 58; 58; 59; 55; 0.01; 0.01; 0.00; 0.00; 0; 0; 0; 0; 0; 0; 0
2016/04/29; 14:00:22; -5.5; -5.1; 0.5; -2.6; 21.9; 58; 58; 59; 55; 0.01; 0.01; 0.00; 0.00; 0; 0; 0; 0; 0; 0; 0
2016/04/29; 14:00:32; -5.6; -5.1; 0.5; -2.6; 21.9; 57; 58; 59; 55; 0.01; 0.01; 0.00; 0.00; 0; 0; 0; 0; 0; 0; 0
2016/04/29; 14:00:42; -5.5; -5.1; 0.5; -2.6; 22.0; 58; 58; 59; 55; 0.01; 0.01; 0.00; 0.00; 0; 0; 0; 0; 0; 0; 0
2016/04/29; 14:00:52; -5.6; -5.1; 0.5; -2.6; 22.0; 58; 58; 59; 55; 0.01; 0.01; 0.00; 0.00; 0; 0; 0; 0; 0; 0; 0
2016/04/29; 14:01:02; -5.6; -5.1; 0.5; -2.6; 22.0; 58; 58; 60; 55; 0.01; 0.01; 0.00; 0.00; 0; 0; 0; 0; 0; 0; 0
2016/04/29; 14:01:13; -5.6; -5.1; 0.5; -2.6; 22.1; 58; 58; 59; 55; 0.01; 0.01; 0.00; 0.00; 0; 0; 0; 0; 0; 0; 0
2016/04/29; 14:01:23; -5.6; -5.1; 0.5; -2.7; 22.2; 57; 58; 59; 55; 0.01; 0.01; 0.00; 0.00; 0; 0; 0; 0; 0; 0; 0
2016/04/29; 14:01:33; -5.6; -5.1; 0.5; -2.7; 22.2; 58; 58; 59; 54; 0.01; 0.01; 0.00; 0.00; 0; 0; 0; 0; 0; 0; 0
2016/04/29; 14:01:43; -5.6; -5.1; 0.5; -2.6; 22.3; 58; 58; 59; 54; 0.01; 0.01; 0.00; 0.00; 0; 0; 0; 0; 0; 0; 0
2016/04/29; 14:01:53; -5.6; -5.1; 0.5; -2.6; 22.3; 58; 58; 58; 55; 0.01; 0.01; 0.00; 0.00; 0; 0; 0; 0; 0; 0; 0
2016/04/29; 14:02:04; -5.6; -5.1; 0.5; -2.7; 22.3; 57; 58; 59; 55; 0.01; 0.01; 0.00; 0.00; 0; 0; 0; 0; 0; 0; 0
2016/04/29; 14:02:14; -5.6; -5.1; 0.5; -2.7; 22.3; 57; 58; 59; 54; 0.01; 0.01; 0.00; 0.00; 0; 0; 0; 0; 0; 0; 0
2016/04/29; 14:02:24; -5.6; -5.1; 0.5; -2.7; 22.4; 57; 59; 59; 54; 0.01; 0.01; 0.00; 0.00; 0; 0; 0; 0; 0; 0; 0
2016/04/29; 14:02:34; -5.6; -5.1; 0.4; -2.7; 22.4; 58; 57; 59; 55; 0.01; 0.01; 0.00; 0.00; 0; 0; 0; 0; 0; 0; 0
2016/04/29; 14:02:44; -5.6; -5.1; 0.5; -2.7; 22.5; 58; 58; 59; 55; 0.01; 0.01; 0.00; 0.00; 0; 0; 0; 0; 0; 0; 0
2016/04/29; 14:02:54; -5.6; -5.1; 0.5; -2.7; 22.5; 58; 58; 59; 55; 0.01; 0.01; 0.00; 0.00; 0; 0; 0; 0; 0; 0; 0
2016/04/29; 14:03:05; -5.6; -5.1; 0.4; -2.7; 22.5; 58; 58; 59; 55; 0.01; 0.01; 0.00; 0.00; 0; 0; 0; 0; 0; 0; 0
2016/04/29; 14:03:15; -5.6; -5.1; 0.5; -2.7; 22.5; 58; 58; 59; 55; 0.01; 0.01; 0.00; 0.00; 0; 0; 0; 0; 0; 0; 0
2016/04/29; 14:03:25; -5.6; -5.1; 0.5; -2.7; 22.5; 58; 58; 59; 55; 0.01; 0.01; 0.00; 0.00; 0; 0; 0; 0; 0; 0; 0
2016/04/29; 14:03:35; -5.6; -5.1; 0.4; -2.7; 22.6; 58; 58; 59; 55; 0.01; 0.01; 0.00; 0.00; 0; 0; 0; 0; 0; 0; 0
2016/04/29; 14:03:45; -5.6; -5.1; 0.4; -2.7; 22.6; 58; 58; 59; 54; 0.01; 0.01; 0.00; 0.00; 0; 0; 0; 0; 0; 0; 0
2016/04/29; 14:03:56; -5.6; -5.1; 0.5; -2.7; 22.6; 57; 58; 59; 55; 0.01; 0.01; 0.00; 0.00; 0; 0; 0; 0; 0; 0; 0
2016/04/29; 14:04:06; -5.6; -5.1; 0.5; -2.7; 22.7; 57; 58; 59; 55; 0.01; 0.01; 0.00; 0.00; 0; 0; 0; 0; 0; 0; 0
2016/04/29; 14:04:16; -5.6; -5.1; 0.4; -2.7; 22.7; 58; 58; 59; 55; 0.01; 0.01; 0.00; 0.00; 0; 0; 0; 0; 0; 0; 0
2016/04/29; 14:04:26; -5.5; -5.0; 0.4; -2.7; 22.7; 57; 58; 59; 55; 0.01; 0.01; 0.00; 0.00; 0; 0; 0; 0; 0; 0; 0
2016/04/29; 14:04:36; -5.5; -5.0; 0.4; -2.7; 22.6; 58; 58; 59; 55; 0.01; 0.01; 0.00; 0.00; 0; 0; 0; 0; 0; 0; 0
2016/04/29; 14:04:47; -5.5; -5.0; 0.5; -2.6; 22.7; 58; 58; 59; 55; 0.01; 0.01; 0.00; 0.00; 0; 0; 0; 0; 0; 0; 0
2016/04/29; 14:04:57; -5.5; -5.0; 0.5; -2.6; 22.6; 57; 58; 59; 54; 0.01; 0.01; 0.00; 0.00; 0; 0; 0; 0; 0; 0; 0
2016/04/29; 14:05:07; -5.5; -5.0; 0.5; -2.6; 22.6; 58; 58; 59; 0; 0.01; 0.01; 0.00; 0.00; 0; 0; 0; 0; 0; 0; 0
2016/04/29; 14:05:17; -5.5; -5.0; 0.5; -2.6; 22.6; 58; 57; 61; 39; 0.01; 0.01; 0.00; 0.00; 0; 0; 0; 0; 0; 0; 0
2016/04/29; 14:05:27; -5.5; -5.0; 0.5; -2.6; 22.5; 0; 58; 59; 51; 0.01; 0.01; 0.00; 0.00; 0; 0; 0; 0; 0; 0; 0
2016/04/29; 14:05:38; -5.5; -5.0; 0.5; -2.6; 22.5; 58; 57; 59; 53; 0.01; 0.01; 0.00; 0.00; 0; 0; 0; 0; 0; 0; 0
2016/04/29; 14:05:48; -5.5; -4.9; 0.5; -2.6; 22.4; 58; 58; 59; 54; 0.01; 0.01; 0.00; 0.00; 0; 0; 0; 0; 0; 0; 0
2016/04/29; 14:05:58; -5.5; -4.9; 0.5; -2.5; 22.4; 58; 57; 59; 54; 0.01; 0.01; 0.00; 0.00; 0; 0; 0; 0; 0; 0; 0
2016/04/29; 14:06:08; -5.5; -4.9; 0.5; -2.5; 22.4; 58; 58; 58; 54; 0.01; 0.01; 0.00; 0.00; 0; 0; 0; 0; 0; 0; 0
2016/04/29; 14:06:18; -5.4; -4.9; 0.5; -2.5; 22.3; 57; 58; 59; 55; 0.01; 0.01; 0.00; 0.00; 0; 0; 0; 0; 0; 0; 0
2016/04/29; 14:06:29; -5.4; -4.8; 0.5; -2.5; 22.3; 57; 58; 59; 55; 0.01; 0.01; 0.00; 0.00; 0; 0; 0; 0; 0; 0; 0
2016/04/29; 14:06:39; -5.4; -4.8; 0.5; -2.5; 22.2; 58; 57; 59; 54; 0.01; 0.01; 0.00; 0.00; 0; 0; 0; 0; 0; 0; 0
2016/04/29; 14:06:49; -5.4; -4.8; 0.5; -2.5; 22.2; 57; 58; 59; 55; 0.01; 0.01; 0.00; 0.00; 0; 0; 0; 0; 0; 0; 0
2016/04/29; 14:06:59; -5.4; -4.8; 0.5; -2.5; 22.1; 58; 58; 59; 55; 0.01; 0.01; 0.00; 0.00; 0; 0; 0; 0; 0; 0; 0
2016/04/29; 14:07:09; -5.4; -4.8; 0.6; -2.5; 22.1; 58; 58; 58; 54; 0.01; 0.01; 0.00; 0.00; 0; 0; 0; 0; 0; 0; 0
2016/04/29; 14:07:20; -5.4; -4.8; 0.6; -2.5; 22.1; 57; 58; 59; 54; 0.01; 0.01; 0.00; 0.00; 0; 0; 0; 0; 0; 0; 0
2016/04/29; 14:07:30; -5.4; -4.8; 0.6; -2.5; 22.1; 58; 58; 59; 55; 0.01; 0.01; 0.00; 0.00; 0; 0; 0; 0; 0; 0; 0
2016/04/29; 14:07:40; -5.4; -4.8; 0.6; -2.5; 22.0; 58; 57; 59; 54; 0.01; 0.01; 0.00; 0.00; 0; 0; 0; 0; 0; 0; 0
2016/04/29; 14:07:50; -5.4; -4.8; 0.6; -2.5; 22.0; 58; 58; 59; 53; 0.01; 0.01; 0.00; 0.00; 0; 0; 0; 0; 0; 0; 0
2016/04/29; 14:08:00; -5.3; -4.8; 0.6; -2.5; 22.0; 58; 57; 58; 54; 0.01; 0.01; 0.00; 0.00; 0; 0; 0; 0; 0; 0; 0
2016/04/29; 14:08:11; -5.3; -4.8; 0.6; -2.5; 21.9; 58; 57; 58; 53; 0.01; 0.01; 0.00; 0.00; 0; 0; 0; 0; 0; 0; 0
2016/04/29; 14:08:21; -5.4; -4.8; 0.6; -2.5; 21.9; 57; 58; 58; 53; 0.01; 0.01; 0.00; 0.00; 0; 0; 0; 0; 0; 0; 0
2016/04/29; 14:08:31; -5.4; -4.8; 0.6; -2.5; 21.9; 58; 58; 59; 53; 0.01; 0.01; 0.00; 0.00; 0; 0; 0; 0; 0; 0; 0
2016/04/29; 14:08:41; -5.4; -4.8; 0.6; -2.5; 21.8; 58; 57; 59; 53; 0.01; 0.01; 0.00; 0.00; 0; 0; 0; 0; 0; 0; 0
2016/04/29; 14:08:51; -5.4; -4.8; 0.6; -2.5; 21.8; 58; 58; 59; 53; 0.01; 0.01; 0.00; 0.00; 0; 0; 0; 0; 0; 0; 0
2016/04/29; 14:09:01; -5.4; -4.8; 0.6; -2.5; 21.8; 58; 58; 59; 53; 0.01; 0.01; 0.00; 0.00; 0; 0; 0; 0; 0; 0; 0
2016/04/29; 14:09:12; -5.4; -4.9; 0.6; -2.5; 21.8; 58; 58; 59; 54; 0.01; 0.01; 0.00; 0.00; 0; 0; 0; 0; 0; 0; 0
2016/04/29; 14:09:22; -5.4; -4.9; 0.6; -2.5; 21.8; 58; 58; 58; 53; 0.01; 0.01; 0.00; 0.00; 0; 0; 0; 0; 0; 0; 0
2016/04/29; 14:09:32; -5.4; -4.9; 0.6; -2.5; 21.7; 58; 58; 58; 54; 0.01; 0.01; 0.00; 0.00; 0; 0; 0; 0; 0; 0; 0
2016/04/29; 14:09:42; -5.4; -4.9; 0.6; -2.5; 21.7; 58; 58; 59; 53; 0.01; 0.01; 0.00; 0.00; 0; 0; 0; 0; 0; 0; 0
2016/04/29; 14:09:52; -5.4; -4.9; 0.6; -2.5; 21.7; 57; 58; 58; 53; 0.01; 0.01; 0.00; 0.00; 0; 0; 0; 0; 0; 0; 0
2016/04/29; 14:10:03; -5.4; -4.9; 0.5; -2.6; 21.7; 57; 58; 58; 54; 0.01; 0.01; 0.00; 0.00; 0; 0; 0; 0; 0; 0; 0
2016/04/29; 14:10:13; -5.4; -4.8; 0.5; -2.6; 21.7; 58; 58; 59; 54; 0.01; 0.01; 0.00; 0.00; 0; 0; 0; 0; 0; 0; 0
2016/04/29; 14:10:23; -5.4; -4.9; 0.5; -2.6; 21.7; 58; 58; 59; 53; 0.01; 0.01; 0.00; 0.00; 0; 0; 0; 0; 0; 0; 0
2016/04/29; 14:10:33; -5.5; -4.9; 0.5; -2.6; 21.7; 58; 58; 59; 54; 0.01; 0.01; 0.00; 0.00; 0; 0; 0; 0; 0; 0; 0
2016/04/29; 14:10:43; -5.5; -5.0; 0.5; -2.6; 21.7; 58; 58; 59; 55; 0.01; 0.01; 0.00; 0.00; 0; 0; 0; 0; 0; 0; 0
2016/04/29; 14:10:53; -5.5; -4.9; 0.5; -2.6; 21.7; 59; 57; 60; 54; 0.01; 0.01; 0.00; 0.00; 0; 0; 0; 0; 0; 0; 0
2016/04/29; 14:11:04; -5.5; -4.9; 0.5; -2.6; 21.7; 58; 57; 59; 55; 0.01; 0.01; 0.00; 0.00; 0; 0; 0; 0; 0; 0; 0
2016/04/29; 14:11:14; -5.5; -5.0; 0.5; -2.6; 21.7; 57; 58; 58; 54; 0.01; 0.01; 0.00; 0.00; 0; 0; 0; 0; 0; 0; 0
2016/04/29; 14:11:24; -5.5; -5.0; 0.5; -2.6; 21.7; 58; 58; 58; 54; 0.01; 0.01; 0.00; 0.00; 0; 0; 0; 0; 0; 0; 0
2016/04/29; 14:11:34; -5.5; -4.9; 0.5; -2.7; 21.7; 58; 58; 59; 54; 0.01; 0.01; 0.00; 0.00; 0; 0; 0; 0; 0; 0; 0
2016/04/29; 14:11:44; -5.5; -5.0; 0.5; -2.7; 21.7; 58; 58; 58; 54; 0.01; 0.01; 0.00; 0.00; 0; 0; 0; 0; 0; 0; 0
2016/04/29; 14:11:55; -5.5; -5.0; 0.5; -2.7; 21.7; 58; 59; 59; 54; 0.01; 0.01; 0.00; 0.00; 0; 0; 0; 0; 0; 0; 0
2016/04/29; 14:12:05; -5.5; -5.0; 0.4; -2.7; 21.8; 58; 58; 59; 54; 0.01; 0.01; 0.00; 0.00; 0; 0; 0; 0; 0; 0; 0
2016/04/29; 14:12:15; -5.5; -5.0; 0.4; -2.7; 21.8; 58; 58; 58; 54; 0.01; 0.01; 0.00; 0.00; 0; 0; 0; 0; 0; 0; 0
2016/04/29; 14:12:25; -5.5; -5.0; 0.4; -2.7; 21.8; 57; 58; 58; 54; 0.01; 0.01; 0.00; 0.00; 0; 0; 0; 0; 0; 0; 0
2016/04/29; 14:12:35; -5.5; -5.0; 0.4; -2.7; 21.8; 58; 58; 58; 54; 0.01; 0.01; 0.00; 0.00; 0; 0; 0; 0; 0; 0; 0
2016/04/29; 14:12:46; -5.5; -5.0; 0.4; -2.7; 21.9; 58; 58; 59; 54; 0.01; 0.01; 0.00; 0.00; 0; 0; 0; 0; 0; 0; 0
2016/04/29; 14:12:56; -5.5; -5.0; 0.4; -2.7; 21.9; 58; 58; 58; 54; 0.01; 0.01; 0.00; 0.00; 0; 0; 0; 0; 0; 0; 0
2016/04/29; 14:13:06; -5.5; -5.0; 0.4; -2.7; 21.9; 58; 58; 58; 55; 0.01; 0.01; 0.00; 0.00; 0; 0; 0; 0; 0; 0; 0
2016/04/29; 14:13:16; -5.5; -5.0; 0.4; -2.7; 21.9; 58; 58; 59; 54; 0.01; 0.01; 0.00; 0.00; 0; 0; 0; 0; 0; 0; 0
2016/04/29; 14:13:26; -5.5; -5.0; 0.4; -2.7; 21.9; 58; 58; 59; 54; 0.01; 0.01; 0.00; 0.00; 0; 0; 0; 0; 0; 0; 0
2016/04/29; 14:13:36; -5.5; -5.0; 0.4; -2.7; 21.9; 58; 58; 59; 54; 0.01; 0.01; 0.00; 0.00; 0; 0; 0; 0; 0; 0; 0
2016/04/29; 14:13:47; -5.6; -5.0; 0.4; -2.7; 22.0; 58; 58; 59; 54; 0.01; 0.01; 0.00; 0.00; 0; 0; 0; 0; 0; 0; 0
2016/04/29; 14:13:57; -5.6; -5.0; 0.4; -2.7; 22.0; 58; 58; 58; 54; 0.01; 0.01; 0.00; 0.00; 0; 0; 0; 0; 0; 0; 0
2016/04/29; 14:14:07; -5.5; -5.0; 0.4; -2.7; 22.0; 58; 58; 58; 54; 0.01; 0.01; 0.00; 0.00; 0; 0; 0; 0; 0; 0; 0
2016/04/29; 14:14:17; -5.6; -5.0; 0.4; -2.7; 22.0; 58; 58; 58; 55; 0.01; 0.01; 0.00; 0.00; 0; 0; 0; 0; 0; 0; 0
2016/04/29; 14:14:27; -5.5; -5.0; 0.4; -2.7; 22.0; 58; 58; 58; 55; 0.01; 0.01; 0.00; 0.00; 0; 0; 0; 0; 0; 0; 0
2016/04/29; 14:14:38; -5.6; -5.0; 0.4; -2.7; 22.0; 58; 58; 59; 54; 0.01; 0.01; 0.00; 0.00; 0; 0; 0; 0; 0; 0; 0
2016/04/29; 14:14:48; -5.5; -5.0; 0.4; -2.7; 22.0; 57; 58; 59; 54; 0.01; 0.01; 0.00; 0.00; 0; 0; 0; 0; 0; 0; 0
2016/04/29; 14:14:58; -5.6; -5.0; 0.4; -2.7; 22.0; 58; 58; 58; 54; 0.01; 0.01; 0.00; 0.00; 0; 0; 0; 0; 0; 0; 0
2016/04/29; 14:15:08; -5.5; -5.0; 0.4; -2.7; 22.0; 58; 58; 59; 54; 0.01; 0.01; 0.00; 0.00; 0; 0; 0; 0; 0; 0; 0
2016/04/29; 14:15:18; -5.5; -5.0; 0.4; -2.7; 22.0; 58; 58; 58; 54; 0.01; 0.01; 0.00; 0.00; 0; 0; 0; 0; 0; 0; 0
2016/04/29; 14:15:28; -5.6; -5.0; 0.4; -2.7; 22.1; 57; 58; 58; 55; 0.01; 0.01; 0.00; 0.00; 0; 0; 0; 0; 0; 0; 0
2016/04/29; 14:15:39; -5.6; -5.0; 0.4; -2.7; 22.1; 58; 59; 58; 55; 0.01; 0.01; 0.00; 0.00; 0; 0; 0; 0; 0; 0; 0
2016/04/29; 14:15:49; -5.6; -5.0; 0.4; -2.8; 22.1; 58; 59; 59; 54; 0.01; 0.01; 0.00; 0.00; 0; 0; 0; 0; 0; 0; 0
2016/04/29; 14:15:59; -5.6; -5.0; 0.4; -2.7; 22.1; 57; 58; 58; 54; 0.01; 0.01; 0.00; 0.00; 0; 0; 0; 0; 0; 0; 0
2016/04/29; 14:16:09; -5.6; -5.0; 0.4; -2.8; 22.1; 57; 58; 59; 54; 0.01; 0.01; 0.00; 0.00; 0; 0; 0; 0; 0; 0; 0
2016/04/29; 14:16:19; -5.6; -5.0; 0.4; -2.7; 22.1; 58; 58; 58; 54; 0.01; 0.01; 0.00; 0.00; 0; 0; 0; 0; 0; 0; 0
2016/04/29; 14:16:30; -5.6; -5.0; 0.3; -2.8; 22.2; 57; 58; 58; 55; 0.01; 0.01; 0.00; 0.00; 0; 0; 0; 0; 0; 0; 0
2016/04/29; 14:16:40; -5.6; -5.0; 0.3; -2.8; 22.2; 57; 58; 59; 54; 0.01; 0.01; 0.00; 0.00; 0; 0; 0; 0; 0; 0; 0
2016/04/29; 14:16:50; -5.6; -5.0; 0.3; -2.8; 22.2; 57; 58; 58; 54; 0.01; 0.01; 0.00; 0.00; 0; 0; 0; 0; 0; 0; 0
2016/04/29; 14:17:00; -5.6; -5.0; 0.3; -2.8; 22.2; 57; 58; 59; 54; 0.01; 0.01; 0.00; 0.00; 0; 0; 0; 0; 0; 0; 0
2016/04/29; 14:17:10; -5.6; -5.0; 0.3; -2.8; 22.2; 57; 58; 59; 54; 0.01; 0.01; 0.00; 0.00; 0; 0; 0; 0; 0; 0; 0
2016/04/29; 14:17:21; -5.6; -4.9; 0.3; -2.8; 22.2; 58; 58; 59; 54; 0.01; 0.01; 0.00; 0.00; 0; 0; 0; 0; 0; 0; 0
2016/04/29; 14:17:31; -5.6; -5.0; 0.3; -2.8; 22.2; 58; 58; 58; 54; 0.01; 0.01; 0.00; 0.00; 0; 0; 0; 0; 0; 0; 0
2016/04/29; 14:17:41; -5.6; -5.0; 0.3; -2.8; 22.3; 58; 58; 58; 54; 0.01; 0.01; 0.00; 0.00; 0; 0; 0; 0; 0; 0; 0
2016/04/29; 14:17:51; -5.6; -5.0; 0.3; -2.8; 22.3; 58; 59; 59; 54; 0.01; 0.01; 0.00; 0.00; 0; 0; 0; 0; 0; 0; 0
2016/04/29; 14:18:01; -5.6; -5.0; 0.3; -2.8; 22.3; 58; 58; 59; 54; 0.01; 0.01; 0.00; 0.00; 0; 0; 0; 0; 0; 0; 0
2016/04/29; 14:18:12; -5.6; -5.0; 0.3; -2.8; 22.3; 58; 58; 59; 54; 0.01; 0.01; 0.00; 0.00; 0; 0; 0; 0; 0; 0; 0
2016/04/29; 14:18:22; -5.6; -5.0; 0.3; -2.8; 22.4; 58; 58; 58; 54; 0.01; 0.01; 0.00; 0.00; 0; 0; 0; 0; 0; 0; 0
2016/04/29; 14:18:32; -5.6; -5.0; 0.3; -2.8; 22.4; 58; 58; 58; 54; 0.01; 0.01; 0.00; 0.00; 0; 0; 0; 0; 0; 0; 0
2016/04/29; 14:18:42; -5.6; -5.0; 0.3; -2.8; 22.4; 58; 58; 58; 55; 0.01; 0.01; 0.00; 0.00; 0; 0; 0; 0; 0; 0; 0
2016/04/29; 14:18:52; -5.6; -5.0; 0.3; -2.7; 22.4; 57; 2; 58; 55; 0.01; 0.01; 0.00; 0.00; 0; 0; 0; 0; 0; 0; 0
2016/04/29; 14:19:02; -5.6; -5.0; 0.3; -2.8; 22.5; 58; 56; 58; 54; 0.01; 0.01; 0.00; 0.00; 0; 0; 0; 0; 0; 0; 0
2016/04/29; 14:19:13; -5.6; -5.0; 0.3; -2.7; 22.5; 57; 0; 60; 0; 0.01; 0.01; 0.00; 0.00; 0; 0; 0; 0; 0; 0; 0
2016/04/29; 14:19:23; -5.5; -4.9; 0.3; -2.7; 22.5; 58; 57; 59; 37; 0.01; 0.01; 0.00; 0.00; 0; 0; 0; 0; 0; 0; 0
2016/04/29; 14:19:33; -5.5; -4.9; 0.3; -2.7; 22.6; 58; 57; 59; 50; 0.01; 0.01; 0.00; 0.00; 0; 0; 0; 0; 0; 0; 0
2016/04/29; 14:19:43; -5.5; -4.9; 0.3; -2.7; 22.6; 57; 56; 58; 53; 0.01; 0.01; 0.00; 0.00; 0; 0; 0; 0; 0; 0; 0
2016/04/29; 14:19:53; -5.5; -4.9; 0.3; -2.7; 22.7; 58; 57; 58; 54; 0.01; 0.01; 0.00; 0.00; 0; 0; 0; 0; 0; 0; 0
2016/04/29; 14:20:04; -5.5; -4.9; 0.3; -2.7; 22.7; 58; 57; 58; 54; 0.01; 0.01; 0.00; 0.00; 0; 0; 0; 0; 0; 0; 0
2016/04/29; 14:20:14; -5.5; -4.9; 0.3; -2.7; 22.7; 58; 57; 58; 55; 0.01; 0.01; 0.00; 0.00; 0; 0; 0; 0; 0; 0; 0
2016/04/29; 14:20:24; -5.5; -4.8; 0.3; -2.7; 22.7; 58; 57; 58; 54; 0.01; 0.01; 0.00; 0.00; 0; 0; 0; 0; 0; 0; 0
2016/04/29; 14:20:34; -5.5; -4.8; 0.4; -2.7; 22.8; 58; 57; 58; 54; 0.01; 0.01; 0.00; 0.00; 0; 0; 0; 0; 0; 0; 0
2016/04/29; 14:20:44; -5.5; -4.8; 0.4; -2.7; 22.8; 58; 57; 58; 54; 0.01; 0.01; 0.00; 0.00; 0; 0; 0; 0; 0; 0; 0
2016/04/29; 14:20:54; -5.4; -4.8; 0.4; -2.7; 22.8; 57; 57; 58; 54; 0.01; 0.01; 0.00; 0.00; 0; 0; 0; 0; 0; 0; 0
2016/04/29; 14:21:05; -5.4; -4.8; 0.4; -2.7; 22.8; 57; 57; 58; 54; 0.01; 0.01; 0.00; 0.00; 0; 0; 0; 0; 0; 0; 0
2016/04/29; 14:21:15; -5.4; -4.8; 0.4; -2.7; 22.8; 57; 57; 58; 54; 0.01; 0.01; 0.00; 0.00; 0; 0; 0; 0; 0; 0; 0
2016/04/29; 14:21:25; -5.4; -4.8; 0.4; -2.7; 22.9; 57; 57; 58; 54; 0.01; 0.01; 0.00; 0.00; 0; 0; 0; 0; 0; 0; 0
2016/04/29; 14:21:35; -5.4; -4.8; 0.4; -2.7; 23.0; 58; 57; 59; 54; 0.01; 0.01; 0.00; 0.00; 0; 0; 0; 0; 0; 0; 0
2016/04/29; 14:21:45; -5.4; -4.8; 0.4; -2.6; 22.9; 58; 58; 58; 54; 0.01; 0.01; 0.00; 0.00; 0; 0; 0; 0; 0; 0; 0
2016/04/29; 14:21:55; -5.4; -4.8; 0.4; -2.6; 23.0; 58; 58; 58; 54; 0.01; 0.01; 0.00; 0.00; 0; 0; 0; 0; 0; 0; 0
2016/04/29; 14:22:06; -5.4; -4.8; 0.4; -2.6; 23.0; 58; 57; 58; 55; 0.01; 0.01; 0.00; 0.00; 0; 0; 0; 0; 0; 0; 0
2016/04/29; 14:22:16; -5.4; -4.8; 0.4; -2.6; 23.0; 58; 57; 59; 54; 0.01; 0.01; 0.00; 0.00; 0; 0; 0; 0; 0; 0; 0
2016/04/29; 14:22:26; -5.4; -4.8; 0.4; -2.6; 23.1; 58; 57; 58; 53; 0.01; 0.01; 0.00; 0.00; 0; 0; 0; 0; 0; 0; 0
2016/04/29; 14:22:36; -5.4; -4.8; 0.4; -2.6; 23.1; 58; 58; 58; 54; 0.01; 0.01; 0.00; 0.00; 0; 0; 0; 0; 0; 0; 0
2016/04/29; 14:22:46; -5.4; -4.8; 0.4; -2.6; 23.1; 57; 58; 58; 54; 0.01; 0.01; 0.00; 0.00; 0; 0; 0; 0; 0; 0; 0
2016/04/29; 14:22:57; -5.4; -4.8; 0.4; -2.6; 23.1; 57; 58; 58; 54; 0.01; 0.01; 0.00; 0.00; 0; 0; 0; 0; 0; 0; 0
2016/04/29; 14:23:07; -5.4; -4.8; 0.4; -2.7; 23.1; 57; 58; 58; 54; 0.01; 0.01; 0.00; 0.00; 0; 0; 0; 0; 0; 0; 0
2016/04/29; 14:23:17; -5.4; -4.8; 0.4; -2.6; 23.2; 57; 58; 58; 55; 0.01; 0.01; 0.00; 0.00; 0; 0; 0; 0; 0; 0; 0
2016/04/29; 14:23:27; -5.4; -4.8; 0.4; -2.7; 23.2; 57; 59; 58; 55; 0.01; 0.01; 0.00; 0.00; 0; 0; 0; 0; 0; 0; 0
2016/04/29; 14:23:37; -5.4; -4.8; 0.4; -2.7; 23.2; 57; 58; 58; 54; 0.01; 0.01; 0.00; 0.00; 0; 0; 0; 0; 0; 0; 0
2016/04/29; 14:23:48; -5.4; -4.8; 0.4; -2.7; 23.2; 58; 58; 58; 54; 0.01; 0.01; 0.00; 0.00; 0; 0; 0; 0; 0; 0; 0
2016/04/29; 14:23:58; -5.4; -4.8; 0.4; -2.7; 23.2; 58; 58; 58; 55; 0.01; 0.01; 0.00; 0.00; 0; 0; 0; 0; 0; 0; 0
2016/04/29; 14:24:08; -5.4; -4.8; 0.4; -2.7; 23.2; 57; 57; 59; 54; 0.01; 0.01; 0.00; 0.00; 0; 0; 0; 0; 0; 0; 0
2016/04/29; 14:24:18; -5.4; -4.9; 0.4; -2.7; 23.3; 57; 57; 59; 54; 0.01; 0.01; 0.00; 0.00; 0; 0; 0; 0; 0; 0; 0
2016/04/29; 14:24:28; -5.4; -4.8; 0.4; -2.7; 23.3; 57; 58; 59; 54; 0.01; 0.01; 0.00; 0.00; 0; 0; 0; 0; 0; 0; 0
2016/04/29; 14:24:38; -5.4; -4.8; 0.4; -2.7; 23.4; 57; 58; 58; 55; 0.01; 0.01; 0.00; 0.00; 0; 0; 0; 0; 0; 0; 0
2016/04/29; 14:24:49; -5.4; -4.9; 0.4; -2.7; 23.4; 57; 58; 59; 54; 0.01; 0.01; 0.00; 0.00; 0; 0; 0; 0; 0; 0; 0
2016/04/29; 14:24:59; -5.4; -4.9; 0.4; -2.7; 23.4; 57; 57; 58; 54; 0.01; 0.01; 0.00; 0.00; 0; 0; 0; 0; 0; 0; 0
2016/04/29; 14:25:09; -5.4; -4.8; 0.3; -2.7; 23.4; 57; 57; 58; 55; 0.01; 0.01; 0.00; 0.00; 0; 0; 0; 0; 0; 0; 0
2016/04/29; 14:25:19; -5.4; -4.9; 0.3; -2.7; 23.5; 57; 57; 58; 54; 0.01; 0.01; 0.00; 0.00; 0; 0; 0; 0; 0; 0; 0
2016/04/29; 14:25:29; -5.5; -4.9; 0.3; -2.7; 23.5; 57; 57; 58; 54; 0.01; 0.01; 0.00; 0.00; 0; 0; 0; 0; 0; 0; 0
2016/04/29; 14:25:40; -5.5; -4.9; 0.3; -2.7; 23.5; 57; 57; 58; 54; 0.01; 0.01; 0.00; 0.00; 0; 0; 0; 0; 0; 0; 0
2016/04/29; 14:25:50; -5.4; -4.9; 0.3; -2.7; 23.5; 58; 58; 58; 54; 0.01; 0.01; 0.00; 0.00; 0; 0; 0; 0; 0; 0; 0
2016/04/29; 14:26:00; -5.4; -4.9; 0.3; -2.7; 23.5; 57; 58; 58; 54; 0.01; 0.01; 0.00; 0.00; 0; 0; 0; 0; 0; 0; 0
2016/04/29; 14:26:10; -5.4; -4.9; 0.3; -2.7; 23.6; 57; 58; 58; 55; 0.01; 0.01; 0.00; 0.00; 0; 0; 0; 0; 0; 0; 0
2016/04/29; 14:26:20; -5.5; -4.9; 0.3; -2.7; 23.6; 57; 58; 58; 55; 0.01; 0.01; 0.00; 0.00; 0; 0; 0; 0; 0; 0; 0
2016/04/29; 14:26:30; -5.4; -4.9; 0.3; -2.7; 23.6; 57; 57; 59; 55; 0.01; 0.01; 0.00; 0.00; 0; 0; 0; 0; 0; 0; 0
2016/04/29; 14:26:41; -5.4; -4.8; 0.3; -2.7; 23.6; 57; 57; 59; 55; 0.01; 0.01; 0.00; 0.00; 0; 0; 0; 0; 0; 0; 0
2016/04/29; 14:26:51; -5.5; -4.9; 0.3; -2.7; 23.7; 57; 58; 58; 55; 0.01; 0.01; 0.00; 0.00; 0; 0; 0; 0; 0; 0; 0
2016/04/29; 14:27:01; -5.4; -4.9; 0.3; -2.7; 23.7; 57; 58; 58; 55; 0.01; 0.01; 0.00; 0.00; 0; 0; 0; 0; 0; 0; 0
2016/04/29; 14:27:11; -5.4; -4.9; 0.3; -2.7; 23.7; 57; 57; 58; 54; 0.01; 0.01; 0.00; 0.00; 0; 0; 0; 0; 0; 0; 0
2016/04/29; 14:27:21; -5.4; -4.9; 0.3; -2.7; 23.7; 57; 57; 58; 54; 0.01; 0.01; 0.00; 0.00; 0; 0; 0; 0; 0; 0; 0
2016/04/29; 14:27:32; -5.4; -4.8; 0.3; -2.7; 23.8; 57; 57; 59; 54; 0.01; 0.01; 0.00; 0.00; 0; 0; 0; 0; 0; 0; 0
2016/04/29; 14:27:42; -5.4; -4.8; 0.3; -2.7; 23.8; 56; 57; 59; 55; 0.01; 0.01; 0.00; 0.00; 0; 0; 0; 0; 0; 0; 0
2016/04/29; 14:27:52; -5.4; -4.8; 0.3; -2.7; 23.8; 56; 57; 58; 55; 0.01; 0.01; 0.00; 0.00; 0; 0; 0; 0; 0; 0; 0
2016/04/29; 14:28:02; -5.4; -4.8; 0.3; -2.7; 23.8; 56; 58; 58; 55; 0.01; 0.01; 0.00; 0.00; 0; 0; 0; 0; 0; 0; 0
2016/04/29; 14:28:12; -5.4; -4.8; 0.3; -2.7; 23.8; 57; 57; 59; 55; 0.01; 0.01; 0.00; 0.00; 0; 0; 0; 0; 0; 0; 0
2016/04/29; 14:28:23; -5.4; -4.8; 0.3; -2.7; 23.9; 57; 57; 59; 54; 0.01; 0.01; 0.00; 0.00; 0; 0; 0; 0; 0; 0; 0
2016/04/29; 14:28:33; -5.4; -4.9; 0.3; -2.7; 23.9; 57; 56; 59; 55; 0.01; 0.01; 0.00; 0.00; 0; 0; 0; 0; 0; 0; 0
2016/04/29; 14:28:43; -5.4; -4.8; 0.3; -2.7; 23.9; 57; 57; 58; 55; 0.01; 0.01; 0.00; 0.00; 0; 0; 0; 0; 0; 0; 0
2016/04/29; 14:28:53; -5.4; -4.8; 0.3; -2.7; 24.0; 57; 57; 58; 54; 0.01; 0.01; 0.00; 0.00; 0; 0; 0; 0; 0; 0; 0
2016/04/29; 14:29:03; -5.4; -4.8; 0.3; -2.7; 24.0; 56; 57; 59; 55; 0.01; 0.01; 0.00; 0.00; 0; 0; 0; 0; 0; 0; 0
2016/04/29; 14:29:13; -5.4; -4.8; 0.3; -2.7; 24.0; 56; 57; 59; 55; 0.01; 0.01; 0.00; 0.00; 0; 0; 0; 0; 0; 0; 0
2016/04/29; 14:29:24; -5.4; -4.8; 0.3; -2.7; 24.0; 56; 57; 59; 55; 0.01; 0.01; 0.00; 0.00; 0; 0; 0; 0; 0; 0; 0
2016/04/29; 14:29:34; -5.4; -4.8; 0.3; -2.7; 24.0; 56; 56; 58; 55; 0.01; 0.01; 0.00; 0.00; 0; 0; 0; 0; 0; 0; 0
2016/04/29; 14:29:44; -5.4; -4.8; 0.3; -2.7; 24.0; 57; 57; 58; 55; 0.01; 0.01; 0.00; 0.00; 0; 0; 0; 0; 0; 0; 0
2016/04/29; 14:29:54; -5.4; -4.8; 0.3; -2.7; 24.1; 57; 57; 58; 55; 0.01; 0.01; 0.00; 0.00; 0; 0; 0; 0; 0; 0; 0
2016/04/29; 14:30:04; -5.4; -4.8; 0.3; -2.7; 24.1; 56; 56; 59; 55; 0.01; 0.01; 0.00; 0.00; 0; 0; 0; 0; 0; 0; 0
2016/04/29; 14:30:15; -5.4; -4.8; 0.3; -2.7; 24.1; 55; 55; 59; 55; 0.01; 0.01; 0.00; 0.00; 0; 0; 0; 0; 0; 0; 0
2016/04/29; 14:30:25; -5.4; -4.7; 0.3; -2.7; 24.1; 56; 56; 58; 55; 0.01; 0.01; 0.00; 0.00; 0; 0; 0; 0; 0; 0; 0
2016/04/29; 14:30:35; -5.4; -4.8; 0.3; -2.7; 24.1; 56; 56; 59; 54; 0.01; 0.01; 0.00; 0.00; 0; 0; 0; 0; 0; 0; 0
2016/04/29; 14:30:45; -5.4; -4.8; 0.3; -2.7; 24.2; 56; 57; 58; 55; 0.01; 0.01; 0.00; 0.00; 0; 0; 0; 0; 0; 0; 0
2016/04/29; 14:30:55; -5.4; -4.8; 0.3; -2.7; 24.2; 56; 56; 58; 54; 0.01; 0.01; 0.00; 0.00; 0; 0; 0; 0; 0; 0; 0
2016/04/29; 14:31:05; -5.4; -4.8; 0.3; -2.7; 24.2; 55; 55; 58; 55; 0.01; 0.01; 0.00; 0.00; 0; 0; 0; 0; 0; 0; 0
2016/04/29; 14:31:16; -5.4; -4.8; 0.3; -2.7; 24.2; 55; 55; 59; 54; 0.01; 0.01; 0.00; 0.00; 0; 0; 0; 0; 0; 0; 0
2016/04/29; 14:31:26; -5.4; -4.8; 0.3; -2.7; 24.2; 55; 56; 59; 55; 0.01; 0.01; 0.00; 0.00; 0; 0; 0; 0; 0; 0; 0
2016/04/29; 14:31:36; -5.4; -4.8; 0.3; -2.7; 24.2; 55; 55; 59; 55; 0.01; 0.01; 0.00; 0.00; 0; 0; 0; 0; 0; 0; 0
2016/04/29; 14:31:46; -5.4; -4.8; 0.3; -2.7; 24.3; 56; 56; 58; 55; 0.01; 0.01; 0.00; 0.00; 0; 0; 0; 0; 0; 0; 0
2016/04/29; 14:31:57; -5.4; -4.8; 0.3; -2.7; 24.2; 54; 55; 59; 54; 0.01; 0.01; 0.00; 0.00; 0; 0; 0; 0; 0; 0; 0
2016/04/29; 14:32:07; -5.4; -4.8; 0.3; -2.7; 24.3; 54; 55; 59; 54; 0.01; 0.01; 0.00; 0.00; 0; 0; 0; 0; 0; 0; 0
2016/04/29; 14:32:17; -5.4; -4.8; 0.3; -2.7; 24.3; 55; 55; 58; 54; 0.01; 0.01; 0.00; 0.00; 0; 0; 0; 0; 0; 0; 0
2016/04/29; 14:32:27; -5.4; -4.8; 0.3; -2.7; 24.3; 55; 55; 58; 55; 0.01; 0.01; 0.00; 0.00; 0; 0; 0; 0; 0; 0; 0
2016/04/29; 14:32:37; -5.4; -4.8; 0.3; -2.7; 24.3; 55; 56; 58; 55; 0.01; 0.01; 0.00; 0.00; 0; 0; 0; 0; 0; 0; 0
2016/04/29; 14:32:48; -5.4; -4.8; 0.3; -2.7; 24.3; 55; 57; 59; 55; 0.01; 0.01; 0.00; 0.00; 0; 0; 0; 0; 0; 0; 0
2016/04/29; 14:32:58; -5.4; -4.8; 0.3; -2.7; 24.4; 55; 56; 58; 55; 0.01; 0.01; 0.00; 0.00; 0; 0; 0; 0; 0; 0; 0
2016/04/29; 14:33:08; -5.4; -4.8; 0.3; -2.7; 24.4; 54; 55; 59; 55; 0.01; 0.01; 0.00; 0.00; 0; 0; 0; 0; 0; 0; 0
2016/04/29; 14:33:18; -5.4; -4.8; 0.3; -2.7; 24.4; 55; 56; 59; 56; 0.01; 0.01; 0.00; 0.00; 0; 0; 0; 0; 0; 0; 0
2016/04/29; 14:33:28; -5.4; -4.8; 0.3; -2.7; 24.4; 55; 55; 59; 55; 0.01; 0.01; 0.00; 0.00; 0; 0; 0; 0; 0; 0; 0
2016/04/29; 14:33:38; -5.4; -4.8; 0.3; -2.7; 24.5; 55; 56; 59; 55; 0.01; 0.01; 0.00; 0.00; 0; 0; 0; 0; 0; 0; 0
2016/04/29; 14:33:49; -5.4; -4.8; 0.3; -2.7; 24.5; 55; 55; 58; 55; 0.01; 0.01; 0.00; 0.00; 0; 0; 0; 0; 0; 0; 0
2016/04/29; 14:33:59; -5.4; -4.8; 0.3; -2.7; 24.5; 54; 55; 58; 55; 0.01; 0.01; 0.00; 0.00; 0; 0; 0; 0; 0; 0; 0
2016/04/29; 14:34:09; -5.4; -4.8; 0.3; -2.7; 24.5; 55; 55; 58; 55; 0.01; 0.01; 0.00; 0.00; 0; 0; 0; 0; 0; 0; 0
2016/04/29; 14:34:19; -5.4; -4.8; 0.3; -2.7; 24.5; 54; 54; 58; 55; 0.01; 0.01; 0.00; 0.00; 0; 0; 0; 0; 0; 0; 0
2016/04/29; 14:34:30; -5.4; -4.8; 0.3; -2.7; 24.6; 54; 53; 58; 54; 0.01; 0.01; 0.00; 0.00; 0; 0; 0; 0; 0; 0; 0
2016/04/29; 14:34:40; -5.4; -4.8; 0.3; -2.7; 24.6; 55; 53; 58; 54; 0.01; 0.01; 0.00; 0.00; 0; 0; 0; 0; 0; 0; 0
2016/04/29; 14:34:50; -5.4; -4.8; 0.3; -2.7; 24.6; 55; 55; 59; 54; 0.01; 0.01; 0.00; 0.00; 0; 0; 0; 0; 0; 0; 0
2016/04/29; 14:35:00; -5.4; -4.8; 0.3; -2.7; 24.6; 56; 55; 58; 55; 0.01; 0.01; 0.00; 0.00; 0; 0; 0; 0; 0; 0; 0
2016/04/29; 14:35:10; -5.4; -4.8; 0.3; -2.7; 24.7; 56; 55; 58; 55; 0.01; 0.01; 0.00; 0.00; 0; 0; 0; 0; 0; 0; 0
2016/04/29; 14:35:20; -5.4; -4.8; 0.3; -2.7; 24.7; 55; 55; 58; 55; 0.01; 0.01; 0.00; 0.00; 0; 0; 0; 0; 0; 0; 0
2016/04/29; 14:35:30; -5.4; -4.8; 0.3; -2.7; 24.7; 55; 55; 58; 55; 0.01; 0.01; 0.00; 0.00; 0; 0; 0; 0; 0; 0; 0
2016/04/29; 14:35:41; -5.4; -4.8; 0.3; -2.7; 24.7; 55; 55; 58; 55; 0.01; 0.01; 0.00; 0.00; 0; 0; 0; 0; 0; 0; 0
2016/04/29; 14:35:51; -5.4; -4.8; 0.3; -2.7; 24.8; 56; 54; 58; 55; 0.01; 0.01; 0.00; 0.00; 0; 0; 0; 0; 0; 0; 0
2016/04/29; 14:36:01; -5.4; -4.8; 0.3; -2.7; 24.8; 56; 55; 58; 55; 0.01; 0.01; 0.00; 0.00; 0; 0; 0; 0; 0; 0; 0
2016/04/29; 14:36:11; -5.4; -4.8; 0.3; -2.7; 24.8; 56; 55; 58; 55; 0.01; 0.01; 0.00; 0.00; 0; 0; 0; 0; 0; 0; 0
2016/04/29; 14:36:21; -5.4; -4.8; 0.3; -2.7; 24.8; 55; 55; 58; 55; 0.01; 0.01; 0.00; 0.00; 0; 0; 0; 0; 0; 0; 0
2016/04/29; 14:36:31; -5.4; -4.8; 0.3; -2.7; 24.8; 55; 54; 58; 54; 0.01; 0.01; 0.00; 0.00; 0; 0; 0; 0; 0; 0; 0
2016/04/29; 14:36:42; -5.4; -4.8; 0.3; -2.7; 24.9; 56; 54; 59; 54; 0.01; 0.01; 0.00; 0.00; 0; 0; 0; 0; 0; 0; 0
2016/04/29; 14:36:52; -5.4; -4.8; 0.3; -2.7; 24.9; 56; 54; 58; 54; 0.01; 0.01; 0.00; 0.00; 0; 0; 0; 0; 0; 0; 0
2016/04/29; 14:37:02; -5.4; -4.8; 0.3; -2.7; 25.0; 56; 54; 58; 54; 0.01; 0.01; 0.00; 0.00; 0; 0; 0; 0; 0; 0; 0
2016/04/29; 14:37:12; -5.4; -4.8; 0.2; -2.7; 24.9; 56; 54; 58; 54; 0.01; 0.01; 0.00; 0.00; 0; 0; 0; 0; 0; 0; 0
2016/04/29; 14:37:22; -5.4; -4.8; 0.3; -2.7; 24.9; 57; 54; 59; 54; 0.01; 0.01; 0.00; 0.00; 0; 0; 0; 0; 0; 0; 0
2016/04/29; 14:37:33; -5.4; -4.8; 0.3; -2.7; 24.9; 57; 54; 58; 54; 0.01; 0.01; 0.00; 0.00; 0; 0; 0; 0; 0; 0; 0
2016/04/29; 14:37:43; -5.4; -4.8; 0.3; -2.7; 25.0; 57; 55; 59; 54; 0.01; 0.01; 0.00; 0.00; 0; 0; 0; 0; 0; 0; 0
2016/04/29; 14:37:53; -5.4; -4.8; 0.2; -2.7; 25.0; 56; 53; 58; 54; 0.01; 0.01; 0.00; 0.00; 0; 0; 0; 0; 0; 0; 0
2016/04/29; 14:38:03; -5.4; -4.8; 0.2; -2.7; 25.0; 57; 54; 58; 54; 0.01; 0.01; 0.00; 0.00; 0; 0; 0; 0; 0; 0; 0
2016/04/29; 14:38:13; -5.4; -4.8; 0.2; -2.7; 25.1; 58; 54; 59; 55; 0.01; 0.01; 0.00; 0.00; 0; 0; 0; 0; 0; 0; 0
2016/04/29; 14:38:23; -5.4; -4.8; 0.3; -2.7; 25.1; 57; 54; 59; 54; 0.01; 0.01; 0.00; 0.00; 0; 0; 0; 0; 0; 0; 0
2016/04/29; 14:38:34; -5.4; -4.8; 0.2; -2.7; 25.1; 57; 54; 59; 55; 0.01; 0.01; 0.00; 0.00; 0; 0; 0; 0; 0; 0; 0
2016/04/29; 14:38:44; -5.4; -4.8; 0.2; -2.7; 25.1; 56; 54; 59; 55; 0.01; 0.01; 0.00; 0.00; 0; 0; 0; 0; 0; 0; 0
2016/04/29; 14:38:54; -5.4; -4.8; 0.2; -2.7; 25.2; 57; 55; 59; 55; 0.01; 0.01; 0.00; 0.00; 0; 0; 0; 0; 0; 0; 0
2016/04/29; 14:39:04; -5.4; -4.8; 0.2; -2.7; 25.2; 57; 55; 59; 54; 0.01; 0.01; 0.00; 0.00; 0; 0; 0; 0; 0; 0; 0
2016/04/29; 14:39:14; -5.4; -4.8; 0.2; -2.7; 25.2; 58; 55; 59; 55; 0.01; 0.01; 0.00; 0.00; 0; 0; 0; 0; 0; 0; 0
2016/04/29; 14:39:25; -5.4; -4.8; 0.2; -2.7; 25.2; 57; 54; 59; 54; 0.01; 0.01; 0.00; 0.00; 0; 0; 0; 0; 0; 0; 0
2016/04/29; 14:39:35; -5.4; -4.8; 0.2; -2.7; 25.3; 57; 54; 59; 54; 0.01; 0.01; 0.00; 0.00; 0; 0; 0; 0; 0; 0; 0
2016/04/29; 14:39:45; -5.4; -4.8; 0.2; -2.7; 25.3; 57; 54; 59; 54; 0.01; 0.01; 0.00; 0.00; 0; 0; 0; 0; 0; 0; 0
2016/04/29; 14:39:55; -5.4; -4.8; 0.2; -2.7; 25.3; 57; 55; 59; 54; 0.01; 0.01; 0.00; 0.00; 0; 0; 0; 0; 0; 0; 0
2016/04/29; 14:40:05; -5.4; -4.8; 0.2; -2.7; 25.3; 58; 55; 59; 54; 0.01; 0.01; 0.00; 0.00; 0; 0; 0; 0; 0; 0; 0
2016/04/29; 14:40:16; -5.4; -4.8; 0.2; -2.7; 25.4; 58; 54; 58; 54; 0.01; 0.01; 0.00; 0.00; 0; 0; 0; 0; 0; 0; 0
2016/04/29; 14:40:26; -5.4; -4.8; 0.2; -2.7; 25.4; 57; 54; 59; 54; 0.01; 0.01; 0.00; 0.00; 0; 0; 0; 0; 0; 0; 0
2016/04/29; 14:40:36; -5.4; -4.8; 0.2; -2.7; 25.4; 58; 54; 58; 55; 0.01; 0.01; 0.00; 0.00; 0; 0; 0; 0; 0; 0; 0
2016/04/29; 14:40:46; -5.4; -4.8; 0.2; -2.7; 25.4; 57; 55; 59; 53; 0.01; 0.01; 0.00; 0.00; 0; 0; 0; 0; 0; 0; 0
2016/04/29; 14:40:56; -5.4; -4.8; 0.2; -2.6; 25.4; 58; 55; 58; 54; 0.01; 0.01; 0.00; 0.00; 0; 0; 0; 0; 0; 0; 0
2016/04/29; 14:41:07; -5.4; -4.7; 0.2; -2.7; 25.5; 57; 55; 58; 54; 0.01; 0.01; 0.00; 0.00; 0; 0; 0; 0; 0; 0; 0
2016/04/29; 14:41:17; -5.4; -4.8; 0.2; -2.6; 25.5; 57; 56; 58; 55; 0.01; 0.01; 0.00; 0.00; 0; 0; 0; 0; 0; 0; 0
2016/04/29; 14:41:27; -5.4; -4.8; 0.2; -2.7; 25.5; 58; 56; 59; 55; 0.01; 0.01; 0.00; 0.00; 0; 0; 0; 0; 0; 0; 0
2016/04/29; 14:41:37; -5.4; -4.8; 0.2; -2.7; 25.6; 58; 56; 59; 55; 0.01; 0.01; 0.00; 0.00; 0; 0; 0; 0; 0; 0; 0
2016/04/29; 14:41:47; -5.4; -4.8; 0.2; -2.6; 25.6; 58; 56; 59; 55; 0.01; 0.01; 0.00; 0.00; 0; 0; 0; 0; 0; 0; 0
2016/04/29; 14:41:58; -5.4; -4.8; 0.2; -2.7; 25.6; 58; 57; 59; 55; 0.01; 0.01; 0.00; 0.00; 0; 0; 0; 0; 0; 0; 0
2016/04/29; 14:42:08; -5.4; -4.8; 0.2; -2.7; 25.6; 57; 56; 59; 55; 0.01; 0.01; 0.00; 0.00; 0; 0; 0; 0; 0; 0; 0
2016/04/29; 14:42:18; -5.4; -4.8; 0.2; -2.7; 25.7; 57; 57; 59; 55; 0.01; 0.01; 0.00; 0.00; 0; 0; 0; 0; 0; 0; 0
2016/04/29; 14:42:28; -5.4; -4.8; 0.2; -2.7; 25.7; 57; 56; 59; 55; 0.01; 0.01; 0.00; 0.00; 0; 0; 0; 0; 0; 0; 0
2016/04/29; 14:42:38; -5.4; -4.8; 0.2; -2.6; 25.7; 57; 56; 58; 55; 0.01; 0.01; 0.00; 0.00; 0; 0; 0; 0; 0; 0; 0
2016/04/29; 14:42:48; -5.4; -4.8; 0.2; -2.7; 25.7; 57; 56; 58; 55; 0.01; 0.01; 0.00; 0.00; 0; 0; 0; 0; 0; 0; 0
2016/04/29; 14:42:59; -5.4; -4.7; 0.2; -2.7; 25.7; 57; 56; 58; 54; 0.01; 0.01; 0.00; 0.00; 0; 0; 0; 0; 0; 0; 0
2016/04/29; 14:43:09; -5.4; -4.8; 0.2; -2.7; 25.7; 57; 55; 58; 55; 0.01; 0.01; 0.00; 0.00; 0; 0; 0; 0; 0; 0; 0
2016/04/29; 14:43:19; -5.4; -4.8; 0.2; -2.7; 25.8; 57; 55; 59; 55; 0.01; 0.01; 0.00; 0.00; 0; 0; 0; 0; 0; 0; 0
2016/04/29; 14:43:29; -5.4; -4.8; 0.2; -2.7; 25.8; 57; 55; 58; 54; 0.01; 0.01; 0.00; 0.00; 0; 0; 0; 0; 0; 0; 0
2016/04/29; 14:43:39; -5.4; -4.8; 0.2; -2.7; 25.8; 57; 55; 58; 54; 0.01; 0.01; 0.00; 0.00; 0; 0; 0; 0; 0; 0; 0
2016/04/29; 14:43:49; -5.4; -4.8; 0.2; -2.7; 25.8; 57; 56; 58; 55; 0.01; 0.01; 0.00; 0.00; 0; 0; 0; 0; 0; 0; 0
2016/04/29; 14:44:00; -5.4; -4.8; 0.2; -2.6; 25.9; 57; 56; 59; 55; 0.01; 0.01; 0.00; 0.00; 0; 0; 0; 0; 0; 0; 0
2016/04/29; 14:44:10; -5.4; -4.8; 0.2; -2.6; 25.9; 57; 56; 60; 55; 0.01; 0.01; 0.00; 0.00; 0; 0; 0; 0; 0; 0; 0
2016/04/29; 14:44:20; -5.4; -4.8; 0.2; -2.7; 25.9; 57; 56; 60; 55; 0.01; 0.01; 0.00; 0.00; 0; 0; 0; 0; 0; 0; 0
2016/04/29; 14:44:30; -5.4; -4.8; 0.2; -2.6; 25.9; 58; 56; 59; 54; 0.01; 0.01; 0.00; 0.00; 0; 0; 0; 0; 0; 0; 0
2016/04/29; 14:44:40; -5.4; -4.8; 0.2; -2.6; 26.0; 57; 55; 59; 55; 0.01; 0.01; 0.00; 0.00; 0; 0; 0; 0; 0; 0; 0
2016/04/29; 14:44:51; -5.4; -4.8; 0.2; -2.7; 26.0; 58; 57; 59; 55; 0.01; 0.01; 0.00; 0.00; 0; 0; 0; 0; 0; 0; 0
2016/04/29; 14:45:01; -5.4; -4.8; 0.2; -2.7; 26.0; 57; 56; 58; 55; 0.01; 0.01; 0.00; 0.00; 0; 0; 0; 0; 0; 0; 0
2016/04/29; 14:45:11; -5.4; -4.7; 0.2; -2.6; 26.0; 57; 56; 59; 55; 0.01; 0.01; 0.00; 0.00; 0; 0; 0; 0; 0; 0; 0
2016/04/29; 14:45:21; -5.4; -4.7; 0.2; -2.7; 26.1; 58; 56; 59; 54; 0.01; 0.01; 0.00; 0.00; 0; 0; 0; 0; 0; 0; 0
2016/04/29; 14:45:31; -5.4; -4.8; 0.2; -2.6; 26.1; 57; 57; 58; 55; 0.01; 0.01; 0.00; 0.00; 0; 0; 0; 0; 0; 0; 0
2016/04/29; 14:45:42; -5.4; -4.8; 0.2; -2.6; 26.1; 57; 57; 59; 55; 0.01; 0.01; 0.00; 0.00; 0; 0; 0; 0; 0; 0; 0
2016/04/29; 14:45:52; -5.4; -4.7; 0.2; -2.7; 26.1; 57; 57; 59; 55; 0.01; 0.01; 0.00; 0.00; 0; 0; 0; 0; 0; 0; 0
2016/04/29; 14:46:02; -5.4; -4.7; 0.2; -2.6; 26.1; 57; 57; 58; 55; 0.01; 0.01; 0.00; 0.00; 0; 0; 0; 0; 0; 0; 0
2016/04/29; 14:46:12; -5.4; -4.8; 0.2; -2.6; 26.2; 57; 57; 58; 54; 0.01; 0.01; 0.00; 0.00; 0; 0; 0; 0; 0; 0; 0
2016/04/29; 14:46:22; -5.4; -4.7; 0.2; -2.6; 26.2; 58; 57; 59; 54; 0.01; 0.01; 0.00; 0.00; 0; 0; 0; 0; 0; 0; 0
2016/04/29; 14:46:33; -5.4; -4.7; 0.2; -2.6; 26.2; 58; 57; 59; 54; 0.01; 0.01; 0.00; 0.00; 0; 0; 0; 0; 0; 0; 0
2016/04/29; 14:46:43; -5.4; -4.8; 0.2; -2.6; 26.2; 58; 57; 59; 54; 0.01; 0.01; 0.00; 0.00; 0; 0; 0; 0; 0; 0; 0
2016/04/29; 14:46:53; -5.4; -4.7; 0.2; -2.6; 26.3; 58; 57; 58; 54; 0.01; 0.01; 0.00; 0.00; 0; 0; 0; 0; 0; 0; 0
2016/04/29; 14:47:03; -5.4; -4.7; 0.2; -2.7; 26.3; 57; 57; 58; 54; 0.01; 0.01; 0.00; 0.00; 0; 0; 0; 0; 0; 0; 0
2016/04/29; 14:47:13; -5.4; -4.7; 0.2; -2.6; 26.3; 58; 57; 58; 54; 0.01; 0.01; 0.00; 0.00; 0; 0; 0; 0; 0; 0; 0
2016/04/29; 14:47:23; -5.3; -4.8; 0.2; -2.6; 26.3; 58; 57; 58; 55; 0.01; 0.01; 0.00; 0.00; 0; 0; 0; 0; 0; 0; 0
2016/04/29; 14:47:34; -5.4; -4.7; 0.2; -2.7; 26.3; 58; 57; 59; 54; 0.01; 0.01; 0.00; 0.00; 0; 0; 0; 0; 0; 0; 0
2016/04/29; 14:47:44; -5.4; -4.7; 0.2; -2.6; 26.3; 58; 57; 59; 54; 0.01; 0.01; 0.00; 0.00; 0; 0; 0; 0; 0; 0; 0
2016/04/29; 14:47:54; -5.3; -4.7; 0.2; -2.6; 26.4; 58; 57; 59; 54; 0.01; 0.01; 0.00; 0.00; 0; 0; 0; 0; 0; 0; 0
2016/04/29; 14:48:04; -5.4; -4.7; 0.2; -2.6; 26.4; 59; 57; 59; 54; 0.01; 0.01; 0.00; 0.00; 0; 0; 0; 0; 0; 0; 0
2016/04/29; 14:48:14; -5.4; -4.8; 0.2; -2.6; 26.4; 58; 57; 58; 54; 0.01; 0.01; 0.00; 0.00; 0; 0; 0; 0; 0; 0; 0
2016/04/29; 14:48:25; -5.4; -4.7; 0.2; -2.7; 26.4; 57; 57; 59; 54; 0.01; 0.01; 0.00; 0.00; 0; 0; 0; 0; 0; 0; 0
2016/04/29; 14:48:35; -5.3; -4.8; 0.2; -2.6; 26.4; 57; 57; 59; 55; 0.01; 0.01; 0.00; 0.00; 0; 0; 0; 0; 0; 0; 0
2016/04/29; 14:48:45; -5.4; -4.7; 0.2; -2.6; 26.5; 57; 58; 59; 55; 0.01; 0.01; 0.00; 0.00; 0; 0; 0; 0; 0; 0; 0
2016/04/29; 14:48:55; -5.4; -4.7; 0.2; -2.6; 26.4; 57; 58; 59; 55; 0.01; 0.01; 0.00; 0.00; 0; 0; 0; 0; 0; 0; 0
2016/04/29; 14:49:05; -5.3; -4.7; 0.2; -2.6; 26.5; 58; 57; 58; 54; 0.01; 0.01; 0.00; 0.00; 0; 0; 0; 0; 0; 0; 0
2016/04/29; 14:49:16; -5.3; -4.7; 0.2; -2.6; 26.5; 57; 57; 59; 55; 0.01; 0.01; 0.00; 0.00; 0; 0; 0; 0; 0; 0; 0
2016/04/29; 14:49:26; -5.4; -4.7; 0.2; -2.6; 26.5; 57; 57; 59; 55; 0.01; 0.01; 0.00; 0.00; 0; 0; 0; 0; 0; 0; 0
2016/04/29; 14:49:36; -5.3; -4.7; 0.2; -2.6; 26.5; 57; 58; 59; 55; 0.01; 0.01; 0.00; 0.00; 0; 0; 0; 0; 0; 0; 0
2016/04/29; 14:49:46; -5.4; -4.7; 0.2; -2.6; 26.5; 57; 57; 59; 54; 0.01; 0.01; 0.00; 0.00; 0; 0; 0; 0; 0; 0; 0
2016/04/29; 14:49:56; -5.3; -4.7; 0.2; -2.6; 26.5; 58; 58; 58; 54; 0.01; 0.01; 0.00; 0.00; 0; 0; 0; 0; 0; 0; 0
2016/04/29; 14:50:07; -5.3; -4.7; 0.2; -2.6; 26.6; 58; 57; 58; 55; 0.01; 0.01; 0.00; 0.00; 0; 0; 0; 0; 0; 0; 0
2016/04/29; 14:50:17; -5.3; -4.7; 0.2; -2.6; 26.6; 57; 58; 58; 55; 0.01; 0.01; 0.00; 0.00; 0; 0; 0; 0; 0; 0; 0
2016/04/29; 14:50:27; -5.4; -4.7; 0.2; -2.6; 26.6; 58; 58; 58; 55; 0.01; 0.01; 0.00; 0.00; 0; 0; 0; 0; 0; 0; 0
2016/04/29; 14:50:37; -5.3; -4.7; 0.2; -2.6; 26.6; 57; 58; 58; 55; 0.01; 0.01; 0.00; 0.00; 0; 0; 0; 0; 0; 0; 0
2016/04/29; 14:50:47; -5.3; -4.6; 0.2; -2.6; 26.6; 57; 58; 58; 55; 0.01; 0.01; 0.00; 0.00; 0; 0; 0; 0; 0; 0; 0
2016/04/29; 14:50:57; -5.4; -4.7; 0.2; -2.6; 26.6; 57; 58; 59; 55; 0.01; 0.01; 0.00; 0.00; 0; 0; 0; 0; 0; 0; 0
2016/04/29; 14:51:08; -5.3; -4.7; 0.2; -2.6; 26.7; 57; 58; 59; 55; 0.01; 0.01; 0.00; 0.00; 0; 0; 0; 0; 0; 0; 0
2016/04/29; 14:51:18; -5.3; -4.7; 0.2; -2.6; 26.7; 57; 58; 59; 55; 0.01; 0.01; 0.00; 0.00; 0; 0; 0; 0; 0; 0; 0
2016/04/29; 14:51:28; -5.3; -4.7; 0.2; -2.6; 26.7; 58; 57; 59; 54; 0.01; 0.01; 0.00; 0.00; 0; 0; 0; 0; 0; 0; 0
2016/04/29; 14:51:38; -5.4; -4.7; 0.2; -2.6; 26.7; 58; 57; 58; 54; 0.01; 0.01; 0.00; 0.00; 0; 0; 0; 0; 0; 0; 0
2016/04/29; 14:51:48; -5.3; -4.7; 0.2; -2.6; 26.7; 57; 58; 58; 55; 0.01; 0.01; 0.00; 0.00; 0; 0; 0; 0; 0; 0; 0
2016/04/29; 14:51:58; -5.3; -4.7; 0.2; -2.6; 26.8; 57; 58; 59; 55; 0.01; 0.01; 0.00; 0.00; 0; 0; 0; 0; 0; 0; 0
2016/04/29; 14:52:09; -5.4; -4.7; 0.2; -2.6; 26.7; 57; 57; 58; 54; 0.01; 0.01; 0.00; 0.00; 0; 0; 0; 0; 0; 0; 0
2016/04/29; 14:52:19; -5.4; -4.7; 0.2; -2.6; 26.7; 58; 58; 59; 55; 0.01; 0.01; 0.00; 0.00; 0; 0; 0; 0; 0; 0; 0
2016/04/29; 14:52:29; -5.3; -4.7; 0.2; -2.6; 26.8; 57; 57; 58; 54; 0.01; 0.01; 0.00; 0.00; 0; 0; 0; 0; 0; 0; 0
2016/04/29; 14:52:39; -5.4; -4.7; 0.2; -2.6; 26.8; 57; 57; 58; 54; 0.01; 0.01; 0.00; 0.00; 0; 0; 0; 0; 0; 0; 0
2016/04/29; 14:52:49; -5.3; -4.7; 0.2; -2.6; 26.8; 57; 57; 58; 55; 0.01; 0.01; 0.00; 0.00; 0; 0; 0; 0; 0; 0; 0
2016/04/29; 14:53:00; -5.4; -4.7; 0.2; -2.6; 26.8; 57; 58; 58; 55; 0.01; 0.01; 0.00; 0.00; 0; 0; 0; 0; 0; 0; 0
2016/04/29; 14:53:10; -5.4; -4.7; 0.2; -2.6; 26.9; 57; 58; 59; 55; 0.01; 0.01; 0.00; 0.00; 0; 0; 0; 0; 0; 0; 0
2016/04/29; 14:53:20; -5.3; -4.7; 0.2; -2.6; 26.9; 57; 58; 59; 55; 0.01; 0.01; 0.00; 0.00; 0; 0; 0; 0; 0; 0; 0
2016/04/29; 14:53:30; -5.4; -4.7; 0.2; -2.6; 26.9; 58; 57; 59; 54; 0.01; 0.01; 0.00; 0.00; 0; 0; 0; 0; 0; 0; 0
2016/04/29; 14:53:40; -5.3; -4.7; 0.2; -2.6; 26.9; 58; 58; 58; 55; 0.01; 0.01; 0.00; 0.00; 0; 0; 0; 0; 0; 0; 0
2016/04/29; 14:53:50; -5.3; -4.7; 0.2; -2.6; 26.9; 57; 58; 58; 55; 0.01; 0.01; 0.00; 0.00; 0; 0; 0; 0; 0; 0; 0
2016/04/29; 14:54:01; -5.3; -4.7; 0.2; -2.6; 26.9; 57; 58; 59; 55; 0.01; 0.01; 0.00; 0.00; 0; 0; 0; 0; 0; 0; 0
2016/04/29; 14:54:11; -5.3; -4.7; 0.2; -2.6; 26.9; 57; 58; 59; 55; 0.01; 0.01; 0.00; 0.00; 0; 0; 0; 0; 0; 0; 0
2016/04/29; 14:54:21; -5.4; -4.7; 0.2; -2.6; 26.9; 57; 58; 59; 55; 0.01; 0.01; 0.00; 0.00; 0; 0; 0; 0; 0; 0; 0
2016/04/29; 14:54:31; -5.3; -4.7; 0.2; -2.6; 27.0; 57; 58; 59; 55; 0.01; 0.01; 0.00; 0.00; 0; 0; 0; 0; 0; 0; 0
2016/04/29; 14:54:41; -5.4; -4.7; 0.2; -2.6; 27.0; 58; 58; 58; 54; 0.01; 0.01; 0.00; 0.00; 0; 0; 0; 0; 0; 0; 0
2016/04/29; 14:54:51; -5.3; -4.7; 0.2; -2.6; 27.0; 58; 58; 59; 55; 0.01; 0.01; 0.00; 0.00; 0; 0; 0; 0; 0; 0; 0
2016/04/29; 14:55:02; -5.3; -4.7; 0.2; -2.6; 27.0; 57; 58; 58; 55; 0.01; 0.01; 0.00; 0.00; 0; 0; 0; 0; 0; 0; 0
2016/04/29; 14:55:12; -5.3; -4.7; 0.2; -2.6; 27.0; 58; 57; 58; 55; 0.01; 0.01; 0.00; 0.00; 0; 0; 0; 0; 0; 0; 0
2016/04/29; 14:55:22; -5.3; -4.7; 0.2; -2.6; 27.0; 58; 57; 58; 54; 0.01; 0.01; 0.00; 0.00; 0; 0; 0; 0; 0; 0; 0
2016/04/29; 14:55:32; -5.3; -4.7; 0.2; -2.6; 27.0; 57; 58; 59; 55; 0.01; 0.01; 0.00; 0.00; 0; 0; 0; 0; 0; 0; 0
2016/04/29; 14:55:42; -5.3; -4.7; 0.2; -2.6; 27.0; 58; 57; 59; 55; 0.01; 0.01; 0.00; 0.00; 0; 0; 0; 0; 0; 0; 0
2016/04/29; 14:55:53; -5.3; -4.7; 0.2; -2.6; 27.1; 58; 57; 58; 55; 0.01; 0.01; 0.00; 0.00; 0; 0; 0; 0; 0; 0; 0
2016/04/29; 14:56:03; -5.3; -4.7; 0.2; -2.6; 27.1; 57; 57; 59; 55; 0.01; 0.01; 0.00; 0.00; 0; 0; 0; 0; 0; 0; 0
2016/04/29; 14:56:13; -5.2; -4.7; 0.2; -2.6; 27.1; 57; 57; 59; 54; 0.01; 0.01; 0.00; 0.00; 0; 0; 0; 0; 0; 0; 0
2016/04/29; 14:56:23; -5.3; -4.7; 0.2; -2.6; 27.1; 57; 57; 58; 54; 0.01; 0.01; 0.00; 0.00; 0; 0; 0; 0; 0; 0; 0
2016/04/29; 14:56:33; -5.3; -4.7; 0.2; -2.6; 27.1; 57; 58; 59; 54; 0.01; 0.01; 0.00; 0.00; 0; 0; 0; 0; 0; 0; 0
2016/04/29; 14:56:43; -5.3; -4.7; 0.2; -2.6; 27.1; 57; 57; 58; 54; 0.01; 0.01; 0.00; 0.00; 0; 0; 0; 0; 0; 0; 0
2016/04/29; 14:56:54; -5.3; -4.7; 0.2; -2.6; 27.1; 57; 58; 58; 54; 0.01; 0.01; 0.00; 0.00; 0; 0; 0; 0; 0; 0; 0
2016/04/29; 14:57:04; -5.3; -4.7; 0.2; -2.6; 27.1; 57; 57; 58; 54; 0.01; 0.01; 0.00; 0.00; 0; 0; 0; 0; 0; 0; 0
2016/04/29; 14:57:14; -5.3; -4.7; 0.2; -2.6; 27.1; 57; 57; 58; 54; 0.01; 0.01; 0.00; 0.00; 0; 0; 0; 0; 0; 0; 0
2016/04/29; 14:57:24; -5.3; -4.7; 0.2; -2.6; 27.1; 57; 58; 58; 54; 0.01; 0.01; 0.00; 0.00; 0; 0; 0; 0; 0; 0; 0
2016/04/29; 14:57:34; -5.3; -4.7; 0.2; -2.6; 27.1; 57; 57; 59; 54; 0.01; 0.01; 0.00; 0.00; 0; 0; 0; 0; 0; 0; 0
2016/04/29; 14:57:44; -5.3; -4.7; 0.2; -2.6; 27.1; 58; 57; 59; 55; 0.01; 0.01; 0.00; 0.00; 0; 0; 0; 0; 0; 0; 0
2016/04/29; 14:57:55; -5.3; -4.7; 0.2; -2.6; 27.2; 57; 58; 59; 54; 0.01; 0.01; 0.00; 0.00; 0; 0; 0; 0; 0; 0; 0
2016/04/29; 14:58:05; -5.3; -4.6; 0.2; -2.6; 27.2; 57; 57; 58; 55; 0.01; 0.01; 0.00; 0.00; 0; 0; 0; 0; 0; 0; 0
2016/04/29; 14:58:15; -5.3; -4.6; 0.2; -2.6; 27.2; 57; 58; 59; 54; 0.01; 0.01; 0.00; 0.00; 0; 0; 0; 0; 0; 0; 0
2016/04/29; 14:58:25; -5.3; -4.6; 0.2; -2.6; 27.2; 57; 57; 58; 55; 0.01; 0.01; 0.00; 0.00; 0; 0; 0; 0; 0; 0; 0
2016/04/29; 14:58:35; -5.3; -4.6; 0.2; -2.6; 27.2; 57; 58; 58; 54; 0.01; 0.01; 0.00; 0.00; 0; 0; 0; 0; 0; 0; 0
2016/04/29; 14:58:46; -5.3; -4.6; 0.2; -2.6; 27.2; 57; 57; 58; 54; 0.01; 0.01; 0.00; 0.00; 0; 0; 0; 0; 0; 0; 0
2016/04/29; 14:58:56; -5.3; -4.6; 0.2; -2.6; 27.3; 58; 57; 59; 54; 0.01; 0.01; 0.00; 0.00; 0; 0; 0; 0; 0; 0; 0
2016/04/29; 14:59:06; -5.3; -4.6; 0.2; -2.6; 27.3; 57; 57; 58; 54; 0.01; 0.01; 0.00; 0.00; 0; 0; 0; 0; 0; 0; 0
2016/04/29; 14:59:16; -5.3; -4.6; 0.2; -2.6; 27.3; 58; 57; 58; 55; 0.01; 0.01; 0.00; 0.00; 0; 0; 0; 0; 0; 0; 0
2016/04/29; 14:59:27; -5.3; -4.7; 0.2; -2.5; 27.3; 57; 58; 59; 54; 0.01; 0.01; 0.00; 0.00; 0; 0; 0; 0; 0; 0; 0
2016/04/29; 14:59:37; -5.3; -4.6; 0.2; -2.6; 27.3; 57; 58; 59; 54; 0.01; 0.01; 0.00; 0.00; 0; 0; 0; 0; 0; 0; 0
2016/04/29; 14:59:47; -5.3; -4.6; 0.2; -2.6; 27.3; 57; 58; 59; 54; 0.01; 0.01; 0.00; 0.00; 0; 0; 0; 0; 0; 0; 0
2016/04/29; 14:59:57; -5.3; -4.6; 0.2; -2.6; 27.3; 58; 58; 59; 55; 0.01; 0.01; 0.00; 0.00; 0; 0; 0; 0; 0; 0; 0
2016/04/29; 15:00:07; -5.3; -4.6; 0.3; -2.6; 27.3; 57; 57; 58; 55; 0.01; 0.01; 0.00; 0.00; 0; 0; 0; 0; 0; 0; 0
2016/04/29; 15:00:17; -5.3; -4.6; 0.2; -2.5; 27.3; 58; 57; 58; 54; 0.01; 0.01; 0.00; 0.00; 0; 0; 0; 0; 0; 0; 0
2016/04/29; 15:00:28; -5.3; -4.6; 0.3; -2.5; 27.4; 0; 0; 59; 0; 0.01; 0.01; 0.00; 0.00; 0; 0; 0; 0; 0; 0; 0
2016/04/29; 15:00:38; -5.3; -4.6; 0.3; -2.6; 27.4; 56; 57; 58; 32; 0.01; 0.01; 0.00; 0.00; 0; 0; 0; 0; 0; 0; 0
2016/04/29; 15:00:48; -5.3; -4.6; 0.3; -2.5; 27.4; 57; 58; 58; 49; 0.01; 0.01; 0.00; 0.00; 0; 0; 0; 0; 0; 0; 0
2016/04/29; 15:00:58; -5.3; -4.6; 0.3; -2.5; 27.4; 57; 58; 58; 54; 0.01; 0.01; 0.00; 0.00; 0; 0; 0; 0; 0; 0; 0
2016/04/29; 15:01:08; -5.3; -4.6; 0.3; -2.6; 27.4; 57; 57; 59; 55; 0.01; 0.01; 0.00; 0.00; 0; 0; 0; 0; 0; 0; 0
2016/04/29; 15:01:19; -5.3; -4.6; 0.3; -2.5; 27.4; 57; 58; 59; 54; 0.01; 0.01; 0.00; 0.00; 0; 0; 0; 0; 0; 0; 0
2016/04/29; 15:01:29; -5.3; -4.6; 0.2; -2.5; 27.4; 58; 58; 58; 54; 0.01; 0.01; 0.00; 0.00; 0; 0; 0; 0; 0; 0; 0
2016/04/29; 15:01:39; -5.3; -4.6; 0.2; -2.5; 27.5; 58; 58; 58; 55; 0.01; 0.01; 0.00; 0.00; 0; 0; 0; 0; 0; 0; 0
2016/04/29; 15:01:49; -5.3; -4.6; 0.2; -2.5; 27.5; 57; 57; 58; 54; 0.01; 0.01; 0.00; 0.00; 0; 0; 0; 0; 0; 0; 0
2016/04/29; 15:01:59; -5.3; -4.6; 0.2; -2.5; 27.5; 57; 58; 58; 54; 0.01; 0.01; 0.00; 0.00; 0; 0; 0; 0; 0; 0; 0
2016/04/29; 15:02:10; -5.3; -4.6; 0.3; -2.5; 27.5; 57; 57; 59; 54; 0.01; 0.01; 0.00; 0.00; 0; 0; 0; 0; 0; 0; 0
2016/04/29; 15:02:20; -5.3; -4.6; 0.2; -2.5; 27.5; 58; 58; 59; 55; 0.01; 0.01; 0.00; 0.00; 0; 0; 0; 0; 0; 0; 0
2016/04/29; 15:02:30; -5.3; -4.6; 0.3; -2.5; 27.5; 58; 58; 58; 55; 0.01; 0.01; 0.00; 0.00; 0; 0; 0; 0; 0; 0; 0
2016/04/29; 15:02:40; -5.3; -4.6; 0.2; -2.5; 27.5; 57; 57; 59; 55; 0.01; 0.01; 0.00; 0.00; 0; 0; 0; 0; 0; 0; 0
2016/04/29; 15:02:50; -5.3; -4.6; 0.2; -2.5; 27.5; 58; 57; 58; 55; 0.01; 0.01; 0.00; 0.00; 0; 0; 0; 0; 0; 0; 0
2016/04/29; 15:03:01; -5.3; -4.6; 0.2; -2.5; 27.5; 57; 58; 58; 54; 0.01; 0.01; 0.00; 0.00; 0; 0; 0; 0; 0; 0; 0
2016/04/29; 15:03:11; -5.2; -4.6; 0.2; -2.5; 27.5; 57; 57; 58; 54; 0.01; 0.01; 0.00; 0.00; 0; 0; 0; 0; 0; 0; 0
2016/04/29; 15:03:21; -5.3; -4.6; 0.2; -2.5; 27.6; 57; 57; 58; 54; 0.01; 0.01; 0.00; 0.00; 0; 0; 0; 0; 0; 0; 0
2016/04/29; 15:03:31; -5.2; -4.6; 0.2; -2.5; 27.6; 57; 57; 58; 55; 0.01; 0.01; 0.00; 0.00; 0; 0; 0; 0; 0; 0; 0
2016/04/29; 15:03:41; -5.2; -4.6; 0.2; -2.5; 27.6; 58; 57; 58; 55; 0.01; 0.01; 0.00; 0.00; 0; 0; 0; 0; 0; 0; 0
2016/04/29; 15:03:52; -5.2; -4.6; 0.3; -2.5; 27.6; 57; 58; 58; 54; 0.01; 0.01; 0.00; 0.00; 0; 0; 0; 0; 0; 0; 0
2016/04/29; 15:04:02; -5.3; -4.6; 0.2; -2.5; 27.7; 57; 58; 59; 54; 0.01; 0.01; 0.00; 0.00; 0; 0; 0; 0; 0; 0; 0
2016/04/29; 15:04:12; -5.2; -4.6; 0.2; -2.5; 27.7; 58; 58; 58; 55; 0.01; 0.01; 0.00; 0.00; 0; 0; 0; 0; 0; 0; 0
2016/04/29; 15:04:22; -5.2; -4.6; 0.2; -2.5; 27.7; 57; 58; 58; 54; 0.01; 0.01; 0.00; 0.00; 0; 0; 0; 0; 0; 0; 0
2016/04/29; 15:04:32; -5.2; -4.6; 0.3; -2.5; 27.7; 57; 58; 58; 55; 0.01; 0.01; 0.00; 0.00; 0; 0; 0; 0; 0; 0; 0
