date; time; TempVasca1; TempVasca2; TempVasca3; TempVasca4; TempFrigo; TAVasca1; TAVasca2; TAVasca3; TAVasca4; PressioneV1; PressioneV2; PressioneV3; PressioneV4; Compressore1; Compressore2; EV0; EV1; EV2; EV3; EV4
2016/04/30; 11:09:15; -7.6; -4.4; -5.8; -5.4; 14.8; 0; 0; 0; 1; 0.00; 0.00; 0.00; 0.00; 0; 0; 0; 0; 0; 0; 0
2016/04/30; 11:09:25; -7.6; -4.4; -5.8; -5.4; 14.8; 0; 0; 1; 1; 0.00; 0.00; 0.00; 0.00; 0; 0; 0; 0; 0; 0; 0
2016/04/30; 11:09:35; -7.6; -4.4; -5.8; -5.4; 14.8; 0; 0; 0; 1; 0.00; 0.00; 0.00; 0.00; 0; 0; 0; 0; 0; 0; 0
2016/04/30; 11:09:45; -7.5; -4.4; -5.8; -5.4; 14.9; 0; 0; 0; 1; 0.00; 0.00; 0.00; 0.00; 0; 0; 0; 0; 0; 0; 0
2016/04/30; 11:09:56; -7.5; -4.4; -5.8; -5.3; 14.9; 0; 0; 1; 1; 0.00; 0.00; 0.00; 0.00; 0; 0; 0; 0; 0; 0; 0
2016/04/30; 11:10:06; -7.5; -4.4; -5.8; -5.3; 14.9; 0; 0; 1; 1; 0.00; 0.00; 0.00; 0.00; 0; 0; 0; 0; 0; 0; 0
2016/04/30; 11:10:16; -7.5; -4.4; -5.8; -5.3; 14.9; 0; 0; 1; 1; 0.00; 0.00; 0.00; 0.00; 0; 0; 0; 0; 0; 0; 0
2016/04/30; 11:10:26; -7.5; -4.4; -5.8; -5.3; 14.9; 0; 0; 1; 1; 0.00; 0.00; 0.00; 0.00; 0; 0; 0; 0; 0; 0; 0
2016/04/30; 11:10:36; -7.5; -4.4; -5.7; -5.3; 14.9; 0; 0; 1; 1; 0.00; 0.00; 0.00; 0.00; 0; 0; 0; 0; 0; 0; 0
2016/04/30; 11:10:46; -7.5; -4.4; -5.7; -5.3; 14.9; 0; 0; 1; 1; 0.00; 0.00; 0.00; 0.00; 0; 0; 0; 0; 0; 0; 0
2016/04/30; 11:10:57; -7.5; -4.3; -5.7; -5.3; 14.9; 0; 0; 1; 1; 0.00; 0.00; 0.00; 0.00; 0; 0; 0; 0; 0; 0; 0
2016/04/30; 11:11:07; -7.5; -4.3; -5.7; -5.3; 14.9; 0; 0; 1; 1; 0.00; 0.00; 0.00; 0.00; 0; 0; 0; 0; 0; 0; 0
2016/04/30; 11:11:17; -7.5; -4.3; -5.7; -5.3; 14.9; 0; 0; 1; 1; 0.00; 0.00; 0.00; 0.00; 0; 0; 0; 0; 0; 0; 0
2016/04/30; 11:11:27; -7.5; -4.3; -5.7; -5.3; 14.8; 0; 0; 1; 1; 0.00; 0.00; 0.00; 0.00; 0; 0; 0; 0; 0; 0; 0
2016/04/30; 11:11:37; -7.5; -4.3; -5.7; -5.3; 14.8; 0; 0; 1; 1; 0.00; 0.00; 0.00; 0.00; 0; 0; 0; 0; 0; 0; 0
2016/04/30; 11:11:47; -7.4; -4.3; -5.7; -5.3; 14.7; 0; 0; 1; 1; 0.00; 0.00; 0.00; 0.00; 0; 0; 0; 0; 0; 0; 0
2016/04/30; 11:11:57; -7.4; -4.3; -5.7; -5.2; 14.7; 0; 0; 1; 1; 0.00; 0.00; 0.00; 0.00; 0; 0; 0; 0; 0; 0; 0
2016/04/30; 11:12:08; -7.4; -4.3; -5.7; -5.2; 14.6; 0; 0; 1; 1; 0.00; 0.00; 0.00; 0.00; 0; 0; 0; 0; 0; 0; 0
2016/04/30; 11:12:18; -7.4; -4.3; -5.7; -5.2; 14.6; 0; 0; 1; 1; 0.00; 0.00; 0.00; 0.00; 0; 0; 0; 0; 0; 0; 0
2016/04/30; 11:12:28; -7.4; -4.3; -5.7; -5.2; 14.5; 0; 0; 1; 1; 0.00; 0.00; 0.00; 0.00; 0; 0; 0; 0; 0; 0; 0
2016/04/30; 11:12:38; -7.4; -4.3; -5.7; -5.2; 14.5; 0; 0; 1; 1; 0.00; 0.00; 0.00; 0.00; 0; 0; 0; 0; 0; 0; 0
2016/04/30; 11:12:48; -7.4; -4.3; -5.7; -5.2; 14.4; 0; 0; 1; 1; 0.00; 0.00; 0.00; 0.00; 0; 0; 0; 0; 0; 0; 0
2016/04/30; 11:12:58; -7.4; -4.3; -5.7; -5.2; 14.4; 0; 0; 1; 1; 0.00; 0.00; 0.00; 0.00; 0; 0; 0; 0; 0; 0; 0
2016/04/30; 11:13:08; -7.4; -4.3; -5.7; -5.2; 14.4; 0; 0; 1; 1; 0.00; 0.00; 0.00; 0.00; 0; 0; 0; 0; 0; 0; 0
2016/04/30; 11:13:19; -7.4; -4.3; -5.7; -5.2; 14.3; 0; 0; 1; 1; 0.00; 0.00; 0.00; 0.00; 0; 0; 0; 0; 0; 0; 0
2016/04/30; 11:13:29; -7.4; -4.3; -5.7; -5.2; 14.3; 0; 0; 1; 1; 0.00; 0.00; 0.00; 0.00; 0; 0; 0; 0; 0; 0; 0
2016/04/30; 11:13:39; -7.4; -4.3; -5.6; -5.2; 14.2; 0; 0; 1; 1; 0.00; 0.00; 0.00; 0.00; 0; 0; 0; 0; 0; 0; 0
2016/04/30; 11:13:49; -7.4; -4.3; -5.6; -5.2; 14.2; 0; 0; 1; 1; 0.00; 0.00; 0.00; 0.00; 0; 0; 0; 0; 0; 0; 0
2016/04/30; 11:13:59; -7.4; -4.2; -5.6; -5.2; 14.2; 0; 0; 1; 1; 0.00; 0.00; 0.00; 0.00; 0; 0; 0; 0; 0; 0; 0
2016/04/30; 11:14:09; -7.4; -4.2; -5.6; -5.2; 14.1; 0; 0; 1; 1; 0.00; 0.00; 0.00; 0.00; 0; 0; 0; 0; 0; 0; 0
2016/04/30; 11:14:20; -7.3; -4.2; -5.6; -5.2; 14.1; 0; 0; 1; 1; 0.00; 0.00; 0.00; 0.00; 0; 0; 0; 0; 0; 0; 0
2016/04/30; 11:14:30; -7.3; -4.2; -5.6; -5.2; 14.1; 0; 0; 1; 1; 0.00; 0.00; 0.00; 0.00; 0; 0; 0; 0; 0; 0; 0
2016/04/30; 11:14:40; -7.3; -4.2; -5.6; -5.1; 14.1; 0; 0; 1; 1; 0.00; 0.00; 0.00; 0.00; 0; 0; 0; 0; 0; 0; 0
2016/04/30; 11:14:50; -7.3; -4.2; -5.6; -5.1; 14.1; 0; 0; 1; 1; 0.00; 0.00; 0.00; 0.00; 0; 0; 0; 0; 0; 0; 0
2016/04/30; 11:15:00; -7.3; -4.2; -5.6; -5.1; 14.0; 0; 0; 1; 1; 0.00; 0.00; 0.00; 0.00; 0; 0; 0; 0; 0; 0; 0
2016/04/30; 11:15:10; -7.3; -4.2; -5.6; -5.1; 14.0; 0; 0; 1; 1; 0.00; 0.00; 0.00; 0.00; 0; 0; 0; 0; 0; 0; 0
2016/04/30; 11:15:20; -7.3; -4.2; -5.6; -5.1; 14.0; 0; 0; 1; 1; 0.00; 0.00; 0.00; 0.00; 0; 0; 0; 0; 0; 0; 0
2016/04/30; 11:15:31; -7.3; -4.2; -5.6; -5.1; 14.0; 0; 0; 1; 1; 0.01; 0.04; 0.01; 0.03; 0; 0; 0; 0; 0; 0; 0
2016/04/30; 11:15:41; -7.3; -4.2; -5.6; -5.1; 14.0; 0; 0; 1; 1; 0.01; 0.03; 0.00; 0.00; 0; 0; 0; 0; 0; 0; 0
2016/04/30; 11:15:51; -7.3; -4.2; -5.6; -5.1; 14.0; 0; 0; 1; 1; 0.01; 0.03; 0.01; 0.00; 0; 0; 0; 0; 0; 0; 0
2016/04/30; 11:16:01; -7.3; -4.2; -5.6; -5.1; 14.0; 0; 0; 1; 1; 0.01; 0.04; 0.00; 0.00; 0; 0; 0; 0; 0; 0; 0
2016/04/30; 11:16:11; -7.3; -4.2; -5.6; -5.1; 14.0; 0; 0; 1; 1; 0.01; 0.04; 0.01; 0.00; 0; 0; 0; 0; 0; 0; 0
2016/04/30; 11:16:21; -7.3; -4.2; -5.6; -5.1; 14.0; 0; 0; 0; 1; 0.03; 0.03; 0.01; 0.00; 0; 0; 0; 0; 0; 0; 0
2016/04/30; 11:16:31; -7.2; -4.2; -5.6; -5.1; 14.1; 0; 0; 1; 1; 0.01; 0.03; 0.00; 0.00; 0; 0; 0; 0; 0; 0; 0
2016/04/30; 11:16:42; -7.2; -4.2; -5.6; -5.1; 14.0; 0; 0; 1; 1; 0.01; 0.03; 0.01; 0.00; 0; 0; 0; 0; 0; 0; 0
2016/04/30; 11:16:52; -7.2; -4.2; -5.6; -5.1; 14.0; 0; 0; 1; 1; 0.01; 0.03; 0.01; 0.00; 0; 0; 0; 0; 0; 0; 0
2016/04/30; 11:17:02; -7.2; -4.2; -5.6; -5.1; 14.0; 0; 0; 1; 1; 0.01; 0.03; 0.00; 0.02; 0; 0; 0; 0; 0; 0; 0
2016/04/30; 11:17:12; -7.2; -4.2; -5.5; -5.1; 14.0; 0; 0; 1; 1; 0.01; 0.03; 0.00; 0.00; 0; 0; 0; 0; 0; 0; 0
2016/04/30; 11:17:22; -7.2; -4.2; -5.5; -5.0; 14.0; 0; 0; 1; 1; 0.01; 0.03; 0.01; 0.02; 0; 0; 0; 0; 0; 0; 0
2016/04/30; 11:17:32; -7.2; -4.2; -5.5; -5.0; 14.0; 0; 0; 1; 1; 0.01; 0.03; 0.01; 0.00; 0; 0; 0; 0; 0; 0; 0
2016/04/30; 11:17:42; -7.2; -4.2; -5.5; -5.0; 14.1; 0; 0; 0; 1; 0.01; 0.03; 0.00; 0.00; 0; 0; 0; 0; 0; 0; 0
2016/04/30; 11:17:53; -7.2; -4.2; -5.5; -5.0; 14.1; 0; 0; 0; 1; 0.01; 0.03; 0.01; 0.00; 0; 0; 0; 0; 0; 0; 0
2016/04/30; 11:18:03; -7.2; -4.2; -5.5; -5.0; 14.1; 0; 0; 1; 1; 0.01; 0.03; 0.01; 0.00; 0; 0; 0; 0; 0; 0; 0
2016/04/30; 11:18:13; -7.2; -4.2; -5.5; -5.0; 14.1; 0; 0; 0; 1; 0.01; 0.03; 0.01; 0.00; 0; 0; 0; 0; 0; 0; 0
2016/04/30; 11:18:23; -7.2; -4.2; -5.5; -5.0; 14.1; 0; 0; 1; 1; 0.01; 0.03; 0.01; 0.00; 0; 0; 0; 0; 0; 0; 0
2016/04/30; 11:18:33; -7.2; -4.2; -5.5; -5.0; 14.1; 0; 0; 1; 1; 0.01; 0.03; 0.01; 0.03; 0; 0; 0; 0; 0; 0; 0
2016/04/30; 11:18:43; -7.2; -4.1; -5.5; -5.0; 14.1; 0; 0; 0; 1; 0.04; 0.03; 0.01; 0.00; 0; 0; 0; 0; 0; 0; 0
2016/04/30; 11:18:53; -7.2; -4.2; -5.5; -5.0; 14.0; 0; 0; 0; 1; 0.01; 0.03; 0.01; 0.00; 0; 0; 0; 0; 0; 0; 0
2016/04/30; 11:19:04; -7.2; -4.1; -5.5; -5.0; 14.0; 0; 0; 1; 1; 0.01; 0.03; 0.01; 0.03; 0; 0; 0; 0; 0; 0; 0
2016/04/30; 11:19:14; -7.2; -4.1; -5.5; -5.0; 14.0; 0; 0; 0; 1; 0.01; 0.03; 0.00; 0.00; 0; 0; 0; 0; 0; 0; 0
2016/04/30; 11:19:24; -7.2; -4.1; -5.5; -5.0; 14.0; 0; 0; 0; 1; 0.01; 0.03; 0.00; 0.00; 0; 0; 0; 0; 0; 0; 0
2016/04/30; 11:19:34; -7.2; -4.1; -5.5; -5.0; 14.0; 0; 0; 0; 1; 0.01; 0.03; 0.00; 0.00; 0; 0; 0; 0; 0; 0; 0
2016/04/30; 11:19:44; -7.2; -4.1; -5.5; -5.0; 14.0; 0; 0; 1; 1; 0.01; 0.03; 0.01; 0.00; 0; 0; 0; 0; 0; 0; 0
2016/04/30; 11:19:54; -7.2; -4.1; -5.5; -5.0; 14.0; 0; 0; 0; 1; 0.01; 0.03; 0.01; 0.00; 0; 0; 0; 0; 0; 0; 0
2016/04/30; 11:20:04; -7.2; -4.1; -5.5; -5.0; 14.0; 0; 0; 0; 1; 0.01; 0.03; 0.01; 0.00; 0; 0; 0; 0; 0; 0; 0
2016/04/30; 11:20:14; -7.1; -4.1; -5.5; -5.0; 14.0; 0; 0; 1; 1; 0.01; 0.03; 0.01; 0.00; 0; 0; 0; 0; 0; 0; 0
2016/04/30; 11:20:25; -7.1; -4.1; -5.5; -4.9; 14.0; 0; 0; 0; 1; 0.01; 0.03; 0.00; 0.00; 0; 0; 0; 0; 0; 0; 0
2016/04/30; 11:20:35; -7.1; -4.1; -5.5; -4.9; 14.0; 0; 0; 0; 1; 0.01; 0.03; 0.01; 0.00; 0; 0; 0; 0; 0; 0; 0
2016/04/30; 11:20:45; -7.1; -4.1; -5.5; -4.9; 14.0; 0; 0; 0; 1; 0.01; 0.03; 0.01; 0.00; 0; 0; 0; 0; 0; 0; 0
2016/04/30; 11:20:55; -7.1; -4.1; -5.5; -4.9; 14.0; 0; 0; 0; 1; 0.01; 0.03; 0.01; 0.00; 0; 0; 0; 0; 0; 0; 0
2016/04/30; 11:21:05; -7.1; -4.1; -5.5; -4.9; 14.0; 0; 0; 0; 1; 0.01; 0.03; 0.01; 0.00; 0; 0; 0; 0; 0; 0; 0
2016/04/30; 11:21:15; -7.1; -4.1; -5.4; -4.9; 14.0; 0; 0; 0; 1; 0.03; 0.03; 0.00; 0.03; 0; 0; 0; 0; 0; 0; 0
2016/04/30; 11:21:26; -7.1; -4.1; -5.4; -4.9; 14.0; 0; 0; 0; 1; 0.03; 0.03; 0.01; 0.00; 0; 0; 0; 0; 0; 0; 0
2016/04/30; 11:21:36; -7.1; -4.1; -5.4; -4.9; 14.0; 0; 0; 0; 1; 0.01; 0.03; 0.01; 0.00; 0; 0; 0; 0; 0; 0; 0
2016/04/30; 11:21:46; -7.1; -4.1; -5.4; -4.9; 14.0; 0; 0; 1; 1; 0.02; 0.03; 0.01; 0.03; 0; 0; 0; 0; 0; 0; 0
2016/04/30; 11:21:56; -7.1; -4.1; -5.4; -4.9; 14.0; 0; 0; 0; 1; 0.01; 0.03; 0.01; 0.00; 0; 0; 0; 0; 0; 0; 0
2016/04/30; 11:22:06; -7.1; -4.1; -5.4; -4.9; 14.0; 0; 0; 0; 1; 0.01; 0.03; 0.01; 0.00; 0; 0; 0; 0; 0; 0; 0
2016/04/30; 11:22:16; -7.1; -4.1; -5.4; -4.9; 14.0; 0; 0; 0; 1; 0.01; 0.03; 0.00; 0.00; 0; 0; 0; 0; 0; 0; 0
2016/04/30; 11:22:26; -7.1; -4.1; -5.4; -4.9; 14.0; 0; 0; 1; 1; 0.01; 0.03; 0.01; 0.00; 0; 0; 0; 0; 0; 0; 0
2016/04/30; 11:22:37; -7.1; -4.1; -5.4; -4.9; 14.0; 0; 0; 1; 1; 0.01; 0.03; 0.00; 0.00; 0; 0; 0; 0; 0; 0; 0
2016/04/30; 11:22:47; -7.1; -4.1; -5.4; -4.9; 14.0; 0; 0; 0; 1; 0.02; 0.03; 0.01; 0.00; 0; 0; 0; 0; 0; 0; 0
2016/04/30; 11:22:57; -7.1; -4.1; -5.4; -4.9; 14.0; 0; 0; 1; 1; 0.01; 0.03; 0.01; 0.00; 0; 0; 0; 0; 0; 0; 0
2016/04/30; 11:23:07; -7.1; -4.1; -5.4; -4.9; 14.0; 0; 0; 0; 1; 0.01; 0.03; 0.00; 0.00; 0; 0; 0; 0; 0; 0; 0
2016/04/30; 11:23:17; -7.0; -4.1; -5.4; -4.9; 14.0; 0; 0; 0; 1; 0.01; 0.03; 0.01; 0.00; 0; 0; 0; 0; 0; 0; 0
2016/04/30; 11:23:27; -7.0; -4.1; -5.4; -4.8; 14.0; 0; 0; 0; 1; 0.01; 0.03; 0.01; 0.00; 0; 0; 0; 0; 0; 0; 0
2016/04/30; 11:23:37; -7.0; -4.1; -5.4; -4.8; 14.1; 0; 0; 0; 1; 0.01; 0.03; 0.01; 0.00; 0; 0; 0; 0; 0; 0; 0
2016/04/30; 11:23:48; -7.0; -4.1; -5.4; -4.8; 14.1; 0; 0; 0; 1; 0.01; 0.03; 0.01; 0.00; 0; 0; 0; 0; 0; 0; 0
2016/04/30; 11:23:58; -7.0; -4.0; -5.4; -4.8; 14.1; 0; 0; 0; 1; 0.01; 0.03; 0.01; 0.00; 0; 0; 0; 0; 0; 0; 0
2016/04/30; 11:24:08; -7.0; -4.0; -5.4; -4.8; 14.1; 0; 0; 0; 1; 0.01; 0.03; 0.01; 0.00; 0; 0; 0; 0; 0; 0; 0
2016/04/30; 11:24:18; -7.0; -4.0; -5.4; -4.8; 14.0; 0; 0; 0; 1; 0.01; 0.03; 0.00; 0.03; 0; 0; 0; 0; 0; 0; 0
2016/04/30; 11:24:28; -7.0; -4.0; -5.4; -4.8; 14.0; 0; 0; 1; 1; 0.01; 0.03; 0.00; 0.00; 0; 0; 0; 0; 0; 0; 0
2016/04/30; 11:24:38; -7.0; -4.0; -5.4; -4.8; 14.0; 0; 0; 0; 1; 0.01; 0.03; 0.01; 0.00; 0; 0; 0; 0; 0; 0; 0
2016/04/30; 11:24:49; -7.0; -4.0; -5.4; -4.8; 14.0; 0; 0; 0; 1; 0.01; 0.03; 0.00; 0.00; 0; 0; 0; 0; 0; 0; 0
2016/04/30; 11:24:59; -7.0; -4.0; -5.3; -4.8; 14.0; 0; 0; 0; 1; 0.01; 0.03; 0.00; 0.00; 0; 0; 0; 0; 0; 0; 0
2016/04/30; 11:25:09; -7.0; -4.0; -5.4; -4.8; 14.0; 0; 0; 0; 1; 0.01; 0.03; 0.00; 0.00; 0; 0; 0; 0; 0; 0; 0
2016/04/30; 11:25:19; -7.0; -4.0; -5.3; -4.8; 14.0; 0; 0; 0; 1; 0.01; 0.03; 0.01; 0.00; 0; 0; 0; 0; 0; 0; 0
2016/04/30; 11:25:29; -7.0; -4.0; -5.3; -4.8; 13.9; 0; 0; 0; 1; 0.01; 0.03; 0.00; 0.03; 0; 0; 0; 0; 0; 0; 0
2016/04/30; 11:25:39; -7.0; -4.0; -5.4; -4.8; 13.9; 0; 0; 1; 1; 0.01; 0.03; 0.00; 0.00; 0; 0; 0; 0; 0; 0; 0
2016/04/30; 11:25:50; -7.0; -4.0; -5.4; -4.8; 13.9; 62; 62; 65; 57; 0.01; 0.03; 0.00; 0.00; 0; 0; 0; 0; 0; 0; 0
2016/04/30; 11:26:00; -7.0; -4.1; -5.3; -4.8; 13.8; 61; 61; 63; 58; 0.01; 0.03; 0.00; 0.00; 0; 0; 0; 0; 0; 0; 0
2016/04/30; 11:26:10; -6.9; -4.1; -5.3; -4.8; 13.8; 62; 60; 64; 58; 0.01; 0.03; 0.00; 0.00; 0; 0; 0; 0; 0; 0; 0
2016/04/30; 11:26:20; -6.9; -4.1; -5.3; -4.8; 13.8; 63; 61; 64; 58; 0.01; 0.03; 0.00; 0.00; 0; 0; 0; 0; 0; 0; 0
2016/04/30; 11:26:30; -6.8; -4.0; -5.3; -4.7; 13.8; 64; 62; 64; 59; 0.01; 0.03; 0.00; 0.00; 0; 0; 0; 0; 0; 0; 0
2016/04/30; 11:26:40; -6.8; -4.0; -5.3; -4.6; 13.8; 63; 63; 64; 59; 0.01; 0.03; 0.00; 0.00; 0; 0; 0; 0; 0; 0; 0
2016/04/30; 11:26:51; -6.8; -4.0; -5.3; -4.5; 13.7; 62; 62; 64; 58; 0.01; 0.03; 0.00; 0.00; 0; 0; 0; 0; 0; 0; 0
2016/04/30; 11:27:01; -6.8; -4.0; -5.4; -4.5; 13.7; 62; 62; 63; 58; 0.01; 0.03; 0.00; 0.00; 0; 0; 0; 0; 0; 0; 0
2016/04/30; 11:27:11; -6.8; -4.0; -5.4; -4.5; 13.7; 63; 63; 64; 59; 0.01; 0.03; 0.00; 0.00; 0; 0; 0; 0; 0; 0; 0
2016/04/30; 11:27:21; -6.8; -4.1; -5.5; -4.5; 13.7; 63; 63; 63; 59; 0.01; 0.03; 0.00; 0.00; 0; 0; 0; 0; 0; 0; 0
2016/04/30; 11:27:31; -6.8; -4.1; -5.5; -4.5; 13.6; 62; 63; 63; 58; 0.01; 0.03; 0.00; 0.00; 0; 0; 0; 0; 0; 0; 0
2016/04/30; 11:27:41; -6.9; -4.1; -5.6; -4.5; 13.6; 63; 63; 63; 59; 0.01; 0.03; 0.00; 0.00; 0; 0; 0; 0; 0; 0; 0
2016/04/30; 11:27:51; -6.9; -4.2; -5.6; -4.5; 13.6; 63; 64; 64; 59; 0.01; 0.03; 0.00; 0.00; 0; 0; 0; 0; 0; 0; 0
2016/04/30; 11:28:02; -6.9; -4.2; -5.7; -4.6; 13.6; 63; 64; 63; 59; 0.01; 0.03; 0.00; 0.00; 0; 0; 0; 0; 0; 0; 0
2016/04/30; 11:28:12; -7.0; -4.3; -5.7; -4.6; 13.5; 63; 63; 63; 58; 0.01; 0.03; 0.00; 0.00; 0; 0; 0; 0; 0; 0; 0
2016/04/30; 11:28:22; -7.0; -4.3; -5.8; -4.6; 13.5; 63; 63; 63; 57; 0.01; 0.03; 0.00; 0.00; 0; 0; 0; 0; 0; 0; 0
2016/04/30; 11:28:32; -7.0; -4.3; -5.8; -4.7; 13.5; 63; 63; 63; 56; 0.01; 0.03; 0.00; 0.00; 0; 0; 0; 0; 0; 0; 0
2016/04/30; 11:28:42; -7.0; -4.4; -5.9; -4.7; 13.5; 62; 63; 63; 56; 0.01; 0.03; 0.00; 0.00; 0; 0; 0; 0; 0; 0; 0
2016/04/30; 11:28:53; -7.1; -4.4; -5.9; -4.8; 13.5; 62; 64; 62; 57; 0.01; 0.03; 0.00; 0.00; 0; 0; 0; 0; 0; 0; 0
2016/04/30; 11:29:03; -7.1; -4.5; -5.9; -4.8; 13.5; 63; 63; 62; 57; 0.01; 0.03; 0.00; 0.00; 0; 0; 0; 0; 0; 0; 0
2016/04/30; 11:29:13; -7.2; -4.6; -6.0; -4.9; 13.5; 62; 62; 62; 56; 0.01; 0.03; 0.00; 0.00; 0; 0; 0; 0; 0; 0; 0
2016/04/30; 11:29:23; -7.2; -4.6; -6.0; -4.9; 13.5; 63; 62; 62; 57; 0.01; 0.03; 0.00; 0.00; 0; 0; 0; 0; 0; 0; 0
2016/04/30; 11:29:33; -7.2; -4.7; -6.0; -5.0; 13.5; 62; 63; 63; 57; 0.01; 0.03; 0.00; 0.00; 0; 0; 0; 0; 0; 0; 0
2016/04/30; 11:29:43; -7.3; -4.7; -6.1; -5.0; 13.5; 63; 63; 62; 56; 0.01; 0.03; 0.00; 0.00; 0; 0; 0; 0; 0; 0; 0
2016/04/30; 11:29:54; -7.3; -4.8; -6.1; -5.0; 13.5; 62; 62; 61; 56; 0.01; 0.03; 0.00; 0.00; 0; 0; 0; 0; 0; 0; 0
2016/04/30; 11:30:04; -7.3; -4.8; -6.1; -5.1; 13.4; 64; 63; 63; 56; 0.01; 0.03; 0.00; 0.00; 0; 0; 0; 0; 0; 0; 0
2016/04/30; 11:30:14; -7.3; -4.9; -6.2; -5.1; 13.4; 63; 62; 61; 56; 0.01; 0.03; 0.00; 0.00; 0; 0; 0; 0; 0; 0; 0
2016/04/30; 11:30:24; -7.4; -4.9; -6.2; -5.2; 13.4; 63; 63; 62; 57; 0.01; 0.03; 0.00; 0.00; 0; 0; 0; 0; 0; 0; 0
2016/04/30; 11:30:34; -7.4; -4.9; -6.2; -5.2; 13.4; 63; 64; 61; 57; 0.01; 0.03; 0.00; 0.00; 0; 0; 0; 0; 0; 0; 0
2016/04/30; 11:30:44; -7.4; -4.9; -6.3; -5.2; 13.4; 64; 64; 62; 57; 0.01; 0.03; 0.00; 0.00; 0; 0; 0; 0; 0; 0; 0
2016/04/30; 11:30:54; -7.5; -5.0; -6.3; -5.3; 13.3; 63; 63; 61; 57; 0.01; 0.03; 0.00; 0.00; 0; 0; 0; 0; 0; 0; 0
2016/04/30; 11:31:05; -7.5; -5.1; -6.3; -5.3; 13.3; 63; 65; 60; 59; 0.01; 0.03; 0.00; 0.00; 0; 0; 0; 0; 0; 0; 0
2016/04/30; 11:31:15; -7.5; -5.1; -6.4; -5.4; 13.3; 64; 65; 63; 59; 0.01; 0.03; 0.00; 0.00; 0; 0; 0; 0; 0; 0; 0
2016/04/30; 11:31:25; -7.5; -5.1; -6.4; -5.5; 13.3; 64; 64; 63; 59; 0.01; 0.03; 0.00; 0.00; 0; 0; 0; 0; 0; 0; 0
2016/04/30; 11:31:35; -7.6; -5.2; -6.4; -5.5; 13.3; 64; 64; 62; 60; 0.01; 0.03; 0.00; 0.00; 0; 0; 0; 0; 0; 0; 0
2016/04/30; 11:31:45; -7.7; -5.2; -6.5; -5.6; 13.3; 64; 64; 64; 59; 0.01; 0.03; 0.00; 0.00; 0; 0; 0; 0; 0; 0; 0
2016/04/30; 11:31:55; -7.7; -5.2; -6.6; -5.6; 13.3; 64; 65; 63; 60; 0.01; 0.03; 0.00; 0.00; 0; 0; 0; 0; 0; 0; 0
2016/04/30; 11:32:05; -7.7; -5.3; -6.6; -5.7; 13.3; 64; 65; 63; 60; 0.01; 0.03; 0.00; 0.00; 0; 0; 0; 0; 0; 0; 0
2016/04/30; 11:32:16; -7.8; -5.3; -6.6; -5.7; 13.3; 65; 0; 65; 61; 0.01; 0.03; 0.00; 0.00; 0; 0; 0; 0; 0; 0; 0
2016/04/30; 11:32:26; -7.8; -5.4; -6.7; -5.8; 13.3; 64; 0; 64; 61; 0.01; 0.03; 0.00; 0.00; 0; 0; 0; 0; 0; 0; 0
2016/04/30; 11:32:36; -7.8; -5.4; -6.7; -5.8; 13.3; 65; 0; 66; 61; 0.01; 0.03; 0.00; 0.00; 0; 0; 0; 0; 0; 0; 0
2016/04/30; 11:32:46; -7.9; -5.4; -6.8; -5.9; 13.3; 64; 0; 0; 60; 0.01; 0.03; 0.00; 0.00; 0; 0; 0; 0; 0; 0; 0
2016/04/30; 11:32:56; -7.9; -5.4; -6.8; -6.0; 13.3; 65; 0; 0; 62; 0.01; 0.03; 0.00; 0.00; 0; 0; 0; 0; 0; 0; 0
2016/04/30; 11:33:07; -7.9; -5.4; -6.8; -6.0; 13.2; 0; 0; 0; 61; 0.01; 0.03; 0.00; 0.00; 0; 0; 0; 0; 0; 0; 0
2016/04/30; 11:33:17; -7.9; -5.4; -6.9; -6.0; 13.2; 0; 0; 0; 61; 0.01; 0.03; 0.00; 0.00; 0; 0; 0; 0; 0; 0; 0
2016/04/30; 11:33:27; -8.0; -5.4; -6.9; -6.1; 13.2; 0; 0; 0; 60; 0.01; 0.03; 0.00; 0.00; 0; 0; 0; 0; 0; 0; 0
2016/04/30; 11:33:37; -8.0; -5.4; -6.9; -6.1; 13.2; 0; 0; 0; 60; 0.01; 0.03; 0.00; 0.00; 0; 0; 0; 0; 0; 0; 0
2016/04/30; 11:33:47; -8.0; -5.4; -6.9; -6.1; 13.2; 0; 0; 0; 60; 0.01; 0.03; 0.00; 0.00; 0; 0; 0; 0; 0; 0; 0
2016/04/30; 11:33:57; -8.0; -5.4; -6.9; -6.2; 13.2; 0; 0; 0; 60; 0.01; 0.03; 0.00; 0.00; 0; 0; 0; 0; 0; 0; 0
2016/04/30; 11:34:08; -8.0; -5.4; -6.9; -6.2; 13.2; 0; 0; 0; 61; 0.01; 0.03; 0.00; 0.00; 0; 0; 0; 0; 0; 0; 0
2016/04/30; 11:34:18; -8.0; -5.4; -6.9; -6.2; 13.2; 0; 0; 0; 60; 0.01; 0.03; 0.00; 0.00; 0; 0; 0; 0; 0; 0; 0
2016/04/30; 11:34:28; -8.0; -5.4; -6.9; -6.2; 13.2; 0; 0; 0; 59; 0.01; 0.03; 0.00; 0.00; 0; 0; 0; 0; 0; 0; 0
2016/04/30; 11:34:38; -8.0; -5.4; -6.8; -6.3; 13.1; 0; 0; 0; 60; 0.01; 0.03; 0.00; 0.00; 0; 0; 0; 0; 0; 0; 0
2016/04/30; 11:34:48; -8.0; -5.4; -6.8; -6.3; 13.1; 0; 0; 0; 60; 0.01; 0.03; 0.00; 0.00; 0; 0; 0; 0; 0; 0; 0
2016/04/30; 11:34:58; -8.0; -5.4; -6.8; -6.3; 13.1; 0; 0; 0; 59; 0.01; 0.03; 0.00; 0.00; 0; 0; 0; 0; 0; 0; 0
2016/04/30; 11:35:09; -8.0; -5.4; -6.8; -6.3; 13.2; 0; 0; 0; 60; 0.01; 0.03; 0.00; 0.00; 0; 0; 0; 0; 0; 0; 0
2016/04/30; 11:35:19; -8.0; -5.4; -6.8; -6.3; 13.2; 0; 64; 0; 59; 0.01; 0.03; 0.00; 0.00; 0; 0; 0; 0; 0; 0; 0
2016/04/30; 11:35:29; -8.0; -5.4; -6.8; -6.3; 13.2; 0; 0; 0; 60; 0.01; 0.03; 0.00; 0.00; 0; 0; 0; 0; 0; 0; 0
2016/04/30; 11:35:39; -8.0; -5.4; -6.8; -6.3; 13.1; 0; 0; 71; 60; 0.01; 0.03; 0.00; 0.00; 0; 0; 0; 0; 0; 0; 0
2016/04/30; 11:35:49; -8.0; -5.4; -6.8; -6.3; 13.1; 0; 0; 0; 60; 0.01; 0.03; 0.00; 0.00; 0; 0; 0; 0; 0; 0; 0
2016/04/30; 11:35:59; -7.9; -5.4; -6.8; -6.3; 13.1; 0; 0; 0; 60; 0.01; 0.03; 0.00; 0.00; 0; 0; 0; 0; 0; 0; 0
2016/04/30; 11:36:09; -8.0; -5.4; -6.8; -6.3; 13.1; 66; 0; 0; 60; 0.01; 0.03; 0.00; 0.00; 0; 0; 0; 0; 0; 0; 0
2016/04/30; 11:36:20; -7.9; -5.4; -6.8; -6.3; 13.1; 0; 0; 0; 59; 0.01; 0.03; 0.00; 0.00; 0; 0; 0; 0; 0; 0; 0
2016/04/30; 11:36:30; -7.9; -5.4; -6.8; -6.3; 13.1; 0; 0; 0; 59; 0.01; 0.03; 0.00; 0.00; 0; 0; 0; 0; 0; 0; 0
2016/04/30; 11:36:40; -8.0; -5.4; -6.8; -6.3; 13.1; 0; 0; 0; 60; 0.01; 0.03; 0.00; 0.00; 0; 0; 0; 0; 0; 0; 0
2016/04/30; 11:36:50; -8.0; -5.4; -6.8; -6.3; 13.1; 0; 0; 0; 60; 0.01; 0.03; 0.00; 0.00; 0; 0; 0; 0; 0; 0; 0
2016/04/30; 11:37:00; -8.0; -5.4; -6.8; -6.3; 13.1; 0; 0; 0; 61; 0.01; 0.03; 0.00; 0.00; 0; 0; 0; 0; 0; 0; 0
2016/04/30; 11:37:11; -8.0; -5.4; -6.8; -6.3; 13.1; 0; 0; 0; 60; 0.01; 0.03; 0.00; 0.00; 0; 0; 0; 0; 0; 0; 0
2016/04/30; 11:37:21; -7.9; -5.4; -6.8; -6.3; 13.1; 0; 0; 0; 61; 0.01; 0.03; 0.00; 0.00; 0; 0; 0; 0; 0; 0; 0
2016/04/30; 11:37:31; -7.9; -5.4; -6.8; -6.3; 13.1; 0; 0; 0; 60; 0.01; 0.03; 0.00; 0.00; 0; 0; 0; 0; 0; 0; 0
2016/04/30; 11:37:41; -7.9; -5.4; -6.8; -6.3; 13.0; 0; 0; 0; 60; 0.01; 0.03; 0.00; 0.00; 0; 0; 0; 0; 0; 0; 0
2016/04/30; 11:37:51; -7.9; -5.4; -6.8; -6.3; 13.1; 0; 0; 0; 60; 0.01; 0.03; 0.00; 0.00; 0; 0; 0; 0; 0; 0; 0
2016/04/30; 11:38:01; -7.9; -5.4; -6.8; -6.3; 13.0; 0; 0; 0; 60; 0.01; 0.03; 0.00; 0.00; 0; 0; 0; 0; 0; 0; 0
2016/04/30; 11:38:12; -7.9; -5.4; -6.8; -6.4; 13.0; 0; 0; 0; 60; 0.01; 0.03; 0.00; 0.00; 0; 0; 0; 0; 0; 0; 0
2016/04/30; 11:38:22; -7.9; -5.4; -6.8; -6.4; 13.0; 0; 0; 0; 59; 0.01; 0.03; 0.00; 0.00; 0; 0; 0; 0; 0; 0; 0
2016/04/30; 11:38:32; -7.9; -5.4; -6.8; -6.4; 13.0; 0; 64; 0; 61; 0.01; 0.03; 0.00; 0.00; 0; 0; 0; 0; 0; 0; 0
2016/04/30; 11:38:42; -7.9; -5.4; -6.8; -6.4; 13.0; 0; 0; 0; 60; 0.01; 0.03; 0.00; 0.00; 0; 0; 0; 0; 0; 0; 0
2016/04/30; 11:38:52; -7.9; -5.4; -6.7; -6.4; 13.0; 0; 0; 66; 61; 0.01; 0.03; 0.00; 0.00; 0; 0; 0; 0; 0; 0; 0
2016/04/30; 11:39:02; -7.8; -5.4; -6.7; -6.4; 13.0; 0; 0; 0; 60; 0.01; 0.03; 0.00; 0.00; 0; 0; 0; 0; 0; 0; 0
2016/04/30; 11:39:12; -7.8; -5.4; -6.7; -6.4; 13.0; 0; 0; 0; 60; 0.01; 0.03; 0.00; 0.00; 0; 0; 0; 0; 0; 0; 0
2016/04/30; 11:39:23; -7.8; -5.4; -6.7; -6.4; 13.0; 65; 0; 0; 61; 0.01; 0.03; 0.00; 0.00; 0; 0; 0; 0; 0; 0; 0
2016/04/30; 11:39:33; -7.8; -5.3; -6.7; -6.4; 13.0; 0; 0; 0; 60; 0.01; 0.03; 0.00; 0.00; 0; 0; 0; 0; 0; 0; 0
2016/04/30; 11:39:43; -7.8; -5.3; -6.7; -6.4; 13.0; 0; 0; 0; 60; 0.01; 0.03; 0.00; 0.00; 0; 0; 0; 0; 0; 0; 0
2016/04/30; 11:39:53; -7.8; -5.3; -6.7; -6.4; 13.0; 0; 0; 0; 62; 0.01; 0.03; 0.00; 0.00; 0; 0; 0; 0; 0; 0; 0
2016/04/30; 11:40:03; -7.8; -5.3; -6.7; -6.4; 12.9; 0; 0; 0; 62; 0.01; 0.03; 0.00; 0.00; 0; 0; 0; 0; 0; 0; 0
2016/04/30; 11:40:13; -7.8; -5.3; -6.7; -6.5; 12.9; 0; 0; 0; 61; 0.01; 0.03; 0.00; 0.00; 0; 0; 0; 0; 0; 0; 0
2016/04/30; 11:40:24; -7.8; -5.3; -6.7; -6.5; 12.9; 0; 0; 0; 61; 0.01; 0.03; 0.00; 0.00; 0; 0; 0; 0; 0; 0; 0
2016/04/30; 11:40:34; -7.8; -5.3; -6.7; -6.5; 12.9; 0; 0; 0; 62; 0.01; 0.03; 0.00; 0.00; 0; 0; 0; 0; 0; 0; 0
2016/04/30; 11:40:44; -7.8; -5.3; -6.7; -6.5; 12.9; 0; 0; 0; 62; 0.01; 0.03; 0.00; 0.00; 0; 0; 0; 0; 0; 0; 0
2016/04/30; 11:40:54; -7.8; -5.3; -6.7; -6.5; 12.9; 0; 0; 0; 61; 0.01; 0.03; 0.00; 0.00; 0; 0; 0; 0; 0; 0; 0
2016/04/30; 11:41:04; -7.8; -5.2; -6.6; -6.5; 12.9; 0; 0; 0; 61; 0.01; 0.03; 0.00; 0.00; 0; 0; 0; 0; 0; 0; 0
2016/04/30; 11:41:14; -7.8; -5.2; -6.6; -6.6; 12.9; 0; 0; 0; 61; 0.01; 0.03; 0.00; 0.00; 0; 0; 0; 0; 0; 0; 0
2016/04/30; 11:41:25; -7.8; -5.2; -6.6; -6.6; 12.9; 0; 0; 0; 60; 0.01; 0.03; 0.00; 0.00; 0; 0; 0; 0; 0; 0; 0
2016/04/30; 11:41:35; -7.8; -5.2; -6.6; -6.6; 12.9; 0; 64; 0; 60; 0.01; 0.03; 0.00; 0.00; 0; 0; 0; 0; 0; 0; 0
2016/04/30; 11:41:45; -7.8; -5.2; -6.6; -6.6; 12.8; 0; 0; 0; 60; 0.01; 0.03; 0.00; 0.00; 0; 0; 0; 0; 0; 0; 0
2016/04/30; 11:41:55; -7.7; -5.2; -6.6; -6.6; 12.8; 0; 0; 0; 61; 0.01; 0.03; 0.00; 0.00; 0; 0; 0; 0; 0; 0; 0
2016/04/30; 11:42:05; -7.8; -5.2; -6.6; -6.6; 12.8; 0; 0; 65; 60; 0.01; 0.03; 0.00; 0.00; 0; 0; 0; 0; 0; 0; 0
2016/04/30; 11:42:15; -7.7; -5.2; -6.6; -6.6; 12.8; 0; 0; 0; 61; 0.01; 0.03; 0.00; 0.00; 0; 0; 0; 0; 0; 0; 0
2016/04/30; 11:42:26; -7.7; -5.2; -6.6; -6.6; 12.9; 65; 0; 0; 61; 0.01; 0.03; 0.00; 0.00; 0; 0; 0; 0; 0; 0; 0
2016/04/30; 11:42:36; -7.7; -5.1; -6.6; -6.6; 12.8; 0; 0; 0; 62; 0.01; 0.03; 0.00; 0.00; 0; 0; 0; 0; 0; 0; 0
2016/04/30; 11:42:46; -7.7; -5.1; -6.6; -6.6; 12.9; 0; 0; 0; 62; 0.01; 0.03; 0.00; 0.00; 0; 0; 0; 0; 0; 0; 0
2016/04/30; 11:42:56; -7.7; -5.1; -6.6; -6.6; 12.8; 0; 0; 0; 62; 0.01; 0.03; 0.00; 0.00; 0; 0; 0; 0; 0; 0; 0
2016/04/30; 11:43:06; -7.7; -5.1; -6.6; -6.6; 12.8; 0; 0; 0; 62; 0.01; 0.03; 0.00; 0.00; 0; 0; 0; 0; 0; 0; 0
2016/04/30; 11:43:16; -7.7; -5.1; -6.5; -6.7; 12.8; 0; 0; 0; 62; 0.01; 0.03; 0.00; 0.00; 0; 0; 0; 0; 0; 0; 0
2016/04/30; 11:43:26; -7.7; -5.1; -6.5; -6.7; 12.8; 0; 0; 0; 62; 0.01; 0.03; 0.00; 0.00; 0; 0; 0; 0; 0; 0; 0
2016/04/30; 11:43:37; -7.7; -5.1; -6.5; -6.7; 12.8; 0; 0; 0; 62; 0.01; 0.03; 0.00; 0.00; 0; 0; 0; 0; 0; 0; 0
2016/04/30; 11:43:47; -7.7; -5.0; -6.5; -6.7; 12.8; 0; 0; 0; 61; 0.01; 0.03; 0.00; 0.00; 0; 0; 0; 0; 0; 0; 0
2016/04/30; 11:43:57; -7.6; -5.0; -6.5; -6.7; 12.8; 0; 0; 0; 60; 0.01; 0.03; 0.00; 0.00; 0; 0; 0; 0; 0; 0; 0
2016/04/30; 11:44:07; -7.6; -5.0; -6.5; -6.7; 12.8; 0; 0; 0; 61; 0.01; 0.03; 0.00; 0.00; 0; 0; 0; 0; 0; 0; 0
2016/04/30; 11:44:17; -7.6; -5.0; -6.5; -6.7; 12.8; 0; 0; 0; 60; 0.01; 0.03; 0.00; 0.00; 0; 0; 0; 0; 0; 0; 0
2016/04/30; 11:44:27; -7.6; -5.0; -6.5; -6.7; 12.8; 0; 0; 0; 60; 0.01; 0.03; 0.00; 0.00; 0; 0; 0; 0; 0; 0; 0
2016/04/30; 11:44:38; -7.6; -5.0; -6.5; -6.7; 12.8; 0; 0; 0; 60; 0.01; 0.03; 0.00; 0.00; 0; 0; 0; 0; 0; 0; 0
2016/04/30; 11:44:48; -7.6; -5.0; -6.5; -6.8; 12.8; 0; 65; 0; 60; 0.01; 0.03; 0.00; 0.00; 0; 0; 0; 0; 0; 0; 0
2016/04/30; 11:44:58; -7.6; -5.0; -6.4; -6.8; 12.8; 0; 0; 0; 61; 0.01; 0.03; 0.00; 0.00; 0; 0; 0; 0; 0; 0; 0
2016/04/30; 11:45:08; -7.6; -5.0; -6.4; -6.7; 12.8; 0; 0; 0; 60; 0.01; 0.03; 0.00; 0.00; 0; 0; 0; 0; 0; 0; 0
2016/04/30; 11:45:18; -7.5; -5.0; -6.4; -6.7; 12.8; 0; 0; 65; 60; 0.01; 0.03; 0.00; 0.00; 0; 0; 0; 0; 0; 0; 0
2016/04/30; 11:45:28; -7.5; -5.0; -6.4; -6.7; 12.8; 0; 0; 0; 60; 0.01; 0.03; 0.00; 0.00; 0; 0; 0; 0; 0; 0; 0
2016/04/30; 11:45:39; -7.5; -4.9; -6.4; -6.7; 12.8; 66; 0; 0; 61; 0.01; 0.03; 0.00; 0.00; 0; 0; 0; 0; 0; 0; 0
2016/04/30; 11:45:49; -7.5; -4.9; -6.4; -6.7; 12.8; 0; 0; 0; 61; 0.01; 0.03; 0.00; 0.00; 0; 0; 0; 0; 0; 0; 0
2016/04/30; 11:45:59; -7.5; -4.9; -6.4; -6.7; 12.8; 0; 0; 0; 61; 0.01; 0.03; 0.00; 0.00; 0; 0; 0; 0; 0; 0; 0
2016/04/30; 11:46:09; -7.5; -4.9; -6.4; -6.7; 12.8; 0; 0; 0; 61; 0.01; 0.03; 0.00; 0.00; 0; 0; 0; 0; 0; 0; 0
2016/04/30; 11:46:19; -7.5; -4.9; -6.4; -6.7; 12.8; 0; 0; 0; 62; 0.01; 0.03; 0.00; 0.00; 0; 0; 0; 0; 0; 0; 0
2016/04/30; 11:46:29; -7.5; -4.9; -6.4; -6.7; 12.8; 0; 0; 0; 63; 0.01; 0.03; 0.00; 0.00; 0; 0; 0; 0; 0; 0; 0
2016/04/30; 11:46:39; -7.5; -4.9; -6.4; -6.7; 12.8; 0; 0; 0; 63; 0.01; 0.03; 0.00; 0.00; 0; 0; 0; 0; 0; 0; 0
2016/04/30; 11:46:50; -7.5; -4.9; -6.4; -6.7; 12.9; 0; 0; 0; 63; 0.01; 0.03; 0.00; 0.00; 0; 0; 0; 0; 0; 0; 0
2016/04/30; 11:47:00; -7.5; -4.9; -6.4; -6.8; 12.8; 0; 0; 0; 61; 0.01; 0.03; 0.00; 0.00; 0; 0; 0; 0; 0; 0; 0
2016/04/30; 11:47:10; -7.4; -4.9; -6.4; -6.8; 12.9; 0; 0; 0; 61; 0.01; 0.03; 0.00; 0.00; 0; 0; 0; 0; 0; 0; 0
2016/04/30; 11:47:20; -7.4; -4.8; -6.4; -6.8; 12.9; 0; 0; 0; 62; 0.01; 0.03; 0.00; 0.00; 0; 0; 0; 0; 0; 0; 0
2016/04/30; 11:47:31; -7.4; -4.8; -6.3; -6.8; 12.9; 0; 0; 0; 62; 0.01; 0.03; 0.00; 0.00; 0; 0; 0; 0; 0; 0; 0
2016/04/30; 11:47:41; -7.4; -4.8; -6.3; -6.8; 12.9; 0; 0; 0; 62; 0.01; 0.03; 0.00; 0.00; 0; 0; 0; 0; 0; 0; 0
2016/04/30; 11:47:51; -7.4; -4.8; -6.3; -6.8; 12.9; 0; 0; 0; 61; 0.01; 0.03; 0.00; 0.00; 0; 0; 0; 0; 0; 0; 0
2016/04/30; 11:48:01; -7.4; -4.8; -6.3; -6.8; 12.9; 0; 62; 0; 62; 0.01; 0.03; 0.00; 0.00; 0; 0; 0; 0; 0; 0; 0
2016/04/30; 11:48:11; -7.4; -4.8; -6.3; -6.9; 12.9; 0; 0; 0; 62; 0.01; 0.03; 0.00; 0.00; 0; 0; 0; 0; 0; 0; 0
2016/04/30; 11:48:21; -7.4; -4.8; -6.3; -6.9; 12.9; 0; 0; 66; 62; 0.01; 0.03; 0.00; 0.00; 0; 0; 0; 0; 0; 0; 0
2016/04/30; 11:48:32; -7.4; -4.8; -6.3; -6.9; 12.9; 0; 0; 0; 62; 0.01; 0.03; 0.00; 0.00; 0; 0; 0; 0; 0; 0; 0
2016/04/30; 11:48:42; -7.4; -4.8; -6.3; -6.9; 12.9; 0; 0; 0; 62; 0.01; 0.03; 0.00; 0.00; 0; 0; 0; 0; 0; 0; 0
2016/04/30; 11:48:52; -7.4; -4.8; -6.3; -6.9; 12.8; 64; 0; 0; 63; 0.01; 0.03; 0.00; 0.00; 0; 0; 0; 0; 0; 0; 0
2016/04/30; 11:49:02; -7.4; -4.8; -6.3; -6.9; 12.8; 0; 0; 0; 63; 0.01; 0.03; 0.00; 0.00; 0; 0; 0; 0; 0; 0; 0
2016/04/30; 11:49:12; -7.3; -4.8; -6.3; -6.9; 12.8; 0; 0; 0; 63; 0.01; 0.03; 0.00; 0.00; 0; 0; 0; 0; 0; 0; 0
2016/04/30; 11:49:22; -7.3; -4.8; -6.3; -6.9; 12.8; 0; 0; 0; 63; 0.01; 0.03; 0.00; 0.00; 0; 0; 0; 0; 0; 0; 0
2016/04/30; 11:49:32; -7.3; -4.7; -6.3; -6.9; 12.8; 0; 0; 0; 64; 0.01; 0.03; 0.00; 0.00; 0; 0; 0; 0; 0; 0; 0
2016/04/30; 11:49:43; -7.3; -4.7; -6.3; -6.9; 12.8; 0; 0; 0; 64; 0.01; 0.03; 0.00; 0.00; 0; 0; 0; 0; 0; 0; 0
2016/04/30; 11:49:53; -7.3; -4.7; -6.3; -7.0; 12.8; 0; 0; 0; 1; 0.01; 0.03; 0.00; 0.00; 0; 0; 0; 0; 0; 0; 0
2016/04/30; 11:50:03; -7.3; -4.7; -6.3; -7.0; 12.7; 0; 0; 0; 1; 0.01; 0.03; 0.00; 0.00; 0; 0; 0; 0; 0; 0; 0
2016/04/30; 11:50:13; -7.3; -4.7; -6.2; -7.0; 12.7; 0; 0; 0; 0; 0.01; 0.03; 0.00; 0.00; 0; 0; 0; 0; 0; 0; 0
2016/04/30; 11:50:23; -7.3; -4.7; -6.2; -7.0; 12.7; 0; 0; 0; 0; 0.01; 0.03; 0.00; 0.00; 0; 0; 0; 0; 0; 0; 0
2016/04/30; 11:50:34; -7.3; -4.7; -6.2; -7.0; 12.7; 0; 0; 0; 0; 0.01; 0.03; 0.00; 0.00; 0; 0; 0; 0; 0; 0; 0
2016/04/30; 11:50:44; -7.3; -4.7; -6.2; -7.0; 12.7; 0; 0; 0; 0; 0.01; 0.03; 0.00; 0.00; 0; 0; 0; 0; 0; 0; 0
2016/04/30; 11:50:54; -7.2; -4.7; -6.2; -7.1; 12.7; 0; 0; 0; 0; 0.01; 0.03; 0.00; 0.00; 0; 0; 0; 0; 0; 0; 0
2016/04/30; 11:51:04; -7.2; -4.7; -6.2; -7.1; 12.7; 0; 3; 0; 0; 0.01; 0.03; 0.00; 0.00; 0; 0; 0; 0; 0; 0; 0
2016/04/30; 11:51:14; -7.2; -4.7; -6.2; -7.0; 12.7; 0; 63; 0; 0; 0.01; 0.03; 0.00; 0.00; 0; 0; 0; 0; 0; 0; 0
2016/04/30; 11:51:24; -7.2; -4.6; -6.2; -7.0; 12.7; 0; 0; 0; 0; 0.01; 0.03; 0.00; 0.00; 0; 0; 0; 0; 0; 0; 0
2016/04/30; 11:51:34; -7.2; -4.7; -6.2; -7.0; 12.7; 0; 0; 66; 0; 0.01; 0.03; 0.00; 0.00; 0; 0; 0; 0; 0; 0; 0
2016/04/30; 11:51:45; -7.2; -4.7; -6.2; -7.0; 12.7; 0; 0; 0; 0; 0.01; 0.03; 0.00; 0.00; 0; 0; 0; 0; 0; 0; 0
2016/04/30; 11:51:55; -7.2; -4.7; -6.2; -7.0; 12.6; 65; 0; 0; 0; 0.01; 0.03; 0.00; 0.00; 0; 0; 0; 0; 0; 0; 0
2016/04/30; 11:52:05; -7.2; -4.6; -6.2; -7.0; 12.6; 0; 0; 0; 0; 0.01; 0.03; 0.00; 0.00; 0; 0; 0; 0; 0; 0; 0
2016/04/30; 11:52:15; -7.2; -4.6; -6.2; -7.0; 12.6; 0; 0; 0; 0; 0.01; 0.03; 0.00; 0.00; 0; 0; 0; 0; 0; 0; 0
2016/04/30; 11:52:25; -7.2; -4.6; -6.2; -7.0; 12.6; 0; 0; 0; 0; 0.01; 0.03; 0.00; 0.00; 0; 0; 0; 0; 0; 0; 0
2016/04/30; 11:52:35; -7.2; -4.6; -6.2; -7.0; 12.6; 0; 0; 0; 0; 0.01; 0.03; 0.00; 0.00; 0; 0; 0; 0; 0; 0; 0
2016/04/30; 11:52:46; -7.2; -4.6; -6.1; -7.0; 12.6; 0; 0; 0; 0; 0.01; 0.03; 0.00; 0.00; 0; 0; 0; 0; 0; 0; 0
2016/04/30; 11:52:56; -7.2; -4.6; -6.1; -7.0; 12.6; 0; 0; 0; 65; 0.01; 0.03; 0.00; 0.00; 0; 0; 0; 0; 0; 0; 0
2016/04/30; 11:53:06; -7.2; -4.6; -6.1; -7.0; 12.6; 0; 0; 0; 0; 0.01; 0.03; 0.00; 0.00; 0; 0; 0; 0; 0; 0; 0
2016/04/30; 11:53:16; -7.1; -4.6; -6.1; -7.0; 12.5; 0; 0; 0; 0; 0.01; 0.03; 0.00; 0.00; 0; 0; 0; 0; 0; 0; 0
2016/04/30; 11:53:26; -7.1; -4.6; -6.1; -7.0; 12.5; 0; 0; 0; 0; 0.01; 0.03; 0.00; 0.00; 0; 0; 0; 0; 0; 0; 0
2016/04/30; 11:53:36; -7.1; -4.6; -6.1; -7.1; 12.5; 0; 0; 0; 0; 0.01; 0.03; 0.00; 0.00; 0; 0; 0; 0; 0; 0; 0
2016/04/30; 11:53:47; -7.1; -4.6; -6.1; -7.1; 12.5; 0; 0; 0; 0; 0.01; 0.03; 0.00; 0.00; 0; 0; 0; 0; 0; 0; 0
2016/04/30; 11:53:57; -7.1; -4.5; -6.1; -7.1; 12.5; 0; 0; 0; 0; 0.01; 0.03; 0.00; 0.00; 0; 0; 0; 0; 0; 0; 0
2016/04/30; 11:54:07; -7.1; -4.5; -6.1; -7.0; 12.5; 0; 0; 0; 0; 0.01; 0.03; 0.00; 0.00; 0; 0; 0; 0; 0; 0; 0
2016/04/30; 11:54:17; -7.1; -4.5; -6.1; -7.0; 12.5; 0; 63; 0; 0; 0.01; 0.03; 0.00; 0.00; 0; 0; 0; 0; 0; 0; 0
2016/04/30; 11:54:27; -7.1; -4.5; -6.1; -7.0; 12.5; 0; 0; 0; 0; 0.01; 0.03; 0.00; 0.00; 0; 0; 0; 0; 0; 0; 0
2016/04/30; 11:54:37; -7.1; -4.5; -6.1; -7.0; 12.5; 0; 0; 0; 0; 0.01; 0.03; 0.00; 0.00; 0; 0; 0; 0; 0; 0; 0
2016/04/30; 11:54:48; -7.1; -4.5; -6.1; -7.0; 12.4; 0; 0; 63; 1; 0.01; 0.03; 0.00; 0.00; 0; 0; 0; 0; 0; 0; 0
2016/04/30; 11:54:58; -7.1; -4.5; -6.0; -7.0; 12.4; 0; 0; 0; 0; 0.01; 0.03; 0.00; 0.00; 0; 0; 0; 0; 0; 0; 0
2016/04/30; 11:55:08; -7.1; -4.5; -6.0; -7.0; 12.4; 65; 0; 0; 1; 0.01; 0.03; 0.00; 0.00; 0; 0; 0; 0; 0; 0; 0
2016/04/30; 11:55:18; -7.0; -4.5; -6.0; -7.0; 12.4; 0; 0; 0; 0; 0.01; 0.03; 0.00; 0.00; 0; 0; 0; 0; 0; 0; 0
2016/04/30; 11:55:28; -7.0; -4.5; -6.0; -7.0; 12.4; 0; 0; 0; 0; 0.01; 0.03; 0.00; 0.00; 0; 0; 0; 0; 0; 0; 0
2016/04/30; 11:55:38; -7.0; -4.5; -6.0; -7.0; 12.4; 0; 0; 0; 0; 0.01; 0.03; 0.00; 0.00; 0; 0; 0; 0; 0; 0; 0
2016/04/30; 11:55:48; -7.0; -4.5; -6.0; -7.0; 12.4; 0; 0; 0; 0; 0.01; 0.03; 0.00; 0.00; 0; 0; 0; 0; 0; 0; 0
2016/04/30; 11:55:59; -7.0; -4.5; -6.0; -6.9; 12.4; 0; 0; 0; 2; 0.01; 0.03; 0.00; 0.00; 0; 0; 0; 0; 0; 0; 0
2016/04/30; 11:56:09; -7.0; -4.5; -6.0; -6.9; 12.4; 0; 0; 0; 64; 0.01; 0.03; 0.00; 0.00; 0; 0; 0; 0; 0; 0; 0
2016/04/30; 11:56:19; -7.0; -4.5; -6.0; -6.9; 12.4; 0; 0; 0; 0; 0.01; 0.03; 0.00; 0.00; 0; 0; 0; 0; 0; 0; 0
2016/04/30; 11:56:29; -7.0; -4.5; -6.0; -6.9; 12.4; 0; 0; 0; 0; 0.01; 0.03; 0.00; 0.00; 0; 0; 0; 0; 0; 0; 0
2016/04/30; 11:56:39; -7.0; -4.5; -6.0; -6.9; 12.3; 0; 0; 0; 0; 0.01; 0.03; 0.00; 0.00; 0; 0; 0; 0; 0; 0; 0
2016/04/30; 11:56:49; -7.0; -4.5; -6.0; -6.9; 12.3; 0; 0; 0; 0; 0.01; 0.03; 0.00; 0.00; 0; 0; 0; 0; 0; 0; 0
2016/04/30; 11:56:59; -7.0; -4.5; -6.0; -6.9; 12.3; 0; 0; 0; 0; 0.01; 0.03; 0.00; 0.00; 0; 0; 0; 0; 0; 0; 0
2016/04/30; 11:57:10; -7.0; -4.5; -6.0; -6.9; 12.3; 0; 0; 0; 0; 0.01; 0.03; 0.00; 0.00; 0; 0; 0; 0; 0; 0; 0
2016/04/30; 11:57:20; -7.0; -4.4; -6.0; -6.9; 12.3; 0; 0; 0; 0; 0.01; 0.03; 0.00; 0.00; 0; 0; 0; 0; 0; 0; 0
2016/04/30; 11:57:30; -7.0; -4.5; -6.0; -6.9; 12.3; 0; 62; 0; 0; 0.01; 0.03; 0.00; 0.00; 0; 0; 0; 0; 0; 0; 0
2016/04/30; 11:57:40; -7.0; -4.5; -6.0; -6.9; 12.3; 0; 0; 0; 0; 0.01; 0.03; 0.00; 0.00; 0; 0; 0; 0; 0; 0; 0
2016/04/30; 11:57:51; -7.0; -4.4; -6.0; -6.9; 12.3; 0; 0; 63; 0; 0.01; 0.03; 0.00; 0.00; 0; 0; 0; 0; 0; 0; 0
2016/04/30; 11:58:01; -6.9; -4.5; -6.0; -6.8; 12.3; 0; 0; 0; 0; 0.01; 0.03; 0.00; 0.00; 0; 0; 0; 0; 0; 0; 0
2016/04/30; 11:58:11; -6.9; -4.5; -6.0; -6.8; 12.3; 0; 0; 0; 0; 0.01; 0.03; 0.00; 0.00; 0; 0; 0; 0; 0; 0; 0
2016/04/30; 11:58:21; -6.9; -4.4; -5.9; -6.8; 12.3; 64; 0; 0; 0; 0.01; 0.03; 0.00; 0.00; 0; 0; 0; 0; 0; 0; 0
2016/04/30; 11:58:31; -6.9; -4.4; -5.9; -6.8; 12.3; 0; 0; 0; 1; 0.01; 0.03; 0.00; 0.00; 0; 0; 0; 0; 0; 0; 0
2016/04/30; 11:58:41; -6.9; -4.4; -5.9; -6.8; 12.3; 0; 0; 0; 0; 0.01; 0.03; 0.00; 0.00; 0; 0; 0; 0; 0; 0; 0
2016/04/30; 11:58:51; -6.9; -4.4; -5.9; -6.8; 12.3; 0; 0; 0; 1; 0.01; 0.03; 0.00; 0.00; 0; 0; 0; 0; 0; 0; 0
2016/04/30; 11:59:02; -6.9; -4.4; -5.9; -6.8; 12.3; 0; 0; 0; 0; 0.01; 0.03; 0.00; 0.00; 0; 0; 0; 0; 0; 0; 0
2016/04/30; 11:59:12; -6.9; -4.4; -5.9; -6.8; 12.3; 0; 0; 0; 62; 0.01; 0.03; 0.00; 0.00; 0; 0; 0; 0; 0; 0; 0
2016/04/30; 11:59:22; -6.9; -4.4; -5.9; -6.8; 12.3; 0; 0; 0; 0; 0.01; 0.03; 0.00; 0.00; 0; 0; 0; 0; 0; 0; 0
2016/04/30; 11:59:32; -6.9; -4.4; -5.9; -6.8; 12.3; 0; 0; 0; 0; 0.01; 0.03; 0.00; 0.00; 0; 0; 0; 0; 0; 0; 0
2016/04/30; 11:59:42; -6.9; -4.4; -5.9; -6.7; 12.3; 0; 0; 0; 1; 0.01; 0.03; 0.00; 0.00; 0; 0; 0; 0; 0; 0; 0
2016/04/30; 11:59:52; -6.9; -4.4; -5.9; -6.8; 12.2; 0; 0; 0; 1; 0.01; 0.03; 0.00; 0.00; 0; 0; 0; 0; 0; 0; 0
2016/04/30; 12:00:03; -6.9; -4.4; -5.9; -6.7; 12.2; 0; 0; 0; 0; 0.01; 0.03; 0.00; 0.00; 0; 0; 0; 0; 0; 0; 0
2016/04/30; 12:00:13; -6.8; -4.4; -5.9; -6.7; 12.2; 0; 0; 0; 1; 0.01; 0.03; 0.00; 0.00; 0; 0; 0; 0; 0; 0; 0
2016/04/30; 12:00:23; -6.8; -4.4; -5.8; -6.7; 12.2; 0; 0; 0; 0; 0.01; 0.03; 0.00; 0.00; 0; 0; 0; 0; 0; 0; 0
2016/04/30; 12:00:33; -6.8; -4.4; -5.8; -6.7; 12.2; 0; 0; 0; 0; 0.01; 0.03; 0.00; 0.00; 0; 0; 0; 0; 0; 0; 0
2016/04/30; 12:00:43; -6.8; -4.4; -5.8; -6.7; 12.2; 0; 63; 0; 0; 0.01; 0.03; 0.00; 0.00; 0; 0; 0; 0; 0; 0; 0
2016/04/30; 12:00:53; -6.8; -4.4; -5.8; -6.7; 12.2; 0; 0; 0; 0; 0.01; 0.03; 0.00; 0.00; 0; 0; 0; 0; 0; 0; 0
2016/04/30; 12:01:04; -6.8; -4.4; -5.8; -6.7; 12.2; 0; 0; 66; 1; 0.01; 0.03; 0.00; 0.00; 0; 0; 0; 0; 0; 0; 0
2016/04/30; 12:01:14; -6.8; -4.4; -5.8; -6.6; 12.2; 0; 0; 0; 0; 0.01; 0.03; 0.00; 0.00; 0; 0; 0; 0; 0; 0; 0
2016/04/30; 12:01:24; -6.8; -4.4; -5.8; -6.6; 12.2; 0; 0; 0; 0; 0.01; 0.03; 0.00; 0.00; 0; 0; 0; 0; 0; 0; 0
2016/04/30; 12:01:34; -6.8; -4.4; -5.8; -6.6; 12.1; 63; 0; 0; 1; 0.01; 0.03; 0.00; 0.00; 0; 0; 0; 0; 0; 0; 0
2016/04/30; 12:01:44; -6.8; -4.4; -5.8; -6.6; 12.1; 0; 0; 0; 1; 0.01; 0.03; 0.00; 0.00; 0; 0; 0; 0; 0; 0; 0
2016/04/30; 12:01:54; -6.8; -4.4; -5.8; -6.6; 12.1; 0; 0; 0; 1; 0.01; 0.03; 0.00; 0.00; 0; 0; 0; 0; 0; 0; 0
2016/04/30; 12:02:05; -6.8; -4.3; -5.8; -6.6; 12.1; 0; 0; 0; 1; 0.01; 0.03; 0.00; 0.00; 0; 0; 0; 0; 0; 0; 0
2016/04/30; 12:02:15; -6.8; -4.3; -5.8; -6.6; 12.1; 0; 0; 0; 0; 0.01; 0.03; 0.00; 0.00; 0; 0; 0; 0; 0; 0; 0
2016/04/30; 12:02:25; -6.8; -4.3; -5.8; -6.6; 12.1; 0; 0; 0; 61; 0.01; 0.03; 0.00; 0.00; 0; 0; 0; 0; 0; 0; 0
2016/04/30; 12:02:35; -6.7; -4.3; -5.7; -6.6; 12.1; 0; 0; 0; 0; 0.01; 0.03; 0.00; 0.00; 0; 0; 0; 0; 0; 0; 0
2016/04/30; 12:02:45; -6.7; -4.3; -5.7; -6.6; 12.1; 0; 0; 0; 0; 0.01; 0.03; 0.00; 0.00; 0; 0; 0; 0; 0; 0; 0
2016/04/30; 12:02:55; -6.7; -4.3; -5.7; -6.5; 12.0; 0; 0; 0; 0; 0.01; 0.03; 0.00; 0.00; 0; 0; 0; 0; 0; 0; 0
2016/04/30; 12:03:06; -6.7; -4.3; -5.7; -6.5; 12.0; 0; 0; 0; 0; 0.01; 0.03; 0.00; 0.00; 0; 0; 0; 0; 0; 0; 0
2016/04/30; 12:03:16; -6.7; -4.3; -5.7; -6.5; 12.0; 0; 0; 0; 0; 0.01; 0.03; 0.00; 0.00; 0; 0; 0; 0; 0; 0; 0
2016/04/30; 12:03:26; -6.7; -4.3; -5.7; -6.5; 12.0; 0; 0; 0; 1; 0.01; 0.03; 0.00; 0.00; 0; 0; 0; 0; 0; 0; 0
2016/04/30; 12:03:36; -6.7; -4.3; -5.7; -6.5; 12.0; 0; 0; 0; 1; 0.01; 0.03; 0.00; 0.00; 0; 0; 0; 0; 0; 0; 0
2016/04/30; 12:03:46; -6.7; -4.3; -5.7; -6.5; 12.0; 0; 64; 0; 0; 0.01; 0.03; 0.00; 0.00; 0; 0; 0; 0; 0; 0; 0
2016/04/30; 12:03:56; -6.7; -4.3; -5.7; -6.5; 12.0; 0; 0; 0; 1; 0.01; 0.03; 0.00; 0.00; 0; 0; 0; 0; 0; 0; 0
2016/04/30; 12:04:07; -6.6; -4.3; -5.7; -6.4; 12.0; 0; 0; 0; 1; 0.01; 0.03; 0.00; 0.00; 0; 0; 0; 0; 0; 0; 0
2016/04/30; 12:04:17; -6.6; -4.3; -5.7; -6.4; 12.0; 0; 0; 64; 1; 0.01; 0.03; 0.00; 0.00; 0; 0; 0; 0; 0; 0; 0
2016/04/30; 12:04:27; -6.6; -4.3; -5.7; -6.4; 12.0; 0; 0; 0; 0; 0.01; 0.03; 0.00; 0.00; 0; 0; 0; 0; 0; 0; 0
2016/04/30; 12:04:37; -6.6; -4.3; -5.7; -6.4; 12.0; 63; 0; 0; 1; 0.01; 0.03; 0.00; 0.00; 0; 0; 0; 0; 0; 0; 0
2016/04/30; 12:04:47; -6.6; -4.3; -5.7; -6.4; 12.0; 0; 0; 0; 1; 0.01; 0.03; 0.00; 0.00; 0; 0; 0; 0; 0; 0; 0
2016/04/30; 12:04:57; -6.6; -4.3; -5.7; -6.4; 12.0; 0; 0; 0; 1; 0.01; 0.03; 0.00; 0.00; 0; 0; 0; 0; 0; 0; 0
2016/04/30; 12:05:08; -6.6; -4.3; -5.7; -6.4; 12.0; 0; 0; 0; 1; 0.01; 0.03; 0.00; 0.00; 0; 0; 0; 0; 0; 0; 0
2016/04/30; 12:05:18; -6.6; -4.3; -5.6; -6.3; 12.0; 0; 0; 0; 1; 0.01; 0.03; 0.00; 0.00; 0; 0; 0; 0; 0; 0; 0
2016/04/30; 12:05:28; -6.6; -4.2; -5.6; -6.3; 11.9; 0; 0; 0; 1; 0.01; 0.03; 0.00; 0.00; 0; 0; 0; 0; 0; 0; 0
2016/04/30; 12:05:38; -6.6; -4.3; -5.6; -6.3; 11.9; 0; 0; 0; 60; 0.01; 0.03; 0.00; 0.00; 0; 0; 0; 0; 0; 0; 0
2016/04/30; 12:05:48; -6.6; -4.3; -5.6; -6.3; 11.9; 0; 0; 0; 0; 0.01; 0.03; 0.00; 0.00; 0; 0; 0; 0; 0; 0; 0
2016/04/30; 12:05:58; -6.6; -4.2; -5.6; -6.3; 11.9; 0; 0; 0; 0; 0.01; 0.03; 0.00; 0.00; 0; 0; 0; 0; 0; 0; 0
2016/04/30; 12:06:08; -6.6; -4.2; -5.6; -6.3; 11.9; 0; 0; 0; 0; 0.01; 0.03; 0.00; 0.00; 0; 0; 0; 0; 0; 0; 0
2016/04/30; 12:06:19; -6.6; -4.2; -5.6; -6.3; 11.9; 0; 0; 0; 0; 0.01; 0.03; 0.00; 0.00; 0; 0; 0; 0; 0; 0; 0
2016/04/30; 12:06:29; -6.6; -4.2; -5.6; -6.3; 11.9; 0; 0; 0; 0; 0.01; 0.03; 0.00; 0.00; 0; 0; 0; 0; 0; 0; 0
2016/04/30; 12:06:39; -6.6; -4.2; -5.5; -6.3; 11.9; 0; 0; 0; 1; 0.01; 0.03; 0.00; 0.00; 0; 0; 0; 0; 0; 0; 0
2016/04/30; 12:06:49; -6.5; -4.2; -5.5; -6.3; 11.9; 0; 0; 0; 1; 0.01; 0.03; 0.00; 0.00; 0; 0; 0; 0; 0; 0; 0
2016/04/30; 12:06:59; -6.5; -4.2; -5.5; -6.3; 11.9; 0; 64; 0; 0; 0.01; 0.03; 0.00; 0.00; 0; 0; 0; 0; 0; 0; 0
2016/04/30; 12:07:09; -6.5; -4.2; -5.5; -6.3; 11.9; 0; 0; 0; 0; 0.01; 0.03; 0.00; 0.00; 0; 0; 0; 0; 0; 0; 0
2016/04/30; 12:07:20; -6.5; -4.2; -5.5; -6.2; 11.9; 0; 0; 0; 1; 0.01; 0.03; 0.00; 0.00; 0; 0; 0; 0; 0; 0; 0
2016/04/30; 12:07:30; -6.5; -4.2; -5.5; -6.2; 11.9; 0; 0; 63; 1; 0.01; 0.03; 0.00; 0.00; 0; 0; 0; 0; 0; 0; 0
2016/04/30; 12:07:40; -6.5; -4.2; -5.5; -6.2; 11.9; 0; 0; 0; 0; 0.01; 0.03; 0.00; 0.00; 0; 0; 0; 0; 0; 0; 0
2016/04/30; 12:07:50; -6.5; -4.2; -5.5; -6.2; 11.9; 64; 0; 0; 1; 0.01; 0.03; 0.00; 0.00; 0; 0; 0; 0; 0; 0; 0
2016/04/30; 12:08:00; -6.5; -4.2; -5.5; -6.2; 11.9; 0; 0; 0; 0; 0.01; 0.03; 0.00; 0.00; 0; 0; 0; 0; 0; 0; 0
2016/04/30; 12:08:10; -6.5; -4.2; -5.5; -6.2; 11.8; 0; 0; 0; 0; 0.01; 0.03; 0.00; 0.00; 0; 0; 0; 0; 0; 0; 0
2016/04/30; 12:08:21; -6.5; -4.2; -5.5; -6.2; 11.8; 0; 0; 0; 1; 0.01; 0.03; 0.00; 0.00; 0; 0; 0; 0; 0; 0; 0
2016/04/30; 12:08:31; -6.5; -4.2; -5.5; -6.1; 11.8; 0; 0; 0; 1; 0.01; 0.03; 0.00; 0.00; 0; 0; 0; 0; 0; 0; 0
2016/04/30; 12:08:41; -6.5; -4.2; -5.5; -6.1; 11.8; 0; 0; 0; 58; 0.01; 0.03; 0.00; 0.00; 0; 0; 0; 0; 0; 0; 0
2016/04/30; 12:08:51; -6.5; -4.2; -5.5; -6.1; 11.8; 0; 0; 0; 1; 0.01; 0.03; 0.00; 0.00; 0; 0; 0; 0; 0; 0; 0
2016/04/30; 12:09:01; -6.5; -4.2; -5.5; -6.1; 11.8; 0; 0; 0; 1; 0.01; 0.03; 0.00; 0.00; 0; 0; 0; 0; 0; 0; 0
2016/04/30; 12:09:12; -6.5; -4.2; -5.5; -6.1; 11.8; 0; 0; 0; 1; 0.01; 0.03; 0.00; 0.00; 0; 0; 0; 0; 0; 0; 0
2016/04/30; 12:09:22; -6.5; -4.2; -5.5; -6.1; 11.8; 0; 0; 0; 0; 0.01; 0.03; 0.00; 0.00; 0; 0; 0; 0; 0; 0; 0
2016/04/30; 12:09:32; -6.5; -4.2; -5.5; -6.1; 11.8; 0; 0; 0; 1; 0.01; 0.03; 0.00; 0.00; 0; 0; 0; 0; 0; 0; 0
2016/04/30; 12:09:42; -6.5; -4.2; -5.5; -6.1; 11.7; 0; 0; 0; 1; 0.01; 0.03; 0.00; 0.00; 0; 0; 0; 0; 0; 0; 0
2016/04/30; 12:09:52; -6.5; -4.2; -5.4; -6.1; 11.7; 0; 0; 0; 1; 0.01; 0.03; 0.00; 0.00; 0; 0; 0; 0; 0; 0; 0
2016/04/30; 12:10:02; -6.5; -4.2; -5.5; -6.1; 11.7; 0; 0; 0; 1; 0.01; 0.03; 0.00; 0.00; 0; 0; 0; 0; 0; 0; 0
2016/04/30; 12:10:12; -6.5; -4.2; -5.4; -6.1; 11.7; 0; 62; 0; 1; 0.01; 0.03; 0.00; 0.00; 0; 0; 0; 0; 0; 0; 0
2016/04/30; 12:10:23; -6.4; -4.2; -5.4; -6.1; 11.7; 0; 0; 0; 1; 0.01; 0.03; 0.00; 0.00; 0; 0; 0; 0; 0; 0; 0
2016/04/30; 12:10:33; -6.4; -4.2; -5.4; -6.0; 11.7; 0; 0; 64; 1; 0.01; 0.03; 0.00; 0.00; 0; 0; 0; 0; 0; 0; 0
2016/04/30; 12:10:43; -6.4; -4.2; -5.4; -6.0; 11.7; 0; 0; 0; 1; 0.01; 0.03; 0.00; 0.00; 0; 0; 0; 0; 0; 0; 0
2016/04/30; 12:10:53; -6.4; -4.2; -5.4; -6.0; 11.7; 0; 0; 0; 1; 0.01; 0.03; 0.00; 0.00; 0; 0; 0; 0; 0; 0; 0
2016/04/30; 12:11:03; -6.4; -4.2; -5.4; -6.0; 11.7; 64; 0; 0; 1; 0.01; 0.03; 0.00; 0.00; 0; 0; 0; 0; 0; 0; 0
2016/04/30; 12:11:13; -6.4; -4.2; -5.4; -6.0; 11.7; 0; 0; 0; 1; 0.01; 0.03; 0.00; 0.00; 0; 0; 0; 0; 0; 0; 0
2016/04/30; 12:11:24; -6.4; -4.2; -5.4; -6.0; 11.7; 0; 0; 0; 1; 0.01; 0.03; 0.00; 0.00; 0; 0; 0; 0; 0; 0; 0
2016/04/30; 12:11:34; -6.4; -4.1; -5.5; -6.0; 11.7; 0; 0; 0; 1; 0.01; 0.03; 0.00; 0.00; 0; 0; 0; 0; 0; 0; 0
2016/04/30; 12:11:44; -6.4; -4.1; -5.4; -6.0; 11.7; 0; 0; 0; 1; 0.01; 0.03; 0.00; 0.00; 0; 0; 0; 0; 0; 0; 0
2016/04/30; 12:11:54; -6.4; -4.1; -5.4; -6.0; 11.7; 0; 0; 0; 60; 0.01; 0.03; 0.00; 0.00; 0; 0; 0; 0; 0; 0; 0
2016/04/30; 12:12:04; -6.4; -4.1; -5.4; -6.0; 11.7; 0; 0; 0; 1; 0.01; 0.03; 0.00; 0.00; 0; 0; 0; 0; 0; 0; 0
2016/04/30; 12:12:14; -6.4; -4.1; -5.4; -6.0; 11.6; 0; 0; 0; 1; 0.01; 0.03; 0.00; 0.00; 0; 0; 0; 0; 0; 0; 0
2016/04/30; 12:12:24; -6.4; -4.1; -5.4; -6.0; 11.6; 0; 0; 0; 1; 0.01; 0.03; 0.00; 0.00; 0; 0; 0; 0; 0; 0; 0
2016/04/30; 12:12:35; -6.4; -4.1; -5.5; -6.0; 11.6; 0; 0; 0; 1; 0.01; 0.03; 0.00; 0.00; 0; 0; 0; 0; 0; 0; 0
2016/04/30; 12:12:45; -6.4; -4.1; -5.4; -5.9; 11.6; 0; 0; 0; 1; 0.01; 0.03; 0.00; 0.00; 0; 0; 0; 0; 0; 0; 0
2016/04/30; 12:12:55; -6.4; -4.1; -5.4; -5.9; 11.6; 0; 0; 0; 1; 0.01; 0.03; 0.00; 0.00; 0; 0; 0; 0; 0; 0; 0
2016/04/30; 12:13:05; -6.3; -4.1; -5.4; -5.9; 11.6; 0; 0; 0; 1; 0.01; 0.03; 0.00; 0.00; 0; 0; 0; 0; 0; 0; 0
2016/04/30; 12:13:15; -6.3; -4.1; -5.4; -5.9; 11.6; 0; 0; 0; 1; 0.01; 0.03; 0.00; 0.00; 0; 0; 0; 0; 0; 0; 0
2016/04/30; 12:13:25; -6.3; -4.1; -5.4; -5.9; 11.6; 0; 62; 0; 1; 0.01; 0.03; 0.00; 0.00; 0; 0; 0; 0; 0; 0; 0
2016/04/30; 12:13:36; -6.3; -4.1; -5.4; -5.9; 11.6; 0; 0; 0; 1; 0.01; 0.03; 0.00; 0.00; 0; 0; 0; 0; 0; 0; 0
2016/04/30; 12:13:46; -6.3; -4.1; -5.4; -5.9; 11.6; 0; 0; 64; 1; 0.01; 0.03; 0.00; 0.00; 0; 0; 0; 0; 0; 0; 0
2016/04/30; 12:13:56; -6.3; -4.1; -5.4; -5.9; 11.6; 0; 0; 0; 1; 0.01; 0.03; 0.00; 0.00; 0; 0; 0; 0; 0; 0; 0
2016/04/30; 12:14:06; -6.3; -4.1; -5.4; -5.9; 11.6; 64; 0; 0; 0; 0.01; 0.03; 0.00; 0.00; 0; 0; 0; 0; 0; 0; 0
2016/04/30; 12:14:16; -6.3; -4.1; -5.4; -5.9; 11.6; 64; 0; 0; 1; 0.01; 0.03; 0.00; 0.00; 0; 0; 0; 0; 0; 0; 0
2016/04/30; 12:14:27; -6.3; -4.1; -5.4; -5.8; 11.7; 0; 0; 0; 0; 0.01; 0.03; 0.00; 0.00; 0; 0; 0; 0; 0; 0; 0
2016/04/30; 12:14:37; -6.3; -4.1; -5.4; -5.8; 11.7; 0; 0; 0; 1; 0.01; 0.03; 0.00; 0.00; 0; 0; 0; 0; 0; 0; 0
2016/04/30; 12:14:47; -6.3; -4.1; -5.4; -5.8; 11.7; 0; 0; 0; 1; 0.01; 0.03; 0.00; 0.00; 0; 0; 0; 0; 0; 0; 0
2016/04/30; 12:14:57; -6.3; -4.1; -5.4; -5.8; 11.7; 0; 0; 0; 1; 0.01; 0.03; 0.00; 0.00; 0; 0; 0; 0; 0; 0; 0
2016/04/30; 12:15:07; -6.3; -4.1; -5.4; -5.8; 11.7; 0; 0; 0; 61; 0.01; 0.03; 0.00; 0.00; 0; 0; 0; 0; 0; 0; 0
2016/04/30; 12:15:17; -6.3; -4.1; -5.4; -5.8; 11.7; 0; 0; 0; 0; 0.01; 0.03; 0.00; 0.00; 0; 0; 0; 0; 0; 0; 0
2016/04/30; 12:15:28; -6.3; -4.1; -5.4; -5.8; 11.7; 0; 0; 0; 1; 0.01; 0.03; 0.00; 0.00; 0; 0; 0; 0; 0; 0; 0
2016/04/30; 12:15:38; -6.3; -4.0; -5.4; -5.8; 11.7; 0; 0; 0; 1; 0.01; 0.03; 0.00; 0.00; 0; 0; 0; 0; 0; 0; 0
2016/04/30; 12:15:48; -6.3; -4.0; -5.4; -5.8; 11.7; 0; 0; 0; 0; 0.01; 0.03; 0.00; 0.00; 0; 0; 0; 0; 0; 0; 0
2016/04/30; 12:15:58; -6.2; -4.0; -5.4; -5.8; 11.7; 0; 0; 0; 1; 0.01; 0.03; 0.00; 0.00; 0; 0; 0; 0; 0; 0; 0
2016/04/30; 12:16:08; -6.2; -4.0; -5.3; -5.8; 11.7; 0; 0; 0; 1; 0.01; 0.03; 0.00; 0.00; 0; 0; 0; 0; 0; 0; 0
2016/04/30; 12:16:18; -6.2; -4.0; -5.3; -5.8; 11.6; 0; 0; 0; 1; 0.01; 0.03; 0.00; 0.00; 0; 0; 0; 0; 0; 0; 0
2016/04/30; 12:16:29; -6.2; -4.0; -5.3; -5.8; 11.6; 0; 60; 0; 0; 0.01; 0.03; 0.00; 0.00; 0; 0; 0; 0; 0; 0; 0
2016/04/30; 12:16:39; -6.2; -4.0; -5.3; -5.7; 11.6; 0; 0; 0; 1; 0.01; 0.03; 0.00; 0.00; 0; 0; 0; 0; 0; 0; 0
2016/04/30; 12:16:49; -6.2; -4.0; -5.3; -5.7; 11.6; 0; 0; 0; 1; 0.01; 0.03; 0.00; 0.00; 0; 0; 0; 0; 0; 0; 0
2016/04/30; 12:16:59; -6.2; -4.0; -5.3; -5.7; 11.6; 0; 0; 62; 1; 0.01; 0.03; 0.00; 0.00; 0; 0; 0; 0; 0; 0; 0
2016/04/30; 12:17:09; -6.2; -4.0; -5.3; -5.7; 11.6; 0; 0; 0; 0; 0.01; 0.03; 0.00; 0.00; 0; 0; 0; 0; 0; 0; 0
2016/04/30; 12:17:19; -6.2; -4.0; -5.3; -5.7; 11.6; 64; 0; 0; 1; 0.01; 0.03; 0.00; 0.00; 0; 0; 0; 0; 0; 0; 0
2016/04/30; 12:17:30; -6.2; -4.0; -5.3; -5.7; 11.6; 0; 0; 0; 1; 0.01; 0.03; 0.00; 0.00; 0; 0; 0; 0; 0; 0; 0
2016/04/30; 12:17:40; -6.2; -4.0; -5.3; -5.7; 11.5; 0; 0; 0; 1; 0.01; 0.03; 0.00; 0.00; 0; 0; 0; 0; 0; 0; 0
2016/04/30; 12:17:50; -6.2; -4.0; -5.3; -5.7; 11.5; 0; 0; 0; 1; 0.01; 0.03; 0.00; 0.00; 0; 0; 0; 0; 0; 0; 0
2016/04/30; 12:18:00; -6.2; -4.0; -5.3; -5.7; 11.5; 0; 0; 0; 0; 0.01; 0.03; 0.00; 0.00; 0; 0; 0; 0; 0; 0; 0
2016/04/30; 12:18:10; -6.2; -4.0; -5.3; -5.6; 11.5; 0; 0; 0; 60; 0.01; 0.03; 0.00; 0.00; 0; 0; 0; 0; 0; 0; 0
2016/04/30; 12:18:20; -6.2; -4.0; -5.2; -5.6; 11.5; 0; 0; 0; 60; 0.01; 0.03; 0.00; 0.00; 0; 0; 0; 0; 0; 0; 0
2016/04/30; 12:18:31; -6.1; -4.0; -5.2; -5.6; 11.5; 0; 0; 0; 1; 0.01; 0.03; 0.00; 0.00; 0; 0; 0; 0; 0; 0; 0
2016/04/30; 12:18:41; -6.1; -4.0; -5.2; -5.6; 11.5; 0; 0; 0; 1; 0.01; 0.03; 0.00; 0.00; 0; 0; 0; 0; 0; 0; 0
2016/04/30; 12:18:51; -6.1; -4.0; -5.2; -5.6; 11.5; 0; 0; 0; 1; 0.01; 0.03; 0.00; 0.00; 0; 0; 0; 0; 0; 0; 0
2016/04/30; 12:19:01; -6.1; -4.0; -5.2; -5.6; 11.5; 0; 0; 0; 1; 0.01; 0.03; 0.00; 0.00; 0; 0; 0; 0; 0; 0; 0
2016/04/30; 12:19:11; -6.1; -4.0; -5.2; -5.6; 11.5; 0; 0; 0; 0; 0.01; 0.03; 0.00; 0.00; 0; 0; 0; 0; 0; 0; 0
2016/04/30; 12:19:21; -6.1; -4.0; -5.2; -5.6; 11.5; 0; 0; 0; 1; 0.01; 0.03; 0.00; 0.00; 0; 0; 0; 0; 0; 0; 0
2016/04/30; 12:19:32; -6.1; -4.0; -5.2; -5.6; 11.5; 0; 0; 0; 1; 0.01; 0.03; 0.00; 0.00; 0; 0; 0; 0; 0; 0; 0
2016/04/30; 12:19:42; -6.1; -3.9; -5.1; -5.6; 11.5; 0; 63; 0; 1; 0.01; 0.03; 0.00; 0.00; 0; 0; 0; 0; 0; 0; 0
2016/04/30; 12:19:52; -6.1; -3.9; -5.1; -5.6; 11.5; 0; 0; 0; 0; 0.01; 0.03; 0.00; 0.00; 0; 0; 0; 0; 0; 0; 0
2016/04/30; 12:20:02; -6.1; -4.0; -5.1; -5.6; 11.4; 0; 0; 61; 1; 0.01; 0.03; 0.00; 0.00; 0; 0; 0; 0; 0; 0; 0
2016/04/30; 12:20:12; -6.1; -4.0; -5.1; -5.6; 11.4; 0; 0; 0; 1; 0.01; 0.03; 0.00; 0.00; 0; 0; 0; 0; 0; 0; 0
2016/04/30; 12:20:23; -6.1; -4.0; -5.1; -5.6; 11.4; 0; 0; 0; 1; 0.01; 0.03; 0.00; 0.00; 0; 0; 0; 0; 0; 0; 0
2016/04/30; 12:20:33; -6.1; -4.0; -5.1; -5.5; 11.4; 63; 0; 0; 1; 0.01; 0.03; 0.00; 0.00; 0; 0; 0; 0; 0; 0; 0
2016/04/30; 12:20:43; -6.1; -4.0; -5.1; -5.5; 11.4; 0; 0; 0; 1; 0.01; 0.03; 0.00; 0.00; 0; 0; 0; 0; 0; 0; 0
2016/04/30; 12:20:53; -6.1; -4.0; -5.1; -5.5; 11.4; 0; 0; 0; 1; 0.01; 0.03; 0.00; 0.00; 0; 0; 0; 0; 0; 0; 0
2016/04/30; 12:21:03; -6.1; -4.0; -5.1; -5.5; 11.4; 0; 0; 0; 1; 0.01; 0.03; 0.00; 0.00; 0; 0; 0; 0; 0; 0; 0
2016/04/30; 12:21:13; -6.1; -4.0; -5.1; -5.5; 11.4; 0; 0; 0; 1; 0.01; 0.03; 0.00; 0.00; 0; 0; 0; 0; 0; 0; 0
2016/04/30; 12:21:24; -6.1; -3.9; -5.1; -5.5; 11.4; 0; 0; 0; 60; 0.01; 0.03; 0.00; 0.00; 0; 0; 0; 0; 0; 0; 0
2016/04/30; 12:21:34; -6.1; -3.9; -5.1; -5.5; 11.4; 0; 0; 0; 0; 0.01; 0.03; 0.00; 0.00; 0; 0; 0; 0; 0; 0; 0
2016/04/30; 12:21:44; -6.0; -3.9; -5.1; -5.5; 11.4; 0; 0; 0; 0; 0.01; 0.03; 0.00; 0.00; 0; 0; 0; 0; 0; 0; 0
2016/04/30; 12:21:54; -6.1; -3.9; -5.1; -5.5; 11.4; 0; 0; 0; 1; 0.01; 0.03; 0.00; 0.00; 0; 0; 0; 0; 0; 0; 0
2016/04/30; 12:22:04; -6.0; -3.9; -5.1; -5.5; 11.4; 0; 0; 0; 1; 0.01; 0.03; 0.00; 0.00; 0; 0; 0; 0; 0; 0; 0
2016/04/30; 12:22:14; -6.0; -3.9; -5.1; -5.5; 11.4; 0; 0; 0; 1; 0.01; 0.03; 0.00; 0.00; 0; 0; 0; 0; 0; 0; 0
2016/04/30; 12:22:25; -6.0; -3.9; -5.1; -5.5; 11.4; 0; 0; 0; 1; 0.01; 0.03; 0.00; 0.00; 0; 0; 0; 0; 0; 0; 0
2016/04/30; 12:22:35; -6.0; -3.9; -5.1; -5.5; 11.4; 0; 0; 0; 1; 0.01; 0.03; 0.00; 0.00; 0; 0; 0; 0; 0; 0; 0
2016/04/30; 12:22:45; -6.0; -3.9; -5.1; -5.5; 11.4; 0; 0; 0; 1; 0.01; 0.03; 0.00; 0.00; 0; 0; 0; 0; 0; 0; 0
2016/04/30; 12:22:55; -6.0; -3.9; -5.1; -5.5; 11.4; 0; 63; 0; 1; 0.01; 0.03; 0.00; 0.00; 0; 0; 0; 0; 0; 0; 0
2016/04/30; 12:23:05; -6.0; -3.9; -5.1; -5.4; 11.4; 0; 0; 0; 1; 0.01; 0.03; 0.00; 0.00; 0; 0; 0; 0; 0; 0; 0
2016/04/30; 12:23:15; -6.0; -3.9; -5.1; -5.4; 11.4; 0; 0; 64; 1; 0.01; 0.03; 0.00; 0.00; 0; 0; 0; 0; 0; 0; 0
2016/04/30; 12:23:26; -6.0; -3.9; -5.1; -5.4; 11.4; 0; 0; 0; 1; 0.01; 0.03; 0.00; 0.00; 0; 0; 0; 0; 0; 0; 0
2016/04/30; 12:23:36; -6.0; -3.9; -5.1; -5.4; 11.4; 0; 0; 0; 1; 0.01; 0.03; 0.00; 0.00; 0; 0; 0; 0; 0; 0; 0
2016/04/30; 12:23:46; -6.0; -3.9; -5.1; -5.4; 11.4; 62; 0; 0; 1; 0.01; 0.03; 0.00; 0.00; 0; 0; 0; 0; 0; 0; 0
2016/04/30; 12:23:56; -6.0; -3.9; -5.1; -5.4; 11.4; 0; 0; 0; 0; 0.01; 0.03; 0.00; 0.00; 0; 0; 0; 0; 0; 0; 0
2016/04/30; 12:24:06; -6.0; -3.9; -5.1; -5.4; 11.4; 0; 0; 0; 1; 0.01; 0.03; 0.00; 0.00; 0; 0; 0; 0; 0; 0; 0
2016/04/30; 12:24:16; -6.0; -3.9; -5.1; -5.4; 11.4; 0; 0; 0; 1; 0.01; 0.03; 0.00; 0.00; 0; 0; 0; 0; 0; 0; 0
2016/04/30; 12:24:27; -6.0; -3.9; -5.1; -5.4; 11.3; 0; 0; 0; 1; 0.01; 0.03; 0.00; 0.00; 0; 0; 0; 0; 0; 0; 0
2016/04/30; 12:24:37; -6.0; -3.9; -5.1; -5.4; 11.3; 0; 0; 0; 61; 0.01; 0.03; 0.00; 0.00; 0; 0; 0; 0; 0; 0; 0
2016/04/30; 12:24:47; -6.0; -3.9; -5.1; -5.4; 11.3; 0; 0; 0; 0; 0.01; 0.03; 0.00; 0.00; 0; 0; 0; 0; 0; 0; 0
2016/04/30; 12:24:57; -6.0; -3.9; -5.1; -5.4; 11.3; 0; 0; 0; 1; 0.01; 0.03; 0.00; 0.00; 0; 0; 0; 0; 0; 0; 0
2016/04/30; 12:25:07; -6.0; -3.9; -5.1; -5.4; 11.3; 0; 0; 0; 1; 0.01; 0.03; 0.00; 0.00; 0; 0; 0; 0; 0; 0; 0
2016/04/30; 12:25:18; -6.0; -3.9; -5.1; -5.4; 11.3; 0; 0; 0; 1; 0.01; 0.03; 0.00; 0.00; 0; 0; 0; 0; 0; 0; 0
2016/04/30; 12:25:28; -6.0; -3.9; -5.1; -5.4; 11.3; 0; 0; 0; 1; 0.01; 0.03; 0.00; 0.00; 0; 0; 0; 0; 0; 0; 0
2016/04/30; 12:25:38; -6.0; -3.9; -5.1; -5.3; 11.3; 0; 0; 0; 1; 0.01; 0.03; 0.00; 0.00; 0; 0; 0; 0; 0; 0; 0
2016/04/30; 12:25:48; -6.0; -3.9; -5.1; -5.4; 11.3; 0; 0; 0; 1; 0.01; 0.03; 0.00; 0.00; 0; 0; 0; 0; 0; 0; 0
2016/04/30; 12:25:58; -6.0; -3.9; -5.1; -5.4; 11.3; 0; 62; 0; 1; 0.01; 0.03; 0.00; 0.00; 0; 0; 0; 0; 0; 0; 0
2016/04/30; 12:26:08; -6.0; -3.8; -5.1; -5.4; 11.3; 0; 0; 0; 1; 0.01; 0.03; 0.00; 0.00; 0; 0; 0; 0; 0; 0; 0
2016/04/30; 12:26:19; -6.0; -3.9; -5.1; -5.3; 11.3; 0; 0; 0; 1; 0.01; 0.03; 0.00; 0.00; 0; 0; 0; 0; 0; 0; 0
2016/04/30; 12:26:29; -6.0; -3.9; -5.1; -5.3; 11.3; 0; 0; 63; 1; 0.01; 0.03; 0.00; 0.00; 0; 0; 0; 0; 0; 0; 0
2016/04/30; 12:26:39; -5.9; -3.9; -5.1; -5.3; 11.3; 0; 0; 1; 1; 0.01; 0.03; 0.00; 0.00; 0; 0; 0; 0; 0; 0; 0
2016/04/30; 12:26:49; -5.9; -3.9; -5.1; -5.3; 11.3; 67; 0; 0; 1; 0.01; 0.03; 0.00; 0.00; 0; 0; 0; 0; 0; 0; 0
2016/04/30; 12:26:59; -5.9; -3.9; -5.1; -5.3; 11.2; 0; 0; 0; 1; 0.01; 0.03; 0.00; 0.00; 0; 0; 0; 0; 0; 0; 0
2016/04/30; 12:27:09; -6.0; -3.9; -5.1; -5.3; 11.2; 0; 0; 0; 0; 0.01; 0.03; 0.00; 0.00; 0; 0; 0; 0; 0; 0; 0
2016/04/30; 12:27:20; -5.9; -3.9; -5.1; -5.3; 11.2; 0; 0; 0; 0; 0.01; 0.03; 0.00; 0.00; 0; 0; 0; 0; 0; 0; 0
2016/04/30; 12:27:30; -5.9; -3.9; -5.0; -5.3; 11.2; 0; 0; 0; 1; 0.01; 0.03; 0.00; 0.00; 0; 0; 0; 0; 0; 0; 0
2016/04/30; 12:27:40; -5.9; -3.8; -5.0; -5.3; 11.2; 0; 0; 0; 1; 0.01; 0.03; 0.00; 0.00; 0; 0; 0; 0; 0; 0; 0
2016/04/30; 12:27:50; -5.9; -3.8; -5.0; -5.3; 11.2; 0; 0; 0; 58; 0.01; 0.03; 0.00; 0.00; 0; 0; 0; 0; 0; 0; 0
2016/04/30; 12:28:00; -5.9; -3.8; -5.0; -5.3; 11.2; 0; 0; 0; 1; 0.01; 0.03; 0.00; 0.00; 0; 0; 0; 0; 0; 0; 0
2016/04/30; 12:28:10; -5.9; -3.8; -5.0; -5.3; 11.2; 0; 0; 0; 1; 0.01; 0.03; 0.00; 0.00; 0; 0; 0; 0; 0; 0; 0
2016/04/30; 12:28:21; -5.9; -3.8; -5.0; -5.3; 11.2; 0; 0; 0; 1; 0.01; 0.03; 0.00; 0.00; 0; 0; 0; 0; 0; 0; 0
2016/04/30; 12:28:31; -5.9; -3.8; -5.0; -5.3; 11.2; 0; 0; 0; 1; 0.01; 0.03; 0.00; 0.00; 0; 0; 0; 0; 0; 0; 0
2016/04/30; 12:28:41; -5.9; -3.8; -5.0; -5.3; 11.2; 0; 0; 0; 1; 0.01; 0.03; 0.00; 0.00; 0; 0; 0; 0; 0; 0; 0
2016/04/30; 12:28:51; -5.9; -3.8; -5.0; -5.3; 11.2; 0; 0; 0; 1; 0.01; 0.03; 0.00; 0.00; 0; 0; 0; 0; 0; 0; 0
2016/04/30; 12:29:01; -5.9; -3.8; -5.0; -5.3; 11.2; 0; 0; 0; 1; 0.01; 0.03; 0.00; 0.00; 0; 0; 0; 0; 0; 0; 0
2016/04/30; 12:29:11; -5.9; -3.8; -5.0; -5.2; 11.2; 0; 63; 0; 1; 0.01; 0.03; 0.00; 0.00; 0; 0; 0; 0; 0; 0; 0
2016/04/30; 12:29:22; -5.9; -3.8; -5.0; -5.2; 11.2; 0; 0; 0; 1; 0.01; 0.03; 0.00; 0.00; 0; 0; 0; 0; 0; 0; 0
2016/04/30; 12:29:32; -5.9; -3.8; -4.9; -5.2; 11.2; 0; 0; 64; 1; 0.01; 0.03; 0.00; 0.00; 0; 0; 0; 0; 0; 0; 0
2016/04/30; 12:29:42; -5.9; -3.8; -5.0; -5.2; 11.2; 0; 0; 63; 1; 0.01; 0.03; 0.00; 0.00; 0; 0; 0; 0; 0; 0; 0
2016/04/30; 12:29:52; -5.9; -3.8; -5.0; -5.2; 11.2; 0; 0; 0; 1; 0.01; 0.03; 0.00; 0.00; 0; 0; 0; 0; 0; 0; 0
2016/04/30; 12:30:02; -5.9; -3.8; -5.0; -5.2; 11.2; 63; 0; 0; 1; 0.01; 0.03; 0.00; 0.00; 0; 0; 0; 0; 0; 0; 0
2016/04/30; 12:30:12; -5.9; -3.8; -5.0; -5.2; 11.2; 0; 0; 0; 1; 0.01; 0.03; 0.00; 0.00; 0; 0; 0; 0; 0; 0; 0
2016/04/30; 12:30:23; -5.9; -3.8; -5.0; -5.2; 11.2; 0; 0; 0; 1; 0.01; 0.03; 0.00; 0.00; 0; 0; 0; 0; 0; 0; 0
2016/04/30; 12:30:33; -5.9; -3.8; -4.9; -5.2; 11.2; 0; 0; 0; 1; 0.01; 0.03; 0.00; 0.00; 0; 0; 0; 0; 0; 0; 0
2016/04/30; 12:30:43; -5.9; -3.8; -4.9; -5.2; 11.2; 0; 0; 0; 1; 0.01; 0.03; 0.00; 0.00; 0; 0; 0; 0; 0; 0; 0
2016/04/30; 12:30:53; -5.9; -3.8; -4.9; -5.2; 11.2; 0; 0; 0; 62; 0.01; 0.03; 0.00; 0.00; 0; 0; 0; 0; 0; 0; 0
2016/04/30; 12:31:03; -5.9; -3.8; -4.9; -5.2; 11.2; 0; 0; 0; 0; 0.01; 0.03; 0.00; 0.00; 0; 0; 0; 0; 0; 0; 0
2016/04/30; 12:31:13; -5.9; -3.8; -4.9; -5.2; 11.2; 0; 0; 0; 1; 0.01; 0.03; 0.00; 0.00; 0; 0; 0; 0; 0; 0; 0
2016/04/30; 12:31:24; -5.9; -3.8; -4.9; -5.2; 11.2; 0; 0; 1; 1; 0.01; 0.03; 0.00; 0.00; 0; 0; 0; 0; 0; 0; 0
2016/04/30; 12:31:34; -5.9; -3.8; -4.9; -5.2; 11.2; 0; 0; 0; 1; 0.01; 0.03; 0.00; 0.00; 0; 0; 0; 0; 0; 0; 0
2016/04/30; 12:31:44; -5.9; -3.8; -4.9; -5.2; 11.2; 0; 0; 0; 1; 0.01; 0.03; 0.00; 0.00; 0; 0; 0; 0; 0; 0; 0
2016/04/30; 12:31:54; -5.8; -3.8; -4.9; -5.2; 11.2; 0; 0; 0; 1; 0.01; 0.03; 0.00; 0.00; 0; 0; 0; 0; 0; 0; 0
2016/04/30; 12:32:04; -5.8; -3.7; -4.9; -5.2; 11.2; 0; 0; 0; 1; 0.01; 0.03; 0.00; 0.00; 0; 0; 0; 0; 0; 0; 0
2016/04/30; 12:32:14; -5.8; -3.7; -4.9; -5.1; 11.2; 0; 0; 0; 1; 0.01; 0.03; 0.00; 0.00; 0; 0; 0; 0; 0; 0; 0
2016/04/30; 12:32:25; -5.8; -3.7; -4.9; -5.1; 11.2; 0; 63; 0; 1; 0.01; 0.03; 0.00; 0.00; 0; 0; 0; 0; 0; 0; 0
2016/04/30; 12:32:35; -5.8; -3.7; -4.9; -5.1; 11.2; 0; 0; 0; 0; 0.01; 0.03; 0.00; 0.00; 0; 0; 0; 0; 0; 0; 0
2016/04/30; 12:32:45; -5.8; -3.8; -4.8; -5.1; 11.2; 0; 0; 63; 1; 0.01; 0.03; 0.00; 0.00; 0; 0; 0; 0; 0; 0; 0
2016/04/30; 12:32:55; -5.8; -3.7; -4.8; -5.1; 11.2; 0; 0; 0; 1; 0.01; 0.03; 0.00; 0.00; 0; 0; 0; 0; 0; 0; 0
2016/04/30; 12:33:05; -5.8; -3.8; -4.8; -5.1; 11.2; 0; 0; 0; 1; 0.01; 0.03; 0.00; 0.00; 0; 0; 0; 0; 0; 0; 0
2016/04/30; 12:33:15; -5.8; -3.7; -4.8; -5.1; 11.2; 63; 0; 0; 0; 0.01; 0.03; 0.00; 0.00; 0; 0; 0; 0; 0; 0; 0
2016/04/30; 12:33:25; -5.8; -3.8; -4.8; -5.1; 11.2; 0; 0; 0; 1; 0.01; 0.03; 0.00; 0.00; 0; 0; 0; 0; 0; 0; 0
2016/04/30; 12:33:36; -5.8; -3.7; -4.9; -5.1; 11.2; 0; 0; 0; 2; 0.01; 0.03; 0.00; 0.00; 0; 0; 0; 0; 0; 0; 0
2016/04/30; 12:33:46; -5.8; -3.7; -4.8; -5.0; 11.1; 0; 0; 0; 1; 0.01; 0.03; 0.00; 0.00; 0; 0; 0; 0; 0; 0; 0
2016/04/30; 12:33:56; -5.8; -3.7; -4.8; -5.0; 11.1; 0; 0; 0; 1; 0.01; 0.03; 0.00; 0.00; 0; 0; 0; 0; 0; 0; 0
2016/04/30; 12:34:06; -5.8; -3.7; -4.9; -5.0; 11.1; 0; 0; 0; 60; 0.01; 0.03; 0.00; 0.00; 0; 0; 0; 0; 0; 0; 0
2016/04/30; 12:34:16; -5.8; -3.7; -4.8; -5.0; 11.1; 0; 0; 0; 1; 0.01; 0.03; 0.00; 0.00; 0; 0; 0; 0; 0; 0; 0
2016/04/30; 12:34:26; -5.8; -3.7; -4.8; -5.0; 11.1; 0; 0; 0; 1; 0.01; 0.03; 0.00; 0.00; 0; 0; 0; 0; 0; 0; 0
2016/04/30; 12:34:37; -5.8; -3.7; -4.8; -5.1; 11.1; 0; 0; 0; 1; 0.01; 0.03; 0.00; 0.00; 0; 0; 0; 0; 0; 0; 0
2016/04/30; 12:34:47; -5.8; -3.7; -4.8; -5.0; 11.2; 0; 0; 0; 1; 0.01; 0.03; 0.00; 0.00; 0; 0; 0; 0; 0; 0; 0
2016/04/30; 12:34:57; -5.8; -3.7; -4.9; -5.1; 11.1; 0; 0; 0; 1; 0.01; 0.03; 0.00; 0.00; 0; 0; 0; 0; 0; 0; 0
2016/04/30; 12:35:07; -5.8; -3.7; -4.8; -5.0; 11.1; 0; 0; 0; 1; 0.01; 0.03; 0.00; 0.00; 0; 0; 0; 0; 0; 0; 0
2016/04/30; 12:35:17; -5.8; -3.7; -4.8; -5.0; 11.1; 0; 0; 0; 0; 0.01; 0.03; 0.00; 0.00; 0; 0; 0; 0; 0; 0; 0
2016/04/30; 12:35:27; -5.8; -3.7; -4.8; -5.0; 11.1; 0; 2; 0; 1; 0.01; 0.03; 0.00; 0.00; 0; 0; 0; 0; 0; 0; 0
2016/04/30; 12:35:38; -5.8; -3.7; -4.8; -5.0; 11.1; 0; 61; 0; 1; 0.01; 0.03; 0.00; 0.00; 0; 0; 0; 0; 0; 0; 0
2016/04/30; 12:35:48; -5.8; -3.7; -4.8; -5.0; 11.1; 0; 0; 0; 0; 0.01; 0.03; 0.00; 0.00; 0; 0; 0; 0; 0; 0; 0
2016/04/30; 12:35:58; -5.8; -3.7; -4.8; -5.0; 11.1; 0; 0; 64; 1; 0.01; 0.03; 0.00; 0.00; 0; 0; 0; 0; 0; 0; 0
2016/04/30; 12:36:08; -5.8; -3.7; -4.8; -5.0; 11.1; 0; 0; 0; 1; 0.01; 0.03; 0.00; 0.00; 0; 0; 0; 0; 0; 0; 0
2016/04/30; 12:36:18; -5.8; -3.7; -4.8; -5.0; 11.1; 66; 0; 0; 1; 0.01; 0.03; 0.00; 0.00; 0; 0; 0; 0; 0; 0; 0
2016/04/30; 12:36:28; -5.8; -3.7; -4.8; -5.0; 11.1; 0; 0; 0; 1; 0.01; 0.03; 0.00; 0.00; 0; 0; 0; 0; 0; 0; 0
2016/04/30; 12:36:39; -5.8; -3.7; -4.8; -5.0; 11.1; 0; 0; 0; 1; 0.01; 0.03; 0.00; 0.00; 0; 0; 0; 0; 0; 0; 0
2016/04/30; 12:36:49; -5.8; -3.7; -4.8; -5.0; 11.1; 0; 0; 0; 1; 0.01; 0.03; 0.00; 0.00; 0; 0; 0; 0; 0; 0; 0
2016/04/30; 12:36:59; -5.8; -3.7; -4.8; -5.0; 11.1; 0; 0; 0; 1; 0.01; 0.03; 0.00; 0.00; 0; 0; 0; 0; 0; 0; 0
2016/04/30; 12:37:09; -5.8; -3.7; -4.8; -4.9; 11.1; 0; 0; 0; 1; 0.01; 0.03; 0.00; 0.00; 0; 0; 0; 0; 0; 0; 0
2016/04/30; 12:37:19; -5.8; -3.7; -4.8; -4.9; 11.1; 0; 0; 0; 59; 0.01; 0.03; 0.00; 0.00; 0; 0; 0; 0; 0; 0; 0
2016/04/30; 12:37:29; -5.8; -3.7; -4.8; -5.0; 11.1; 0; 0; 0; 1; 0.01; 0.03; 0.00; 0.00; 0; 0; 0; 0; 0; 0; 0
2016/04/30; 12:37:40; -5.8; -3.7; -4.8; -5.0; 11.1; 0; 0; 0; 1; 0.01; 0.03; 0.00; 0.00; 0; 0; 0; 0; 0; 0; 0
2016/04/30; 12:37:50; -5.8; -3.7; -4.8; -5.0; 11.1; 0; 0; 0; 0; 0.01; 0.03; 0.00; 0.00; 0; 0; 0; 0; 0; 0; 0
2016/04/30; 12:38:00; -5.7; -3.7; -4.8; -5.0; 11.1; 0; 0; 0; 1; 0.01; 0.03; 0.00; 0.00; 0; 0; 0; 0; 0; 0; 0
2016/04/30; 12:38:10; -5.7; -3.7; -4.8; -5.0; 11.1; 0; 0; 0; 1; 0.01; 0.03; 0.00; 0.00; 0; 0; 0; 0; 0; 0; 0
2016/04/30; 12:38:20; -5.7; -3.7; -4.7; -4.9; 11.1; 0; 0; 0; 1; 0.01; 0.03; 0.00; 0.00; 0; 0; 0; 0; 0; 0; 0
2016/04/30; 12:38:30; -5.7; -3.7; -4.8; -4.9; 11.1; 0; 0; 0; 1; 0.01; 0.03; 0.00; 0.00; 0; 0; 0; 0; 0; 0; 0
2016/04/30; 12:38:41; -5.7; -3.6; -4.7; -4.9; 11.1; 0; 64; 0; 1; 0.01; 0.03; 0.00; 0.00; 0; 0; 0; 0; 0; 0; 0
2016/04/30; 12:38:51; -5.7; -3.6; -4.7; -4.9; 11.1; 0; 0; 0; 1; 0.01; 0.03; 0.00; 0.00; 0; 0; 0; 0; 0; 0; 0
2016/04/30; 12:39:01; -5.7; -3.7; -4.7; -4.9; 11.1; 0; 0; 0; 1; 0.01; 0.03; 0.00; 0.00; 0; 0; 0; 0; 0; 0; 0
2016/04/30; 12:39:11; -5.7; -3.7; -4.7; -4.9; 11.1; 0; 0; 62; 1; 0.01; 0.03; 0.00; 0.00; 0; 0; 0; 0; 0; 0; 0
2016/04/30; 12:39:21; -5.7; -3.7; -4.7; -4.9; 11.1; 0; 0; 0; 1; 0.01; 0.03; 0.00; 0.00; 0; 0; 0; 0; 0; 0; 0
2016/04/30; 12:39:31; -5.7; -3.7; -4.7; -4.9; 11.1; 64; 0; 0; 1; 0.01; 0.03; 0.00; 0.00; 0; 0; 0; 0; 0; 0; 0
2016/04/30; 12:39:42; -5.7; -3.7; -4.7; -4.9; 11.1; 0; 0; 0; 0; 0.01; 0.03; 0.00; 0.00; 0; 0; 0; 0; 0; 0; 0
2016/04/30; 12:39:52; -5.7; -3.7; -4.7; -4.9; 11.1; 0; 0; 0; 1; 0.01; 0.03; 0.00; 0.00; 0; 0; 0; 0; 0; 0; 0
2016/04/30; 12:40:02; -5.7; -3.6; -4.7; -4.9; 11.1; 0; 0; 0; 1; 0.01; 0.03; 0.00; 0.00; 0; 0; 0; 0; 0; 0; 0
2016/04/30; 12:40:12; -5.7; -3.7; -4.7; -4.9; 11.1; 0; 0; 0; 1; 0.01; 0.03; 0.00; 0.00; 0; 0; 0; 0; 0; 0; 0
2016/04/30; 12:40:22; -5.7; -3.7; -4.7; -4.8; 11.1; 0; 0; 0; 59; 0.01; 0.03; 0.00; 0.00; 0; 0; 0; 0; 0; 0; 0
2016/04/30; 12:40:32; -5.7; -3.6; -4.7; -4.8; 11.1; 0; 0; 0; 1; 0.01; 0.03; 0.00; 0.00; 0; 0; 0; 0; 0; 0; 0
2016/04/30; 12:40:43; -5.7; -3.6; -4.7; -4.9; 11.1; 0; 0; 0; 1; 0.01; 0.03; 0.00; 0.00; 0; 0; 0; 0; 0; 0; 0
2016/04/30; 12:40:53; -5.7; -3.6; -4.7; -4.9; 11.1; 0; 0; 0; 1; 0.01; 0.03; 0.00; 0.00; 0; 0; 0; 0; 0; 0; 0
2016/04/30; 12:41:03; -5.7; -3.6; -4.7; -4.9; 11.1; 0; 0; 0; 1; 0.01; 0.03; 0.00; 0.00; 0; 0; 0; 0; 0; 0; 0
2016/04/30; 12:41:13; -5.7; -3.6; -4.7; -4.9; 11.1; 0; 0; 0; 1; 0.01; 0.03; 0.00; 0.00; 0; 0; 0; 0; 0; 0; 0
2016/04/30; 12:41:23; -5.6; -3.6; -4.7; -4.9; 11.1; 0; 0; 0; 1; 0.01; 0.03; 0.00; 0.00; 0; 0; 0; 0; 0; 0; 0
2016/04/30; 12:41:33; -5.7; -3.6; -4.7; -4.9; 11.1; 0; 0; 0; 1; 0.01; 0.03; 0.00; 0.00; 0; 0; 0; 0; 0; 0; 0
2016/04/30; 12:41:44; -5.6; -3.6; -4.7; -4.8; 11.1; 0; 0; 0; 1; 0.01; 0.03; 0.00; 0.00; 0; 0; 0; 0; 0; 0; 0
2016/04/30; 12:41:54; -5.6; -3.6; -4.7; -4.8; 11.1; 0; 62; 0; 1; 0.01; 0.03; 0.00; 0.00; 0; 0; 0; 0; 0; 0; 0
2016/04/30; 12:42:04; -5.6; -3.6; -4.6; -4.8; 11.1; 0; 0; 0; 0; 0.01; 0.03; 0.00; 0.00; 0; 0; 0; 0; 0; 0; 0
2016/04/30; 12:42:14; -5.6; -3.6; -4.6; -4.8; 11.1; 0; 0; 62; 1; 0.01; 0.03; 0.00; 0.00; 0; 0; 0; 0; 0; 0; 0
2016/04/30; 12:42:24; -5.6; -3.6; -4.6; -4.8; 11.2; 0; 0; 1; 1; 0.01; 0.03; 0.00; 0.00; 0; 0; 0; 0; 0; 0; 0
2016/04/30; 12:42:34; -5.6; -3.6; -4.6; -4.8; 11.2; 0; 0; 1; 1; 0.01; 0.03; 0.00; 0.00; 0; 0; 0; 0; 0; 0; 0
2016/04/30; 12:42:45; -5.6; -3.6; -4.6; -4.8; 11.1; 62; 0; 0; 3; 0.01; 0.03; 0.00; 0.00; 0; 0; 0; 0; 0; 0; 0
2016/04/30; 12:42:55; -5.6; -3.6; -4.7; -4.8; 11.2; 0; 0; 0; 1; 0.01; 0.03; 0.00; 0.00; 0; 0; 0; 0; 0; 0; 0
2016/04/30; 12:43:05; -5.6; -3.6; -4.7; -4.8; 11.2; 0; 0; 0; 1; 0.01; 0.03; 0.00; 0.00; 0; 0; 0; 0; 0; 0; 0
2016/04/30; 12:43:15; -5.6; -3.6; -4.6; -4.8; 11.2; 0; 0; 0; 1; 0.01; 0.03; 0.00; 0.00; 0; 0; 0; 0; 0; 0; 0
2016/04/30; 12:43:25; -5.6; -3.6; -4.6; -4.8; 11.2; 0; 0; 0; 1; 0.01; 0.03; 0.00; 0.00; 0; 0; 0; 0; 0; 0; 0
2016/04/30; 12:43:35; -5.6; -3.6; -4.6; -4.7; 11.1; 0; 0; 0; 59; 0.01; 0.03; 0.00; 0.00; 0; 0; 0; 0; 0; 0; 0
2016/04/30; 12:43:46; -5.6; -3.6; -4.7; -4.7; 11.2; 0; 0; 0; 1; 0.01; 0.03; 0.00; 0.00; 0; 0; 0; 0; 0; 0; 0
2016/04/30; 12:43:56; -5.6; -3.6; -4.6; -4.7; 11.2; 0; 0; 0; 1; 0.01; 0.03; 0.00; 0.00; 0; 0; 0; 0; 0; 0; 0
2016/04/30; 12:44:06; -5.6; -3.6; -4.6; -4.7; 11.1; 0; 0; 0; 1; 0.01; 0.03; 0.00; 0.00; 0; 0; 0; 0; 0; 0; 0
2016/04/30; 12:44:16; -5.6; -3.6; -4.6; -4.8; 11.2; 0; 0; 0; 1; 0.01; 0.03; 0.00; 0.00; 0; 0; 0; 0; 0; 0; 0
2016/04/30; 12:44:26; -5.6; -3.6; -4.6; -4.8; 11.2; 0; 0; 0; 1; 0.01; 0.03; 0.00; 0.00; 0; 0; 0; 0; 0; 0; 0
2016/04/30; 12:44:36; -5.6; -3.6; -4.6; -4.7; 11.2; 0; 0; 0; 1; 0.01; 0.03; 0.00; 0.00; 0; 0; 0; 0; 0; 0; 0
2016/04/30; 12:44:46; -5.6; -3.5; -4.6; -4.7; 11.2; 0; 0; 0; 1; 0.01; 0.03; 0.00; 0.00; 0; 0; 0; 0; 0; 0; 0
2016/04/30; 12:44:57; -5.6; -3.5; -4.6; -4.7; 11.2; 0; 0; 0; 0; 0.01; 0.03; 0.00; 0.00; 0; 0; 0; 0; 0; 0; 0
2016/04/30; 12:45:07; -5.6; -3.5; -4.6; -4.7; 11.2; 0; 61; 0; 1; 0.01; 0.03; 0.00; 0.00; 0; 0; 0; 0; 0; 0; 0
2016/04/30; 12:45:17; -5.6; -3.5; -4.6; -4.7; 11.2; 0; 0; 0; 1; 0.01; 0.03; 0.00; 0.00; 0; 0; 0; 0; 0; 0; 0
2016/04/30; 12:45:27; -5.6; -3.6; -4.6; -4.7; 11.2; 0; 0; 62; 1; 0.01; 0.03; 0.00; 0.00; 0; 0; 0; 0; 0; 0; 0
2016/04/30; 12:45:37; -5.6; -3.6; -4.6; -4.7; 11.2; 0; 0; 0; 1; 0.01; 0.03; 0.00; 0.00; 0; 0; 0; 0; 0; 0; 0
2016/04/30; 12:45:47; -5.5; -3.5; -4.6; -4.7; 11.2; 0; 0; 0; 1; 0.01; 0.03; 0.00; 0.00; 0; 0; 0; 0; 0; 0; 0
2016/04/30; 12:45:57; -5.6; -3.6; -4.6; -4.7; 11.2; 62; 0; 0; 1; 0.01; 0.03; 0.00; 0.00; 0; 0; 0; 0; 0; 0; 0
2016/04/30; 12:46:08; -5.6; -3.6; -4.6; -4.7; 11.2; 0; 0; 0; 0; 0.01; 0.03; 0.00; 0.00; 0; 0; 0; 0; 0; 0; 0
2016/04/30; 12:46:18; -5.6; -3.5; -4.6; -4.7; 11.2; 0; 0; 0; 0; 0.01; 0.03; 0.00; 0.00; 0; 0; 0; 0; 0; 0; 0
2016/04/30; 12:46:28; -5.6; -3.5; -4.6; -4.7; 11.2; 0; 0; 0; 0; 0.01; 0.03; 0.00; 0.00; 0; 0; 0; 0; 0; 0; 0
2016/04/30; 12:46:38; -5.6; -3.5; -4.6; -4.7; 11.2; 0; 0; 0; 1; 0.01; 0.03; 0.00; 0.00; 0; 0; 0; 0; 0; 0; 0
2016/04/30; 12:46:48; -5.6; -3.5; -4.6; -4.6; 11.1; 0; 0; 0; 59; 0.01; 0.03; 0.00; 0.00; 0; 0; 0; 0; 0; 0; 0
2016/04/30; 12:46:58; -5.6; -3.5; -4.6; -4.7; 11.2; 0; 0; 0; 0; 0.01; 0.03; 0.00; 0.00; 0; 0; 0; 0; 0; 0; 0
2016/04/30; 12:47:09; -5.6; -3.5; -4.5; -4.7; 11.2; 0; 0; 0; 1; 0.01; 0.03; 0.00; 0.00; 0; 0; 0; 0; 0; 0; 0
2016/04/30; 12:47:19; -5.6; -3.5; -4.6; -4.7; 11.2; 0; 0; 0; 1; 0.01; 0.03; 0.00; 0.00; 0; 0; 0; 0; 0; 0; 0
2016/04/30; 12:47:29; -5.6; -3.5; -4.5; -4.7; 11.2; 0; 0; 0; 1; 0.01; 0.03; 0.00; 0.00; 0; 0; 0; 0; 0; 0; 0
2016/04/30; 12:47:39; -5.5; -3.5; -4.5; -4.7; 11.2; 0; 0; 0; 1; 0.01; 0.03; 0.00; 0.00; 0; 0; 0; 0; 0; 0; 0
2016/04/30; 12:47:49; -5.5; -3.5; -4.5; -4.7; 11.2; 0; 0; 0; 1; 0.01; 0.03; 0.00; 0.00; 0; 0; 0; 0; 0; 0; 0
2016/04/30; 12:47:59; -5.5; -3.5; -4.5; -4.7; 11.2; 0; 0; 0; 1; 0.01; 0.03; 0.00; 0.00; 0; 0; 0; 0; 0; 0; 0
2016/04/30; 12:48:09; -5.5; -3.5; -4.5; -4.7; 11.2; 0; 62; 0; 0; 0.01; 0.03; 0.00; 0.00; 0; 0; 0; 0; 0; 0; 0
2016/04/30; 12:48:20; -5.5; -3.5; -4.5; -4.6; 11.2; 0; 0; 0; 1; 0.01; 0.03; 0.00; 0.00; 0; 0; 0; 0; 0; 0; 0
2016/04/30; 12:48:30; -5.5; -3.5; -4.5; -4.6; 11.2; 0; 0; 0; 1; 0.01; 0.03; 0.00; 0.00; 0; 0; 0; 0; 0; 0; 0
2016/04/30; 12:48:40; -5.5; -3.5; -4.5; -4.6; 11.2; 0; 0; 62; 1; 0.01; 0.03; 0.00; 0.00; 0; 0; 0; 0; 0; 0; 0
2016/04/30; 12:48:50; -5.5; -3.5; -4.5; -4.6; 11.2; 0; 0; 0; 0; 0.01; 0.03; 0.00; 0.00; 0; 0; 0; 0; 0; 0; 0
2016/04/30; 12:49:00; -5.5; -3.5; -4.5; -4.6; 11.2; 62; 0; 0; 0; 0.01; 0.03; 0.00; 0.00; 0; 0; 0; 0; 0; 0; 0
2016/04/30; 12:49:11; -5.5; -3.5; -4.5; -4.6; 11.2; 0; 0; 0; 0; 0.01; 0.03; 0.00; 0.00; 0; 0; 0; 0; 0; 0; 0
2016/04/30; 12:49:21; -5.5; -3.5; -4.5; -4.6; 11.2; 0; 0; 0; 1; 0.01; 0.03; 0.00; 0.00; 0; 0; 0; 0; 0; 0; 0
2016/04/30; 12:49:31; -5.5; -3.5; -4.5; -4.6; 11.2; 0; 0; 0; 1; 0.01; 0.03; 0.00; 0.00; 0; 0; 0; 0; 0; 0; 0
2016/04/30; 12:49:41; -5.5; -3.5; -4.5; -4.6; 11.2; 0; 0; 0; 1; 0.01; 0.03; 0.00; 0.00; 0; 0; 0; 0; 0; 0; 0
2016/04/30; 12:49:51; -5.5; -3.5; -4.5; -4.6; 11.2; 0; 0; 0; 0; 0.01; 0.03; 0.00; 0.00; 0; 0; 0; 0; 0; 0; 0
2016/04/30; 12:50:01; -5.5; -3.5; -4.5; -4.5; 11.2; 0; 0; 0; 59; 0.01; 0.03; 0.00; 0.00; 0; 0; 0; 0; 0; 0; 0
2016/04/30; 12:50:12; -5.5; -3.5; -4.5; -4.6; 11.2; 0; 0; 0; 1; 0.01; 0.03; 0.00; 0.00; 0; 0; 0; 0; 0; 0; 0
2016/04/30; 12:50:22; -5.5; -3.5; -4.5; -4.6; 11.2; 0; 0; 0; 0; 0.01; 0.03; 0.00; 0.00; 0; 0; 0; 0; 0; 0; 0
2016/04/30; 12:50:32; -5.5; -3.5; -4.5; -4.6; 11.2; 0; 0; 0; 0; 0.01; 0.03; 0.00; 0.00; 0; 0; 0; 0; 0; 0; 0
2016/04/30; 12:50:42; -5.5; -3.5; -4.5; -4.6; 11.2; 0; 0; 0; 1; 0.01; 0.03; 0.00; 0.00; 0; 0; 0; 0; 0; 0; 0
2016/04/30; 12:50:52; -5.5; -3.5; -4.5; -4.6; 11.2; 0; 0; 0; 1; 0.01; 0.03; 0.00; 0.00; 0; 0; 0; 0; 0; 0; 0
2016/04/30; 12:51:02; -5.5; -3.5; -4.5; -4.6; 11.2; 0; 0; 0; 1; 0.01; 0.03; 0.00; 0.00; 0; 0; 0; 0; 0; 0; 0
2016/04/30; 12:51:13; -5.5; -3.5; -4.5; -4.5; 11.2; 0; 0; 0; 1; 0.01; 0.03; 0.00; 0.00; 0; 0; 0; 0; 0; 0; 0
2016/04/30; 12:51:23; -5.5; -3.4; -4.5; -4.6; 11.2; 0; 64; 0; 3; 0.01; 0.03; 0.00; 0.00; 0; 0; 0; 0; 0; 0; 0
2016/04/30; 12:51:33; -5.5; -3.4; -4.5; -4.5; 11.2; 0; 0; 0; 1; 0.01; 0.03; 0.00; 0.00; 0; 0; 0; 0; 0; 0; 0
2016/04/30; 12:51:43; -5.5; -3.5; -4.5; -4.5; 11.2; 0; 0; 0; 1; 0.01; 0.03; 0.00; 0.00; 0; 0; 0; 0; 0; 0; 0
2016/04/30; 12:51:53; -5.5; -3.5; -4.5; -4.5; 11.2; 0; 0; 61; 1; 0.01; 0.03; 0.00; 0.00; 0; 0; 0; 0; 0; 0; 0
2016/04/30; 12:52:03; -5.5; -3.5; -4.5; -4.5; 11.2; 0; 0; 0; 1; 0.01; 0.03; 0.00; 0.00; 0; 0; 0; 0; 0; 0; 0
2016/04/30; 12:52:14; -5.4; -3.5; -4.5; -4.5; 11.2; 65; 0; 0; 1; 0.01; 0.03; 0.00; 0.00; 0; 0; 0; 0; 0; 0; 0
2016/04/30; 12:52:24; -5.5; -3.5; -4.5; -4.5; 11.2; 0; 0; 0; 1; 0.01; 0.03; 0.00; 0.00; 0; 0; 0; 0; 0; 0; 0
2016/04/30; 12:52:34; -5.4; -3.5; -4.5; -4.5; 11.2; 0; 0; 0; 1; 0.01; 0.03; 0.00; 0.00; 0; 0; 0; 0; 0; 0; 0
2016/04/30; 12:52:44; -5.4; -3.5; -4.5; -4.5; 11.2; 0; 0; 0; 0; 0.01; 0.03; 0.00; 0.00; 0; 0; 0; 0; 0; 0; 0
2016/04/30; 12:52:54; -5.5; -3.5; -4.5; -4.5; 11.2; 0; 0; 0; 1; 0.01; 0.03; 0.00; 0.00; 0; 0; 0; 0; 0; 0; 0
2016/04/30; 12:53:04; -5.5; -3.5; -4.5; -4.5; 11.1; 0; 0; 0; 60; 0.01; 0.03; 0.00; 0.00; 0; 0; 0; 0; 0; 0; 0
2016/04/30; 12:53:14; -5.5; -3.4; -4.5; -4.5; 11.1; 0; 0; 0; 0; 0.01; 0.03; 0.00; 0.00; 0; 0; 0; 0; 0; 0; 0
2016/04/30; 12:53:25; -5.5; -3.5; -4.4; -4.5; 11.1; 0; 0; 0; 1; 0.01; 0.03; 0.00; 0.00; 0; 0; 0; 0; 0; 0; 0
2016/04/30; 12:53:35; -5.4; -3.4; -4.4; -4.5; 11.1; 0; 0; 0; 0; 0.01; 0.03; 0.00; 0.00; 0; 0; 0; 0; 0; 0; 0
2016/04/30; 12:53:45; -5.4; -3.4; -4.4; -4.5; 11.1; 0; 0; 0; 1; 0.01; 0.03; 0.00; 0.00; 0; 0; 0; 0; 0; 0; 0
2016/04/30; 12:53:55; -5.4; -3.4; -4.4; -4.5; 11.2; 0; 0; 0; 0; 0.01; 0.03; 0.00; 0.00; 0; 0; 0; 0; 0; 0; 0
2016/04/30; 12:54:05; -5.4; -3.4; -4.4; -4.5; 11.1; 0; 0; 0; 1; 0.01; 0.03; 0.00; 0.00; 0; 0; 0; 0; 0; 0; 0
2016/04/30; 12:54:15; -5.4; -3.4; -4.4; -4.5; 11.1; 0; 0; 0; 1; 0.01; 0.03; 0.00; 0.00; 0; 0; 0; 0; 0; 0; 0
2016/04/30; 12:54:26; -5.4; -3.4; -4.4; -4.5; 11.1; 0; 0; 0; 0; 0.01; 0.03; 0.00; 0.00; 0; 0; 0; 0; 0; 0; 0
2016/04/30; 12:54:36; -5.4; -3.4; -4.4; -4.5; 11.1; 0; 62; 0; 1; 0.01; 0.03; 0.00; 0.00; 0; 0; 0; 0; 0; 0; 0
2016/04/30; 12:54:46; -5.4; -3.4; -4.4; -4.5; 11.1; 0; 0; 0; 0; 0.01; 0.03; 0.00; 0.00; 0; 0; 0; 0; 0; 0; 0
2016/04/30; 12:54:56; -5.4; -3.4; -4.4; -4.5; 11.1; 0; 0; 63; 0; 0.01; 0.03; 0.00; 0.00; 0; 0; 0; 0; 0; 0; 0
2016/04/30; 12:55:06; -5.4; -3.4; -4.4; -4.5; 11.1; 0; 0; 0; 0; 0.01; 0.03; 0.00; 0.00; 0; 0; 0; 0; 0; 0; 0
2016/04/30; 12:55:16; -5.4; -3.4; -4.4; -4.5; 11.2; 0; 0; 0; 1; 0.01; 0.03; 0.00; 0.00; 0; 0; 0; 0; 0; 0; 0
2016/04/30; 12:55:26; -5.4; -3.4; -4.4; -4.4; 11.2; 62; 0; 0; 1; 0.01; 0.03; 0.00; 0.00; 0; 0; 0; 0; 0; 0; 0
2016/04/30; 12:55:37; -5.4; -3.4; -4.4; -4.4; 11.2; 0; 0; 0; 1; 0.01; 0.03; 0.00; 0.00; 0; 0; 0; 0; 0; 0; 0
2016/04/30; 12:55:47; -5.4; -3.4; -4.4; -4.4; 11.2; 0; 0; 0; 1; 0.01; 0.03; 0.00; 0.00; 0; 0; 0; 0; 0; 0; 0
2016/04/30; 12:55:57; -5.4; -3.4; -4.4; -4.4; 11.1; 0; 0; 0; 0; 0.01; 0.03; 0.00; 0.00; 0; 0; 0; 0; 0; 0; 0
2016/04/30; 12:56:07; -5.4; -3.4; -4.4; -4.4; 11.1; 0; 0; 0; 0; 0.01; 0.03; 0.00; 0.00; 0; 0; 0; 0; 0; 0; 0
2016/04/30; 12:56:17; -5.4; -3.4; -4.4; -4.4; 11.1; 0; 0; 0; 59; 0.01; 0.03; 0.00; 0.00; 0; 0; 0; 0; 0; 0; 0
2016/04/30; 12:56:27; -5.4; -3.4; -4.4; -4.4; 11.1; 0; 0; 0; 0; 0.01; 0.03; 0.00; 0.00; 0; 0; 0; 0; 0; 0; 0
2016/04/30; 12:56:38; -5.4; -3.4; -4.4; -4.4; 11.1; 0; 0; 0; 1; 0.01; 0.03; 0.00; 0.00; 0; 0; 0; 0; 0; 0; 0
2016/04/30; 12:56:48; -5.4; -3.4; -4.4; -4.4; 11.1; 0; 0; 0; 1; 0.01; 0.03; 0.00; 0.00; 0; 0; 0; 0; 0; 0; 0
2016/04/30; 12:56:58; -5.4; -3.4; -4.4; -4.4; 11.1; 0; 0; 0; 0; 0.01; 0.03; 0.00; 0.00; 0; 0; 0; 0; 0; 0; 0
2016/04/30; 12:57:08; -5.4; -3.4; -4.4; -4.4; 11.1; 0; 0; 0; 1; 0.01; 0.03; 0.00; 0.00; 0; 0; 0; 0; 0; 0; 0
2016/04/30; 12:57:18; -5.4; -3.4; -4.4; -4.4; 11.1; 0; 0; 0; 1; 0.01; 0.03; 0.00; 0.00; 0; 0; 0; 0; 0; 0; 0
2016/04/30; 12:57:28; -5.4; -3.4; -4.4; -4.4; 11.1; 0; 0; 0; 1; 0.01; 0.03; 0.00; 0.00; 0; 0; 0; 0; 0; 0; 0
2016/04/30; 12:57:39; -5.4; -3.4; -4.4; -4.4; 11.1; 0; 2; 0; 1; 0.01; 0.03; 0.00; 0.00; 0; 0; 0; 0; 0; 0; 0
2016/04/30; 12:57:49; -5.4; -3.4; -4.4; -4.4; 11.1; 0; 62; 0; 1; 0.01; 0.03; 0.00; 0.00; 0; 0; 0; 0; 0; 0; 0
2016/04/30; 12:57:59; -5.3; -3.4; -4.4; -4.4; 11.1; 0; 0; 0; 0; 0.01; 0.03; 0.00; 0.00; 0; 0; 0; 0; 0; 0; 0
2016/04/30; 12:58:09; -5.4; -3.4; -4.4; -4.4; 11.1; 0; 0; 62; 1; 0.01; 0.03; 0.00; 0.00; 0; 0; 0; 0; 0; 0; 0
2016/04/30; 12:58:19; -5.3; -3.4; -4.4; -4.4; 11.1; 0; 0; 1; 0; 0.01; 0.03; 0.00; 0.00; 0; 0; 0; 0; 0; 0; 0
2016/04/30; 12:58:29; -5.3; -3.4; -4.4; -4.4; 11.1; 2; 0; 0; 0; 0.01; 0.03; 0.00; 0.00; 0; 0; 0; 0; 0; 0; 0
2016/04/30; 12:58:40; -5.3; -3.4; -4.4; -4.4; 11.1; 62; 0; 0; 0; 0.01; 0.03; 0.00; 0.00; 0; 0; 0; 0; 0; 0; 0
2016/04/30; 12:58:50; -5.3; -3.4; -4.4; -4.4; 11.1; 0; 0; 0; 1; 0.01; 0.03; 0.00; 0.00; 0; 0; 0; 0; 0; 0; 0
